#
# There is insufficient memory for the Java Runtime Environment to continue.
# Native memory allocation (malloc) failed to allocate 69648 bytes. Error detail: Chunk::new
# Possible reasons:
#   The system is out of physical RAM or swap space
#   This process is running with CompressedOops enabled, and the Java Heap may be blocking the growth of the native heap
# Possible solutions:
#   Reduce memory load on the system
#   Increase physical memory or swap space
#   Check if swap backing store is full
#   Decrease Java heap size (-Xmx/-Xms)
#   Decrease number of Java threads
#   Decrease Java thread stack sizes (-Xss)
#   Set larger code cache with -XX:ReservedCodeCacheSize=
#   JVM is running with Unscaled Compressed Oops mode in which the Java heap is
#     placed in the first 4GB address space. The Java Heap base address is the
#     maximum limit for the native heap growth. Please use -XX:HeapBaseMinAddress
#     to set the Java Heap base and to place the Java Heap above 4GB virtual address.
# This output file may be truncated or incomplete.
#
#  Out of Memory Error (arena.cpp:191), pid=11056, tid=14696
#
# JRE version: OpenJDK Runtime Environment Corretto-17.0.14.7.1 (17.0.14+7) (build 17.0.14+7-LTS)
# Java VM: OpenJDK 64-Bit Server VM Corretto-17.0.14.7.1 (17.0.14+7-LTS, mixed mode, sharing, tiered, compressed oops, compressed class ptrs, g1 gc, windows-amd64)
# No core dump will be written. Minidumps are not enabled by default on client versions of Windows
#

---------------  S U M M A R Y ------------

Command Line: --add-opens=java.base/java.util=ALL-UNNAMED --add-opens=java.base/java.lang=ALL-UNNAMED --add-opens=java.base/java.lang.invoke=ALL-UNNAMED --add-opens=java.prefs/java.util.prefs=ALL-UNNAMED --add-opens=java.base/java.nio.charset=ALL-UNNAMED --add-opens=java.base/java.net=ALL-UNNAMED --add-opens=java.base/java.util.concurrent.atomic=ALL-UNNAMED -XX:MaxMetaspaceSize=384m -XX:+HeapDumpOnOutOfMemoryError -Xms256m -Xmx512m -Dfile.encoding=windows-1251 -Duser.country=RU -Duser.language=ru -Duser.variant -javaagent:C:\Users\MurZuka\.gradle\wrapper\dists\gradle-8.5-bin\5t9huq95ubn472n8rpzujfbqh\gradle-8.5\lib\agents\gradle-instrumentation-agent-8.5.jar org.gradle.launcher.daemon.bootstrap.GradleDaemon 8.5

Host: 12th Gen Intel(R) Core(TM) i5-12400, 12 cores, 15G,  Windows 10 , 64 bit Build 17763 (10.0.17763.7009)
Time: Tue Mar 18 18:44:26 2025 RTZ 2 (зима) elapsed time: 10.396783 seconds (0d 0h 0m 10s)

---------------  T H R E A D  ---------------

Current thread (0x000002a4f6f50f00):  JavaThread "C2 CompilerThread0" daemon [_thread_in_native, id=14696, stack(0x000000a5f8d00000,0x000000a5f8e00000)]


Current CompileTask:
C2:  10396 5874       4       org.objectweb.asm.MethodWriter::computeAllFrames (510 bytes)

Stack: [0x000000a5f8d00000,0x000000a5f8e00000]
Native frames: (J=compiled Java code, j=interpreted, Vv=VM code, C=native code)
V  [jvm.dll+0x681069]
V  [jvm.dll+0x838cca]
V  [jvm.dll+0x83a78e]
V  [jvm.dll+0x83adf3]
V  [jvm.dll+0x24826f]
V  [jvm.dll+0xac9f4]
V  [jvm.dll+0xad03c]
V  [jvm.dll+0x6cf45b]
V  [jvm.dll+0x1bd631]
V  [jvm.dll+0x21a909]
V  [jvm.dll+0x219bf1]
V  [jvm.dll+0x1a599d]
V  [jvm.dll+0x22994d]
V  [jvm.dll+0x227adc]
V  [jvm.dll+0x7edb77]
V  [jvm.dll+0x7e7f6c]
V  [jvm.dll+0x67ff37]
C  [ucrtbase.dll+0x2268a]
C  [KERNEL32.DLL+0x17ac4]
C  [ntdll.dll+0x5a8c1]


---------------  P R O C E S S  ---------------

Threads class SMR info:
_java_thread_list=0x000002a4fdb11810, length=63, elements={
0x000002a4e9011ce0, 0x000002a4f6f32ce0, 0x000002a4f6f33a70, 0x000002a4f6f48370,
0x000002a4f6f4bc60, 0x000002a4f6f4c530, 0x000002a4f6f4ce00, 0x000002a4f6f50f00,
0x000002a4f6f518c0, 0x000002a4fb108090, 0x000002a4fb1c8830, 0x000002a4fb359410,
0x000002a4fd3f87a0, 0x000002a4fcf51ec0, 0x000002a4fc8d3db0, 0x000002a4fd00c2e0,
0x000002a4fd72a140, 0x000002a4fccce0f0, 0x000002a4fd53d740, 0x000002a4fd197560,
0x000002a4fd1998d0, 0x000002a4fd1993c0, 0x000002a4fd197f80, 0x000002a4fd198eb0,
0x000002a4fd198490, 0x000002a4fd199de0, 0x000002a4fd197050, 0x000002a4fd197a70,
0x000002a4a46131d0, 0x000002a4a4614b20, 0x000002a4a4610e60, 0x000002a4a460ff30,
0x000002a4a46136e0, 0x000002a4a4610440, 0x000002a4a4614100, 0x000002a4a4615030,
0x000002a4a4610950, 0x000002a4a4613bf0, 0x000002a4a4611880, 0x000002a4a4611370,
0x000002a4a4612cc0, 0x000002a4a4611d90, 0x000002a4a460f510, 0x000002a4a4615a50,
0x000002a4a46127b0, 0x000002a4a46122a0, 0x000002a4a5cbcca0, 0x000002a4fb85b6b0,
0x000002a4a5cbd1b0, 0x000002a4a5cbd6c0, 0x000002a4a5cb7690, 0x000002a4a5e73020,
0x000002a4fd196b40, 0x000002a4a5cb80b0, 0x000002a4a5cb85c0, 0x000002a4a5cbb860,
0x000002a4a5cbdbd0, 0x000002a4a5cbb350, 0x000002a4a5cb7180, 0x000002a4a5cb7ba0,
0x000002a4a5cb8fe0, 0x000002a4a5cbe0e0, 0x000002a4a5cb8ad0
}

Java Threads: ( => current thread )
  0x000002a4e9011ce0 JavaThread "main" [_thread_blocked, id=2936, stack(0x000000a5f8000000,0x000000a5f8100000)]
  0x000002a4f6f32ce0 JavaThread "Reference Handler" daemon [_thread_blocked, id=16604, stack(0x000000a5f8700000,0x000000a5f8800000)]
  0x000002a4f6f33a70 JavaThread "Finalizer" daemon [_thread_blocked, id=8484, stack(0x000000a5f8800000,0x000000a5f8900000)]
  0x000002a4f6f48370 JavaThread "Signal Dispatcher" daemon [_thread_blocked, id=19096, stack(0x000000a5f8900000,0x000000a5f8a00000)]
  0x000002a4f6f4bc60 JavaThread "Attach Listener" daemon [_thread_blocked, id=3104, stack(0x000000a5f8a00000,0x000000a5f8b00000)]
  0x000002a4f6f4c530 JavaThread "Service Thread" daemon [_thread_blocked, id=772, stack(0x000000a5f8b00000,0x000000a5f8c00000)]
  0x000002a4f6f4ce00 JavaThread "Monitor Deflation Thread" daemon [_thread_blocked, id=2868, stack(0x000000a5f8c00000,0x000000a5f8d00000)]
=>0x000002a4f6f50f00 JavaThread "C2 CompilerThread0" daemon [_thread_in_native, id=14696, stack(0x000000a5f8d00000,0x000000a5f8e00000)]
  0x000002a4f6f518c0 JavaThread "C1 CompilerThread0" daemon [_thread_blocked, id=7720, stack(0x000000a5f8e00000,0x000000a5f8f00000)]
  0x000002a4fb108090 JavaThread "Sweeper thread" daemon [_thread_blocked, id=3148, stack(0x000000a5f8f00000,0x000000a5f9000000)]
  0x000002a4fb1c8830 JavaThread "Common-Cleaner" daemon [_thread_blocked, id=9620, stack(0x000000a5f9000000,0x000000a5f9100000)]
  0x000002a4fb359410 JavaThread "Notification Thread" daemon [_thread_blocked, id=232, stack(0x000000a5f9100000,0x000000a5f9200000)]
  0x000002a4fd3f87a0 JavaThread "Daemon health stats" [_thread_blocked, id=18420, stack(0x000000a5f9a00000,0x000000a5f9b00000)]
  0x000002a4fcf51ec0 JavaThread "Incoming local TCP Connector on port 62494" [_thread_in_native, id=18944, stack(0x000000a5f9b00000,0x000000a5f9c00000)]
  0x000002a4fc8d3db0 JavaThread "Daemon periodic checks" [_thread_blocked, id=1484, stack(0x000000a5f9c00000,0x000000a5f9d00000)]
  0x000002a4fd00c2e0 JavaThread "Daemon" [_thread_blocked, id=18616, stack(0x000000a5f9d00000,0x000000a5f9e00000)]
  0x000002a4fd72a140 JavaThread "Handler for socket connection from /127.0.0.1:62494 to /127.0.0.1:62497" [_thread_in_native, id=9940, stack(0x000000a5f9e00000,0x000000a5f9f00000)]
  0x000002a4fccce0f0 JavaThread "Cancel handler" [_thread_blocked, id=7616, stack(0x000000a5f9f00000,0x000000a5fa000000)]
  0x000002a4fd53d740 JavaThread "Daemon worker" [_thread_in_vm, id=3764, stack(0x000000a5fa000000,0x000000a5fa100000)]
  0x000002a4fd197560 JavaThread "Asynchronous log dispatcher for DefaultDaemonConnection: socket connection from /127.0.0.1:62494 to /127.0.0.1:62497" [_thread_blocked, id=12948, stack(0x000000a5fa100000,0x000000a5fa200000)]
  0x000002a4fd1998d0 JavaThread "Stdin handler" [_thread_blocked, id=3248, stack(0x000000a5fa200000,0x000000a5fa300000)]
  0x000002a4fd1993c0 JavaThread "Daemon client event forwarder" [_thread_blocked, id=5080, stack(0x000000a5fa300000,0x000000a5fa400000)]
  0x000002a4fd197f80 JavaThread "Cache worker for journal cache (C:\Users\MurZuka\.gradle\caches\journal-1)" [_thread_blocked, id=12936, stack(0x000000a5fa400000,0x000000a5fa500000)]
  0x000002a4fd198eb0 JavaThread "File lock request listener" [_thread_in_native, id=16368, stack(0x000000a5fa500000,0x000000a5fa600000)]
  0x000002a4fd198490 JavaThread "Cache worker for file hash cache (C:\Users\MurZuka\.gradle\caches\8.5\fileHashes)" [_thread_blocked, id=18876, stack(0x000000a5fa600000,0x000000a5fa700000)]
  0x000002a4fd199de0 JavaThread "File watcher server" daemon [_thread_in_native, id=1548, stack(0x000000a5fa700000,0x000000a5fa800000)]
  0x000002a4fd197050 JavaThread "File watcher consumer" daemon [_thread_blocked, id=18656, stack(0x000000a5fa800000,0x000000a5fa900000)]
  0x000002a4fd197a70 JavaThread "File lock release action executor" [_thread_blocked, id=18796, stack(0x000000a5fa900000,0x000000a5faa00000)]
  0x000002a4a46131d0 JavaThread "jar transforms" [_thread_blocked, id=6176, stack(0x000000a5faa00000,0x000000a5fab00000)]
  0x000002a4a4614b20 JavaThread "jar transforms Thread 2" [_thread_blocked, id=14632, stack(0x000000a5fab00000,0x000000a5fac00000)]
  0x000002a4a4610e60 JavaThread "jar transforms Thread 3" [_thread_blocked, id=15736, stack(0x000000a5fac00000,0x000000a5fad00000)]
  0x000002a4a460ff30 JavaThread "jar transforms Thread 4" [_thread_blocked, id=18088, stack(0x000000a5fad00000,0x000000a5fae00000)]
  0x000002a4a46136e0 JavaThread "jar transforms Thread 5" [_thread_blocked, id=19084, stack(0x000000a5fae00000,0x000000a5faf00000)]
  0x000002a4a4610440 JavaThread "jar transforms Thread 6" [_thread_blocked, id=5988, stack(0x000000a5faf00000,0x000000a5fb000000)]
  0x000002a4a4614100 JavaThread "jar transforms Thread 7" [_thread_blocked, id=15228, stack(0x000000a5fb000000,0x000000a5fb100000)]
  0x000002a4a4615030 JavaThread "jar transforms Thread 8" [_thread_blocked, id=19300, stack(0x000000a5fb100000,0x000000a5fb200000)]
  0x000002a4a4610950 JavaThread "jar transforms Thread 9" [_thread_blocked, id=1476, stack(0x000000a5fb200000,0x000000a5fb300000)]
  0x000002a4a4613bf0 JavaThread "jar transforms Thread 10" [_thread_blocked, id=5548, stack(0x000000a5fb300000,0x000000a5fb400000)]
  0x000002a4a4611880 JavaThread "jar transforms Thread 11" [_thread_blocked, id=15452, stack(0x000000a5fb400000,0x000000a5fb500000)]
  0x000002a4a4611370 JavaThread "jar transforms Thread 12" [_thread_blocked, id=11868, stack(0x000000a5fb500000,0x000000a5fb600000)]
  0x000002a4a4612cc0 JavaThread "Cache worker for checksums cache (F:\mydocu\java\hexlet\hexlet-assignments\java-spring-boot-ru\response-entity\.gradle\8.5\checksums)" [_thread_blocked, id=6272, stack(0x000000a5fbc00000,0x000000a5fbd00000)]
  0x000002a4a4611d90 JavaThread "Cache worker for file hash cache (F:\mydocu\java\hexlet\hexlet-assignments\java-spring-boot-ru\response-entity\.gradle\8.5\fileHashes)" [_thread_blocked, id=14892, stack(0x000000a5fbd00000,0x000000a5fbe00000)]
  0x000002a4a460f510 JavaThread "Cache worker for cache directory md-supplier (C:\Users\MurZuka\.gradle\caches\8.5\md-supplier)" [_thread_blocked, id=19200, stack(0x000000a5fbe00000,0x000000a5fbf00000)]
  0x000002a4a4615a50 JavaThread "Cache worker for cache directory md-rule (C:\Users\MurZuka\.gradle\caches\8.5\md-rule)" [_thread_blocked, id=11164, stack(0x000000a5fbf00000,0x000000a5fc000000)]
  0x000002a4a46127b0 JavaThread "Cache worker for file content cache (C:\Users\MurZuka\.gradle\caches\8.5\fileContent)" [_thread_blocked, id=10720, stack(0x000000a5fc000000,0x000000a5fc100000)]
  0x000002a4a46122a0 JavaThread "Cache worker for execution history cache (C:\Users\MurZuka\.gradle\caches\8.5\executionHistory)" [_thread_blocked, id=17220, stack(0x000000a5fc100000,0x000000a5fc200000)]
  0x000002a4a5cbcca0 JavaThread "File lock release action executor Thread 2" [_thread_blocked, id=7784, stack(0x000000a5f9300000,0x000000a5f9400000)]
  0x000002a4fb85b6b0 JavaThread "C2 CompilerThread1" daemon [_thread_in_native, id=12460, stack(0x000000a5f9400000,0x000000a5f9500000)]
  0x000002a4a5cbd1b0 JavaThread "Cache worker for kotlin-dsl (C:\Users\MurZuka\.gradle\caches\8.5\kotlin-dsl)" [_thread_blocked, id=18880, stack(0x000000a5fc200000,0x000000a5fc300000)]
  0x000002a4a5cbd6c0 JavaThread "Cache worker for dependencies-accessors (F:\mydocu\java\hexlet\hexlet-assignments\java-spring-boot-ru\response-entity\.gradle\8.5\dependencies-accessors)" [_thread_blocked, id=12544, stack(0x000000a5fc300000,0x000000a5fc400000)]
  0x000002a4a5cb7690 JavaThread "Cache worker for Build Output Cleanup Cache (F:\mydocu\java\hexlet\hexlet-assignments\java-spring-boot-ru\response-entity\.gradle\buildOutputCleanup)" [_thread_blocked, id=15436, stack(0x000000a5fc400000,0x000000a5fc500000)]
  0x000002a4a5e73020 JavaThread "C2 CompilerThread2" daemon [_thread_in_native, id=18968, stack(0x000000a5fc500000,0x000000a5fc600000)]
  0x000002a4fd196b40 JavaThread "Unconstrained build operations" [_thread_blocked, id=16972, stack(0x000000a5fc700000,0x000000a5fc800000)]
  0x000002a4a5cb80b0 JavaThread "Unconstrained build operations Thread 2" [_thread_blocked, id=19008, stack(0x000000a5fc800000,0x000000a5fc900000)]
  0x000002a4a5cb85c0 JavaThread "Unconstrained build operations Thread 3" [_thread_blocked, id=1680, stack(0x000000a5fc900000,0x000000a5fca00000)]
  0x000002a4a5cbb860 JavaThread "Unconstrained build operations Thread 4" [_thread_blocked, id=5244, stack(0x000000a5fca00000,0x000000a5fcb00000)]
  0x000002a4a5cbdbd0 JavaThread "Unconstrained build operations Thread 5" [_thread_blocked, id=1928, stack(0x000000a5fcb00000,0x000000a5fcc00000)]
  0x000002a4a5cbb350 JavaThread "Unconstrained build operations Thread 6" [_thread_blocked, id=1656, stack(0x000000a5fcc00000,0x000000a5fcd00000)]
  0x000002a4a5cb7180 JavaThread "Unconstrained build operations Thread 7" [_thread_blocked, id=1404, stack(0x000000a5fcd00000,0x000000a5fce00000)]
  0x000002a4a5cb7ba0 JavaThread "Unconstrained build operations Thread 8" [_thread_blocked, id=9320, stack(0x000000a5fce00000,0x000000a5fcf00000)]
  0x000002a4a5cb8fe0 JavaThread "Unconstrained build operations Thread 9" [_thread_blocked, id=17972, stack(0x000000a5fcf00000,0x000000a5fd000000)]
  0x000002a4a5cbe0e0 JavaThread "Unconstrained build operations Thread 10" [_thread_blocked, id=17720, stack(0x000000a5fd000000,0x000000a5fd100000)]
  0x000002a4a5cb8ad0 JavaThread "Unconstrained build operations Thread 11" [_thread_blocked, id=2968, stack(0x000000a5fd100000,0x000000a5fd200000)]

Other Threads:
  0x000002a4f6f2f740 VMThread "VM Thread" [stack: 0x000000a5f8600000,0x000000a5f8700000] [id=14388]
  0x000002a4fb3598f0 WatcherThread [stack: 0x000000a5f9200000,0x000000a5f9300000] [id=7800]
  0x000002a4e903f870 GCTaskThread "GC Thread#0" [stack: 0x000000a5f8100000,0x000000a5f8200000] [id=12656]
  0x000002a4fc428460 GCTaskThread "GC Thread#1" [stack: 0x000000a5f9500000,0x000000a5f9600000] [id=3252]
  0x000002a4fc46ae20 GCTaskThread "GC Thread#2" [stack: 0x000000a5f9600000,0x000000a5f9700000] [id=15992]
  0x000002a4fc46b0e0 GCTaskThread "GC Thread#3" [stack: 0x000000a5f9700000,0x000000a5f9800000] [id=6092]
  0x000002a4fc0fa7c0 GCTaskThread "GC Thread#4" [stack: 0x000000a5f9800000,0x000000a5f9900000] [id=1952]
  0x000002a4fc336f80 GCTaskThread "GC Thread#5" [stack: 0x000000a5f9900000,0x000000a5f9a00000] [id=15772]
  0x000002a4fc337500 GCTaskThread "GC Thread#6" [stack: 0x000000a5fb600000,0x000000a5fb700000] [id=10012]
  0x000002a4fc336cc0 GCTaskThread "GC Thread#7" [stack: 0x000000a5fb700000,0x000000a5fb800000] [id=1956]
  0x000002a4fc335f00 GCTaskThread "GC Thread#8" [stack: 0x000000a5fb800000,0x000000a5fb900000] [id=15656]
  0x000002a4fc337a80 GCTaskThread "GC Thread#9" [stack: 0x000000a5fb900000,0x000000a5fba00000] [id=7756]
  0x000002a4e90426b0 ConcurrentGCThread "G1 Main Marker" [stack: 0x000000a5f8200000,0x000000a5f8300000] [id=16192]
  0x000002a4e8edcc90 ConcurrentGCThread "G1 Conc#0" [stack: 0x000000a5f8300000,0x000000a5f8400000] [id=13808]
  0x000002a4fc336740 ConcurrentGCThread "G1 Conc#1" [stack: 0x000000a5fba00000,0x000000a5fbb00000] [id=9740]
  0x000002a4feaa9430 ConcurrentGCThread "G1 Conc#2" [stack: 0x000000a5fbb00000,0x000000a5fbc00000] [id=1528]
  0x000002a4e90be940 ConcurrentGCThread "G1 Refine#0" [stack: 0x000000a5f8400000,0x000000a5f8500000] [id=16732]
  0x000002a4a4bcdb80 ConcurrentGCThread "G1 Refine#1" [stack: 0x000000a5fc600000,0x000000a5fc700000] [id=18104]
  0x000002a4f6ded9c0 ConcurrentGCThread "G1 Service" [stack: 0x000000a5f8500000,0x000000a5f8600000] [id=4640]

Threads with active compile tasks:
C2 CompilerThread0    10405 5874       4       org.objectweb.asm.MethodWriter::computeAllFrames (510 bytes)
C2 CompilerThread1    10405 5922       4       org.objectweb.asm.MethodWriter::visitMethodInsn (191 bytes)
C2 CompilerThread2    10405 5918   !   4       com.google.common.reflect.TypeVisitor::visit (225 bytes)

VM state: not at safepoint (normal execution)

VM Mutex/Monitor currently owned by a thread: None

Heap address: 0x00000000e0000000, size: 512 MB, Compressed Oops mode: 32-bit

CDS archive(s) mapped at: [0x000002a48f000000-0x000002a48fbb0000-0x000002a48fbb0000), size 12255232, SharedBaseAddress: 0x000002a48f000000, ArchiveRelocationMode: 1.
Compressed class space mapped at: 0x000002a490000000-0x000002a4a4000000, reserved size: 335544320
Narrow klass base: 0x000002a48f000000, Narrow klass shift: 0, Narrow klass range: 0x100000000

GC Precious Log:
 CPUs: 12 total, 12 available
 Memory: 16194M
 Large Page Support: Disabled
 NUMA Support: Disabled
 Compressed Oops: Enabled (32-bit)
 Heap Region Size: 1M
 Heap Min Capacity: 256M
 Heap Initial Capacity: 256M
 Heap Max Capacity: 512M
 Pre-touch: Disabled
 Parallel Workers: 10
 Concurrent Workers: 3
 Concurrent Refinement Workers: 10
 Periodic GC: Disabled

Heap:
 garbage-first heap   total 262144K, used 119808K [0x00000000e0000000, 0x0000000100000000)
  region size 1024K, 41 young (41984K), 9 survivors (9216K)
 Metaspace       used 48434K, committed 49024K, reserved 393216K
  class space    used 6873K, committed 7168K, reserved 327680K

Heap Regions: E=young(eden), S=young(survivor), O=old, HS=humongous(starts), HC=humongous(continues), CS=collection set, F=free, OA=open archive, CA=closed archive, TAMS=top-at-mark-start (previous, next)
|   0|0x00000000e0000000, 0x00000000e0100000, 0x00000000e0100000|100%|HS|  |TAMS 0x00000000e0100000, 0x00000000e0000000| Complete 
|   1|0x00000000e0100000, 0x00000000e0200000, 0x00000000e0200000|100%|HC|  |TAMS 0x00000000e0200000, 0x00000000e0100000| Complete 
|   2|0x00000000e0200000, 0x00000000e0300000, 0x00000000e0300000|100%|HC|  |TAMS 0x00000000e0300000, 0x00000000e0200000| Complete 
|   3|0x00000000e0300000, 0x00000000e0400000, 0x00000000e0400000|100%|HC|  |TAMS 0x00000000e0400000, 0x00000000e0300000| Complete 
|   4|0x00000000e0400000, 0x00000000e0500000, 0x00000000e0500000|100%| O|  |TAMS 0x00000000e0500000, 0x00000000e0400000| Untracked 
|   5|0x00000000e0500000, 0x00000000e0600000, 0x00000000e0600000|100%| O|  |TAMS 0x00000000e0600000, 0x00000000e0500000| Untracked 
|   6|0x00000000e0600000, 0x00000000e0700000, 0x00000000e0700000|100%| O|  |TAMS 0x00000000e0700000, 0x00000000e0600000| Untracked 
|   7|0x00000000e0700000, 0x00000000e0800000, 0x00000000e0800000|100%| O|  |TAMS 0x00000000e0800000, 0x00000000e0700000| Untracked 
|   8|0x00000000e0800000, 0x00000000e0900000, 0x00000000e0900000|100%| O|  |TAMS 0x00000000e0900000, 0x00000000e0800000| Untracked 
|   9|0x00000000e0900000, 0x00000000e0a00000, 0x00000000e0a00000|100%| O|  |TAMS 0x00000000e0a00000, 0x00000000e0900000| Untracked 
|  10|0x00000000e0a00000, 0x00000000e0b00000, 0x00000000e0b00000|100%| O|  |TAMS 0x00000000e0a27a00, 0x00000000e0a00000| Untracked 
|  11|0x00000000e0b00000, 0x00000000e0c00000, 0x00000000e0c00000|100%|HS|  |TAMS 0x00000000e0c00000, 0x00000000e0b00000| Complete 
|  12|0x00000000e0c00000, 0x00000000e0d00000, 0x00000000e0d00000|100%|HS|  |TAMS 0x00000000e0d00000, 0x00000000e0c00000| Complete 
|  13|0x00000000e0d00000, 0x00000000e0e00000, 0x00000000e0e00000|100%|HC|  |TAMS 0x00000000e0e00000, 0x00000000e0d00000| Complete 
|  14|0x00000000e0e00000, 0x00000000e0f00000, 0x00000000e0f00000|100%|HS|  |TAMS 0x00000000e0f00000, 0x00000000e0e00000| Complete 
|  15|0x00000000e0f00000, 0x00000000e1000000, 0x00000000e1000000|100%|HC|  |TAMS 0x00000000e1000000, 0x00000000e0f00000| Complete 
|  16|0x00000000e1000000, 0x00000000e1100000, 0x00000000e1100000|100%|HC|  |TAMS 0x00000000e1100000, 0x00000000e1000000| Complete 
|  17|0x00000000e1100000, 0x00000000e1200000, 0x00000000e1200000|100%|HS|  |TAMS 0x00000000e1200000, 0x00000000e1100000| Complete 
|  18|0x00000000e1200000, 0x00000000e1300000, 0x00000000e1300000|100%|HC|  |TAMS 0x00000000e1300000, 0x00000000e1200000| Complete 
|  19|0x00000000e1300000, 0x00000000e1400000, 0x00000000e1400000|100%|HC|  |TAMS 0x00000000e1400000, 0x00000000e1300000| Complete 
|  20|0x00000000e1400000, 0x00000000e1500000, 0x00000000e1500000|100%|HS|  |TAMS 0x00000000e1500000, 0x00000000e1400000| Complete 
|  21|0x00000000e1500000, 0x00000000e1600000, 0x00000000e1600000|100%|HC|  |TAMS 0x00000000e1600000, 0x00000000e1500000| Complete 
|  22|0x00000000e1600000, 0x00000000e1700000, 0x00000000e1700000|100%|HS|  |TAMS 0x00000000e1700000, 0x00000000e1600000| Complete 
|  23|0x00000000e1700000, 0x00000000e1800000, 0x00000000e1800000|100%|HC|  |TAMS 0x00000000e1800000, 0x00000000e1700000| Complete 
|  24|0x00000000e1800000, 0x00000000e1900000, 0x00000000e1900000|100%|HC|  |TAMS 0x00000000e1900000, 0x00000000e1800000| Complete 
|  25|0x00000000e1900000, 0x00000000e1a00000, 0x00000000e1a00000|100%|HC|  |TAMS 0x00000000e1a00000, 0x00000000e1900000| Complete 
|  26|0x00000000e1a00000, 0x00000000e1b00000, 0x00000000e1b00000|100%|HC|  |TAMS 0x00000000e1b00000, 0x00000000e1a00000| Complete 
|  27|0x00000000e1b00000, 0x00000000e1c00000, 0x00000000e1c00000|100%|HC|  |TAMS 0x00000000e1c00000, 0x00000000e1b00000| Complete 
|  28|0x00000000e1c00000, 0x00000000e1d00000, 0x00000000e1d00000|100%|HC|  |TAMS 0x00000000e1d00000, 0x00000000e1c00000| Complete 
|  29|0x00000000e1d00000, 0x00000000e1e00000, 0x00000000e1e00000|100%|HS|  |TAMS 0x00000000e1e00000, 0x00000000e1d00000| Complete 
|  30|0x00000000e1e00000, 0x00000000e1f00000, 0x00000000e1f00000|100%|HS|  |TAMS 0x00000000e1f00000, 0x00000000e1e00000| Complete 
|  31|0x00000000e1f00000, 0x00000000e2000000, 0x00000000e2000000|100%|HC|  |TAMS 0x00000000e2000000, 0x00000000e1f00000| Complete 
|  32|0x00000000e2000000, 0x00000000e2100000, 0x00000000e2100000|100%|HC|  |TAMS 0x00000000e2100000, 0x00000000e2000000| Complete 
|  33|0x00000000e2100000, 0x00000000e2200000, 0x00000000e2200000|100%|HC|  |TAMS 0x00000000e2200000, 0x00000000e2100000| Complete 
|  34|0x00000000e2200000, 0x00000000e2300000, 0x00000000e2300000|100%|HC|  |TAMS 0x00000000e2300000, 0x00000000e2200000| Complete 
|  35|0x00000000e2300000, 0x00000000e2400000, 0x00000000e2400000|100%|HC|  |TAMS 0x00000000e2400000, 0x00000000e2300000| Complete 
|  36|0x00000000e2400000, 0x00000000e2500000, 0x00000000e2500000|100%|HC|  |TAMS 0x00000000e2500000, 0x00000000e2400000| Complete 
|  37|0x00000000e2500000, 0x00000000e2600000, 0x00000000e2600000|100%|HC|  |TAMS 0x00000000e2600000, 0x00000000e2500000| Complete 
|  38|0x00000000e2600000, 0x00000000e2700000, 0x00000000e2700000|100%|HC|  |TAMS 0x00000000e2700000, 0x00000000e2600000| Complete 
|  39|0x00000000e2700000, 0x00000000e2800000, 0x00000000e2800000|100%|HC|  |TAMS 0x00000000e2800000, 0x00000000e2700000| Complete 
|  40|0x00000000e2800000, 0x00000000e2900000, 0x00000000e2900000|100%|HC|  |TAMS 0x00000000e2900000, 0x00000000e2800000| Complete 
|  41|0x00000000e2900000, 0x00000000e2a00000, 0x00000000e2a00000|100%|HS|  |TAMS 0x00000000e2a00000, 0x00000000e2900000| Complete 
|  42|0x00000000e2a00000, 0x00000000e2b00000, 0x00000000e2b00000|100%|HC|  |TAMS 0x00000000e2b00000, 0x00000000e2a00000| Complete 
|  43|0x00000000e2b00000, 0x00000000e2c00000, 0x00000000e2c00000|100%|HS|  |TAMS 0x00000000e2b00000, 0x00000000e2b00000| Complete 
|  44|0x00000000e2c00000, 0x00000000e2d00000, 0x00000000e2d00000|100%|HC|  |TAMS 0x00000000e2c00000, 0x00000000e2c00000| Complete 
|  45|0x00000000e2d00000, 0x00000000e2e00000, 0x00000000e2e00000|100%|HC|  |TAMS 0x00000000e2d00000, 0x00000000e2d00000| Complete 
|  46|0x00000000e2e00000, 0x00000000e2e00000, 0x00000000e2f00000|  0%| F|  |TAMS 0x00000000e2e00000, 0x00000000e2e00000| Untracked 
|  47|0x00000000e2f00000, 0x00000000e2f00000, 0x00000000e3000000|  0%| F|  |TAMS 0x00000000e2f00000, 0x00000000e2f00000| Untracked 
|  48|0x00000000e3000000, 0x00000000e3100000, 0x00000000e3100000|100%| O|  |TAMS 0x00000000e3000000, 0x00000000e3000000| Untracked 
|  49|0x00000000e3100000, 0x00000000e3200000, 0x00000000e3200000|100%| O|  |TAMS 0x00000000e3100000, 0x00000000e3100000| Untracked 
|  50|0x00000000e3200000, 0x00000000e3300000, 0x00000000e3300000|100%| O|  |TAMS 0x00000000e3200000, 0x00000000e3200000| Untracked 
|  51|0x00000000e3300000, 0x00000000e3400000, 0x00000000e3400000|100%| O|  |TAMS 0x00000000e3300000, 0x00000000e3300000| Untracked 
|  52|0x00000000e3400000, 0x00000000e3500000, 0x00000000e3500000|100%| O|  |TAMS 0x00000000e3400000, 0x00000000e3400000| Untracked 
|  53|0x00000000e3500000, 0x00000000e3600000, 0x00000000e3600000|100%| O|  |TAMS 0x00000000e3500000, 0x00000000e3500000| Untracked 
|  54|0x00000000e3600000, 0x00000000e3700000, 0x00000000e3700000|100%| O|  |TAMS 0x00000000e3600000, 0x00000000e3600000| Untracked 
|  55|0x00000000e3700000, 0x00000000e3800000, 0x00000000e3800000|100%| O|  |TAMS 0x00000000e3700000, 0x00000000e3700000| Untracked 
|  56|0x00000000e3800000, 0x00000000e3900000, 0x00000000e3900000|100%| O|  |TAMS 0x00000000e3800000, 0x00000000e3800000| Untracked 
|  57|0x00000000e3900000, 0x00000000e3a00000, 0x00000000e3a00000|100%| O|  |TAMS 0x00000000e3900000, 0x00000000e3900000| Untracked 
|  58|0x00000000e3a00000, 0x00000000e3b00000, 0x00000000e3b00000|100%| O|  |TAMS 0x00000000e3a00000, 0x00000000e3a00000| Untracked 
|  59|0x00000000e3b00000, 0x00000000e3c00000, 0x00000000e3c00000|100%| O|  |TAMS 0x00000000e3b00000, 0x00000000e3b00000| Untracked 
|  60|0x00000000e3c00000, 0x00000000e3d00000, 0x00000000e3d00000|100%|HS|  |TAMS 0x00000000e3c00000, 0x00000000e3c00000| Complete 
|  61|0x00000000e3d00000, 0x00000000e3e00000, 0x00000000e3e00000|100%|HC|  |TAMS 0x00000000e3d00000, 0x00000000e3d00000| Complete 
|  62|0x00000000e3e00000, 0x00000000e3f00000, 0x00000000e3f00000|100%|HC|  |TAMS 0x00000000e3e00000, 0x00000000e3e00000| Complete 
|  63|0x00000000e3f00000, 0x00000000e4000000, 0x00000000e4000000|100%|HS|  |TAMS 0x00000000e3f00000, 0x00000000e3f00000| Complete 
|  64|0x00000000e4000000, 0x00000000e4100000, 0x00000000e4100000|100%|HC|  |TAMS 0x00000000e4000000, 0x00000000e4000000| Complete 
|  65|0x00000000e4100000, 0x00000000e4200000, 0x00000000e4200000|100%|HC|  |TAMS 0x00000000e4100000, 0x00000000e4100000| Complete 
|  66|0x00000000e4200000, 0x00000000e4300000, 0x00000000e4300000|100%|HC|  |TAMS 0x00000000e4200000, 0x00000000e4200000| Complete 
|  67|0x00000000e4300000, 0x00000000e4400000, 0x00000000e4400000|100%|HC|  |TAMS 0x00000000e4300000, 0x00000000e4300000| Complete 
|  68|0x00000000e4400000, 0x00000000e4500000, 0x00000000e4500000|100%|HC|  |TAMS 0x00000000e4400000, 0x00000000e4400000| Complete 
|  69|0x00000000e4500000, 0x00000000e4600000, 0x00000000e4600000|100%|HS|  |TAMS 0x00000000e4500000, 0x00000000e4500000| Complete 
|  70|0x00000000e4600000, 0x00000000e4700000, 0x00000000e4700000|100%| O|  |TAMS 0x00000000e4600000, 0x00000000e4600000| Untracked 
|  71|0x00000000e4700000, 0x00000000e4800000, 0x00000000e4800000|100%| O|  |TAMS 0x00000000e4700000, 0x00000000e4700000| Untracked 
|  72|0x00000000e4800000, 0x00000000e4900000, 0x00000000e4900000|100%| O|  |TAMS 0x00000000e4800000, 0x00000000e4800000| Untracked 
|  73|0x00000000e4900000, 0x00000000e4a00000, 0x00000000e4a00000|100%| O|  |TAMS 0x00000000e4900000, 0x00000000e4900000| Untracked 
|  74|0x00000000e4a00000, 0x00000000e4b00000, 0x00000000e4b00000|100%| O|  |TAMS 0x00000000e4a00000, 0x00000000e4a00000| Untracked 
|  75|0x00000000e4b00000, 0x00000000e4c00000, 0x00000000e4c00000|100%| O|  |TAMS 0x00000000e4b00000, 0x00000000e4b00000| Untracked 
|  76|0x00000000e4c00000, 0x00000000e4d00000, 0x00000000e4d00000|100%| O|  |TAMS 0x00000000e4c00000, 0x00000000e4c00000| Untracked 
|  77|0x00000000e4d00000, 0x00000000e4e00000, 0x00000000e4e00000|100%| O|  |TAMS 0x00000000e4d00000, 0x00000000e4d00000| Untracked 
|  78|0x00000000e4e00000, 0x00000000e4f00000, 0x00000000e4f00000|100%| O|  |TAMS 0x00000000e4e00000, 0x00000000e4e00000| Untracked 
|  79|0x00000000e4f00000, 0x00000000e4f00000, 0x00000000e5000000|  0%| F|  |TAMS 0x00000000e4f00000, 0x00000000e4f00000| Untracked 
|  80|0x00000000e5000000, 0x00000000e5000000, 0x00000000e5100000|  0%| F|  |TAMS 0x00000000e5000000, 0x00000000e5000000| Untracked 
|  81|0x00000000e5100000, 0x00000000e5100000, 0x00000000e5200000|  0%| F|  |TAMS 0x00000000e5100000, 0x00000000e5100000| Untracked 
|  82|0x00000000e5200000, 0x00000000e5200000, 0x00000000e5300000|  0%| F|  |TAMS 0x00000000e5200000, 0x00000000e5200000| Untracked 
|  83|0x00000000e5300000, 0x00000000e5300000, 0x00000000e5400000|  0%| F|  |TAMS 0x00000000e5300000, 0x00000000e5300000| Untracked 
|  84|0x00000000e5400000, 0x00000000e5400000, 0x00000000e5500000|  0%| F|  |TAMS 0x00000000e5400000, 0x00000000e5400000| Untracked 
|  85|0x00000000e5500000, 0x00000000e5500000, 0x00000000e5600000|  0%| F|  |TAMS 0x00000000e5500000, 0x00000000e5500000| Untracked 
|  86|0x00000000e5600000, 0x00000000e5600000, 0x00000000e5700000|  0%| F|  |TAMS 0x00000000e5600000, 0x00000000e5600000| Untracked 
|  87|0x00000000e5700000, 0x00000000e5700000, 0x00000000e5800000|  0%| F|  |TAMS 0x00000000e5700000, 0x00000000e5700000| Untracked 
|  88|0x00000000e5800000, 0x00000000e5800000, 0x00000000e5900000|  0%| F|  |TAMS 0x00000000e5800000, 0x00000000e5800000| Untracked 
|  89|0x00000000e5900000, 0x00000000e5900000, 0x00000000e5a00000|  0%| F|  |TAMS 0x00000000e5900000, 0x00000000e5900000| Untracked 
|  90|0x00000000e5a00000, 0x00000000e5a00000, 0x00000000e5b00000|  0%| F|  |TAMS 0x00000000e5a00000, 0x00000000e5a00000| Untracked 
|  91|0x00000000e5b00000, 0x00000000e5b00000, 0x00000000e5c00000|  0%| F|  |TAMS 0x00000000e5b00000, 0x00000000e5b00000| Untracked 
|  92|0x00000000e5c00000, 0x00000000e5c00000, 0x00000000e5d00000|  0%| F|  |TAMS 0x00000000e5c00000, 0x00000000e5c00000| Untracked 
|  93|0x00000000e5d00000, 0x00000000e5d00000, 0x00000000e5e00000|  0%| F|  |TAMS 0x00000000e5d00000, 0x00000000e5d00000| Untracked 
|  94|0x00000000e5e00000, 0x00000000e5e00000, 0x00000000e5f00000|  0%| F|  |TAMS 0x00000000e5e00000, 0x00000000e5e00000| Untracked 
|  95|0x00000000e5f00000, 0x00000000e5f00000, 0x00000000e6000000|  0%| F|  |TAMS 0x00000000e5f00000, 0x00000000e5f00000| Untracked 
|  96|0x00000000e6000000, 0x00000000e6000000, 0x00000000e6100000|  0%| F|  |TAMS 0x00000000e6000000, 0x00000000e6000000| Untracked 
|  97|0x00000000e6100000, 0x00000000e6100000, 0x00000000e6200000|  0%| F|  |TAMS 0x00000000e6100000, 0x00000000e6100000| Untracked 
|  98|0x00000000e6200000, 0x00000000e6200000, 0x00000000e6300000|  0%| F|  |TAMS 0x00000000e6200000, 0x00000000e6200000| Untracked 
|  99|0x00000000e6300000, 0x00000000e6300000, 0x00000000e6400000|  0%| F|  |TAMS 0x00000000e6300000, 0x00000000e6300000| Untracked 
| 100|0x00000000e6400000, 0x00000000e6400000, 0x00000000e6500000|  0%| F|  |TAMS 0x00000000e6400000, 0x00000000e6400000| Untracked 
| 101|0x00000000e6500000, 0x00000000e6500000, 0x00000000e6600000|  0%| F|  |TAMS 0x00000000e6500000, 0x00000000e6500000| Untracked 
| 102|0x00000000e6600000, 0x00000000e6600000, 0x00000000e6700000|  0%| F|  |TAMS 0x00000000e6600000, 0x00000000e6600000| Untracked 
| 103|0x00000000e6700000, 0x00000000e6700000, 0x00000000e6800000|  0%| F|  |TAMS 0x00000000e6700000, 0x00000000e6700000| Untracked 
| 104|0x00000000e6800000, 0x00000000e6800000, 0x00000000e6900000|  0%| F|  |TAMS 0x00000000e6800000, 0x00000000e6800000| Untracked 
| 105|0x00000000e6900000, 0x00000000e6900000, 0x00000000e6a00000|  0%| F|  |TAMS 0x00000000e6900000, 0x00000000e6900000| Untracked 
| 106|0x00000000e6a00000, 0x00000000e6a00000, 0x00000000e6b00000|  0%| F|  |TAMS 0x00000000e6a00000, 0x00000000e6a00000| Untracked 
| 107|0x00000000e6b00000, 0x00000000e6b00000, 0x00000000e6c00000|  0%| F|  |TAMS 0x00000000e6b00000, 0x00000000e6b00000| Untracked 
| 108|0x00000000e6c00000, 0x00000000e6c00000, 0x00000000e6d00000|  0%| F|  |TAMS 0x00000000e6c00000, 0x00000000e6c00000| Untracked 
| 109|0x00000000e6d00000, 0x00000000e6d00000, 0x00000000e6e00000|  0%| F|  |TAMS 0x00000000e6d00000, 0x00000000e6d00000| Untracked 
| 110|0x00000000e6e00000, 0x00000000e6e00000, 0x00000000e6f00000|  0%| F|  |TAMS 0x00000000e6e00000, 0x00000000e6e00000| Untracked 
| 111|0x00000000e6f00000, 0x00000000e6f00000, 0x00000000e7000000|  0%| F|  |TAMS 0x00000000e6f00000, 0x00000000e6f00000| Untracked 
| 112|0x00000000e7000000, 0x00000000e7000000, 0x00000000e7100000|  0%| F|  |TAMS 0x00000000e7000000, 0x00000000e7000000| Untracked 
| 113|0x00000000e7100000, 0x00000000e7100000, 0x00000000e7200000|  0%| F|  |TAMS 0x00000000e7100000, 0x00000000e7100000| Untracked 
| 114|0x00000000e7200000, 0x00000000e7200000, 0x00000000e7300000|  0%| F|  |TAMS 0x00000000e7200000, 0x00000000e7200000| Untracked 
| 115|0x00000000e7300000, 0x00000000e7300000, 0x00000000e7400000|  0%| F|  |TAMS 0x00000000e7300000, 0x00000000e7300000| Untracked 
| 116|0x00000000e7400000, 0x00000000e7400000, 0x00000000e7500000|  0%| F|  |TAMS 0x00000000e7400000, 0x00000000e7400000| Untracked 
| 117|0x00000000e7500000, 0x00000000e7500000, 0x00000000e7600000|  0%| F|  |TAMS 0x00000000e7500000, 0x00000000e7500000| Untracked 
| 118|0x00000000e7600000, 0x00000000e7600000, 0x00000000e7700000|  0%| F|  |TAMS 0x00000000e7600000, 0x00000000e7600000| Untracked 
| 119|0x00000000e7700000, 0x00000000e7700000, 0x00000000e7800000|  0%| F|  |TAMS 0x00000000e7700000, 0x00000000e7700000| Untracked 
| 120|0x00000000e7800000, 0x00000000e7900000, 0x00000000e7900000|100%| S|CS|TAMS 0x00000000e7800000, 0x00000000e7800000| Complete 
| 121|0x00000000e7900000, 0x00000000e7a00000, 0x00000000e7a00000|100%| S|CS|TAMS 0x00000000e7900000, 0x00000000e7900000| Complete 
| 122|0x00000000e7a00000, 0x00000000e7b00000, 0x00000000e7b00000|100%| S|CS|TAMS 0x00000000e7a00000, 0x00000000e7a00000| Complete 
| 123|0x00000000e7b00000, 0x00000000e7c00000, 0x00000000e7c00000|100%| S|CS|TAMS 0x00000000e7b00000, 0x00000000e7b00000| Complete 
| 124|0x00000000e7c00000, 0x00000000e7d00000, 0x00000000e7d00000|100%| S|CS|TAMS 0x00000000e7c00000, 0x00000000e7c00000| Complete 
| 125|0x00000000e7d00000, 0x00000000e7e00000, 0x00000000e7e00000|100%| S|CS|TAMS 0x00000000e7d00000, 0x00000000e7d00000| Complete 
| 126|0x00000000e7e00000, 0x00000000e7f00000, 0x00000000e7f00000|100%| S|CS|TAMS 0x00000000e7e00000, 0x00000000e7e00000| Complete 
| 127|0x00000000e7f00000, 0x00000000e8000000, 0x00000000e8000000|100%| S|CS|TAMS 0x00000000e7f00000, 0x00000000e7f00000| Complete 
| 128|0x00000000e8000000, 0x00000000e8100000, 0x00000000e8100000|100%| S|CS|TAMS 0x00000000e8000000, 0x00000000e8000000| Complete 
| 129|0x00000000e8100000, 0x00000000e8100000, 0x00000000e8200000|  0%| F|  |TAMS 0x00000000e8100000, 0x00000000e8100000| Untracked 
| 130|0x00000000e8200000, 0x00000000e8200000, 0x00000000e8300000|  0%| F|  |TAMS 0x00000000e8200000, 0x00000000e8200000| Untracked 
| 131|0x00000000e8300000, 0x00000000e8300000, 0x00000000e8400000|  0%| F|  |TAMS 0x00000000e8300000, 0x00000000e8300000| Untracked 
| 132|0x00000000e8400000, 0x00000000e8400000, 0x00000000e8500000|  0%| F|  |TAMS 0x00000000e8400000, 0x00000000e8400000| Untracked 
| 133|0x00000000e8500000, 0x00000000e8500000, 0x00000000e8600000|  0%| F|  |TAMS 0x00000000e8500000, 0x00000000e8500000| Untracked 
| 134|0x00000000e8600000, 0x00000000e8600000, 0x00000000e8700000|  0%| F|  |TAMS 0x00000000e8600000, 0x00000000e8600000| Untracked 
| 135|0x00000000e8700000, 0x00000000e8700000, 0x00000000e8800000|  0%| F|  |TAMS 0x00000000e8700000, 0x00000000e8700000| Untracked 
| 136|0x00000000e8800000, 0x00000000e8800000, 0x00000000e8900000|  0%| F|  |TAMS 0x00000000e8800000, 0x00000000e8800000| Untracked 
| 137|0x00000000e8900000, 0x00000000e8900000, 0x00000000e8a00000|  0%| F|  |TAMS 0x00000000e8900000, 0x00000000e8900000| Untracked 
| 138|0x00000000e8a00000, 0x00000000e8a00000, 0x00000000e8b00000|  0%| F|  |TAMS 0x00000000e8a00000, 0x00000000e8a00000| Untracked 
| 139|0x00000000e8b00000, 0x00000000e8b00000, 0x00000000e8c00000|  0%| F|  |TAMS 0x00000000e8b00000, 0x00000000e8b00000| Untracked 
| 140|0x00000000e8c00000, 0x00000000e8c00000, 0x00000000e8d00000|  0%| F|  |TAMS 0x00000000e8c00000, 0x00000000e8c00000| Untracked 
| 141|0x00000000e8d00000, 0x00000000e8d00000, 0x00000000e8e00000|  0%| F|  |TAMS 0x00000000e8d00000, 0x00000000e8d00000| Untracked 
| 142|0x00000000e8e00000, 0x00000000e8e00000, 0x00000000e8f00000|  0%| F|  |TAMS 0x00000000e8e00000, 0x00000000e8e00000| Untracked 
| 143|0x00000000e8f00000, 0x00000000e8f00000, 0x00000000e9000000|  0%| F|  |TAMS 0x00000000e8f00000, 0x00000000e8f00000| Untracked 
| 144|0x00000000e9000000, 0x00000000e9000000, 0x00000000e9100000|  0%| F|  |TAMS 0x00000000e9000000, 0x00000000e9000000| Untracked 
| 145|0x00000000e9100000, 0x00000000e9100000, 0x00000000e9200000|  0%| F|  |TAMS 0x00000000e9100000, 0x00000000e9100000| Untracked 
| 146|0x00000000e9200000, 0x00000000e9200000, 0x00000000e9300000|  0%| F|  |TAMS 0x00000000e9200000, 0x00000000e9200000| Untracked 
| 147|0x00000000e9300000, 0x00000000e9300000, 0x00000000e9400000|  0%| F|  |TAMS 0x00000000e9300000, 0x00000000e9300000| Untracked 
| 148|0x00000000e9400000, 0x00000000e9400000, 0x00000000e9500000|  0%| F|  |TAMS 0x00000000e9400000, 0x00000000e9400000| Untracked 
| 149|0x00000000e9500000, 0x00000000e9500000, 0x00000000e9600000|  0%| F|  |TAMS 0x00000000e9500000, 0x00000000e9500000| Untracked 
| 150|0x00000000e9600000, 0x00000000e9600000, 0x00000000e9700000|  0%| F|  |TAMS 0x00000000e9600000, 0x00000000e9600000| Untracked 
| 151|0x00000000e9700000, 0x00000000e9700000, 0x00000000e9800000|  0%| F|  |TAMS 0x00000000e9700000, 0x00000000e9700000| Untracked 
| 152|0x00000000e9800000, 0x00000000e9800000, 0x00000000e9900000|  0%| F|  |TAMS 0x00000000e9800000, 0x00000000e9800000| Untracked 
| 153|0x00000000e9900000, 0x00000000e9900000, 0x00000000e9a00000|  0%| F|  |TAMS 0x00000000e9900000, 0x00000000e9900000| Untracked 
| 154|0x00000000e9a00000, 0x00000000e9a00000, 0x00000000e9b00000|  0%| F|  |TAMS 0x00000000e9a00000, 0x00000000e9a00000| Untracked 
| 155|0x00000000e9b00000, 0x00000000e9b00000, 0x00000000e9c00000|  0%| F|  |TAMS 0x00000000e9b00000, 0x00000000e9b00000| Untracked 
| 156|0x00000000e9c00000, 0x00000000e9c00000, 0x00000000e9d00000|  0%| F|  |TAMS 0x00000000e9c00000, 0x00000000e9c00000| Untracked 
| 157|0x00000000e9d00000, 0x00000000e9d00000, 0x00000000e9e00000|  0%| F|  |TAMS 0x00000000e9d00000, 0x00000000e9d00000| Untracked 
| 158|0x00000000e9e00000, 0x00000000e9e00000, 0x00000000e9f00000|  0%| F|  |TAMS 0x00000000e9e00000, 0x00000000e9e00000| Untracked 
| 159|0x00000000e9f00000, 0x00000000e9f00000, 0x00000000ea000000|  0%| F|  |TAMS 0x00000000e9f00000, 0x00000000e9f00000| Untracked 
| 160|0x00000000ea000000, 0x00000000ea000000, 0x00000000ea100000|  0%| F|  |TAMS 0x00000000ea000000, 0x00000000ea000000| Untracked 
| 161|0x00000000ea100000, 0x00000000ea100000, 0x00000000ea200000|  0%| F|  |TAMS 0x00000000ea100000, 0x00000000ea100000| Untracked 
| 162|0x00000000ea200000, 0x00000000ea200000, 0x00000000ea300000|  0%| F|  |TAMS 0x00000000ea200000, 0x00000000ea200000| Untracked 
| 163|0x00000000ea300000, 0x00000000ea300000, 0x00000000ea400000|  0%| F|  |TAMS 0x00000000ea300000, 0x00000000ea300000| Untracked 
| 164|0x00000000ea400000, 0x00000000ea400000, 0x00000000ea500000|  0%| F|  |TAMS 0x00000000ea400000, 0x00000000ea400000| Untracked 
| 165|0x00000000ea500000, 0x00000000ea500000, 0x00000000ea600000|  0%| F|  |TAMS 0x00000000ea500000, 0x00000000ea500000| Untracked 
| 166|0x00000000ea600000, 0x00000000ea600000, 0x00000000ea700000|  0%| F|  |TAMS 0x00000000ea600000, 0x00000000ea600000| Untracked 
| 167|0x00000000ea700000, 0x00000000ea700000, 0x00000000ea800000|  0%| F|  |TAMS 0x00000000ea700000, 0x00000000ea700000| Untracked 
| 168|0x00000000ea800000, 0x00000000ea800000, 0x00000000ea900000|  0%| F|  |TAMS 0x00000000ea800000, 0x00000000ea800000| Untracked 
| 169|0x00000000ea900000, 0x00000000ea900000, 0x00000000eaa00000|  0%| F|  |TAMS 0x00000000ea900000, 0x00000000ea900000| Untracked 
| 170|0x00000000eaa00000, 0x00000000eaa00000, 0x00000000eab00000|  0%| F|  |TAMS 0x00000000eaa00000, 0x00000000eaa00000| Untracked 
| 171|0x00000000eab00000, 0x00000000eab00000, 0x00000000eac00000|  0%| F|  |TAMS 0x00000000eab00000, 0x00000000eab00000| Untracked 
| 172|0x00000000eac00000, 0x00000000eac00000, 0x00000000ead00000|  0%| F|  |TAMS 0x00000000eac00000, 0x00000000eac00000| Untracked 
| 173|0x00000000ead00000, 0x00000000ead00000, 0x00000000eae00000|  0%| F|  |TAMS 0x00000000ead00000, 0x00000000ead00000| Untracked 
| 174|0x00000000eae00000, 0x00000000eae00000, 0x00000000eaf00000|  0%| F|  |TAMS 0x00000000eae00000, 0x00000000eae00000| Untracked 
| 175|0x00000000eaf00000, 0x00000000eaf00000, 0x00000000eb000000|  0%| F|  |TAMS 0x00000000eaf00000, 0x00000000eaf00000| Untracked 
| 176|0x00000000eb000000, 0x00000000eb000000, 0x00000000eb100000|  0%| F|  |TAMS 0x00000000eb000000, 0x00000000eb000000| Untracked 
| 177|0x00000000eb100000, 0x00000000eb100000, 0x00000000eb200000|  0%| F|  |TAMS 0x00000000eb100000, 0x00000000eb100000| Untracked 
| 178|0x00000000eb200000, 0x00000000eb200000, 0x00000000eb300000|  0%| F|  |TAMS 0x00000000eb200000, 0x00000000eb200000| Untracked 
| 179|0x00000000eb300000, 0x00000000eb300000, 0x00000000eb400000|  0%| F|  |TAMS 0x00000000eb300000, 0x00000000eb300000| Untracked 
| 180|0x00000000eb400000, 0x00000000eb400000, 0x00000000eb500000|  0%| F|  |TAMS 0x00000000eb400000, 0x00000000eb400000| Untracked 
| 181|0x00000000eb500000, 0x00000000eb500000, 0x00000000eb600000|  0%| F|  |TAMS 0x00000000eb500000, 0x00000000eb500000| Untracked 
| 182|0x00000000eb600000, 0x00000000eb600000, 0x00000000eb700000|  0%| F|  |TAMS 0x00000000eb600000, 0x00000000eb600000| Untracked 
| 183|0x00000000eb700000, 0x00000000eb700000, 0x00000000eb800000|  0%| F|  |TAMS 0x00000000eb700000, 0x00000000eb700000| Untracked 
| 184|0x00000000eb800000, 0x00000000eb800000, 0x00000000eb900000|  0%| F|  |TAMS 0x00000000eb800000, 0x00000000eb800000| Untracked 
| 185|0x00000000eb900000, 0x00000000eb900000, 0x00000000eba00000|  0%| F|  |TAMS 0x00000000eb900000, 0x00000000eb900000| Untracked 
| 186|0x00000000eba00000, 0x00000000eba00000, 0x00000000ebb00000|  0%| F|  |TAMS 0x00000000eba00000, 0x00000000eba00000| Untracked 
| 187|0x00000000ebb00000, 0x00000000ebb00000, 0x00000000ebc00000|  0%| F|  |TAMS 0x00000000ebb00000, 0x00000000ebb00000| Untracked 
| 188|0x00000000ebc00000, 0x00000000ebc00000, 0x00000000ebd00000|  0%| F|  |TAMS 0x00000000ebc00000, 0x00000000ebc00000| Untracked 
| 189|0x00000000ebd00000, 0x00000000ebd00000, 0x00000000ebe00000|  0%| F|  |TAMS 0x00000000ebd00000, 0x00000000ebd00000| Untracked 
| 190|0x00000000ebe00000, 0x00000000ebe00000, 0x00000000ebf00000|  0%| F|  |TAMS 0x00000000ebe00000, 0x00000000ebe00000| Untracked 
| 191|0x00000000ebf00000, 0x00000000ebf00000, 0x00000000ec000000|  0%| F|  |TAMS 0x00000000ebf00000, 0x00000000ebf00000| Untracked 
| 192|0x00000000ec000000, 0x00000000ec000000, 0x00000000ec100000|  0%| F|  |TAMS 0x00000000ec000000, 0x00000000ec000000| Untracked 
| 193|0x00000000ec100000, 0x00000000ec100000, 0x00000000ec200000|  0%| F|  |TAMS 0x00000000ec100000, 0x00000000ec100000| Untracked 
| 194|0x00000000ec200000, 0x00000000ec200000, 0x00000000ec300000|  0%| F|  |TAMS 0x00000000ec200000, 0x00000000ec200000| Untracked 
| 195|0x00000000ec300000, 0x00000000ec300000, 0x00000000ec400000|  0%| F|  |TAMS 0x00000000ec300000, 0x00000000ec300000| Untracked 
| 196|0x00000000ec400000, 0x00000000ec400000, 0x00000000ec500000|  0%| F|  |TAMS 0x00000000ec400000, 0x00000000ec400000| Untracked 
| 197|0x00000000ec500000, 0x00000000ec500000, 0x00000000ec600000|  0%| F|  |TAMS 0x00000000ec500000, 0x00000000ec500000| Untracked 
| 198|0x00000000ec600000, 0x00000000ec600000, 0x00000000ec700000|  0%| F|  |TAMS 0x00000000ec600000, 0x00000000ec600000| Untracked 
| 199|0x00000000ec700000, 0x00000000ec700000, 0x00000000ec800000|  0%| F|  |TAMS 0x00000000ec700000, 0x00000000ec700000| Untracked 
| 200|0x00000000ec800000, 0x00000000ec800000, 0x00000000ec900000|  0%| F|  |TAMS 0x00000000ec800000, 0x00000000ec800000| Untracked 
| 201|0x00000000ec900000, 0x00000000ec900000, 0x00000000eca00000|  0%| F|  |TAMS 0x00000000ec900000, 0x00000000ec900000| Untracked 
| 202|0x00000000eca00000, 0x00000000eca00000, 0x00000000ecb00000|  0%| F|  |TAMS 0x00000000eca00000, 0x00000000eca00000| Untracked 
| 203|0x00000000ecb00000, 0x00000000ecb00000, 0x00000000ecc00000|  0%| F|  |TAMS 0x00000000ecb00000, 0x00000000ecb00000| Untracked 
| 204|0x00000000ecc00000, 0x00000000ecc00000, 0x00000000ecd00000|  0%| F|  |TAMS 0x00000000ecc00000, 0x00000000ecc00000| Untracked 
| 205|0x00000000ecd00000, 0x00000000ecd00000, 0x00000000ece00000|  0%| F|  |TAMS 0x00000000ecd00000, 0x00000000ecd00000| Untracked 
| 206|0x00000000ece00000, 0x00000000ece00000, 0x00000000ecf00000|  0%| F|  |TAMS 0x00000000ece00000, 0x00000000ece00000| Untracked 
| 207|0x00000000ecf00000, 0x00000000ecf00000, 0x00000000ed000000|  0%| F|  |TAMS 0x00000000ecf00000, 0x00000000ecf00000| Untracked 
| 208|0x00000000ed000000, 0x00000000ed000000, 0x00000000ed100000|  0%| F|  |TAMS 0x00000000ed000000, 0x00000000ed000000| Untracked 
| 209|0x00000000ed100000, 0x00000000ed100000, 0x00000000ed200000|  0%| F|  |TAMS 0x00000000ed100000, 0x00000000ed100000| Untracked 
| 210|0x00000000ed200000, 0x00000000ed200000, 0x00000000ed300000|  0%| F|  |TAMS 0x00000000ed200000, 0x00000000ed200000| Untracked 
| 211|0x00000000ed300000, 0x00000000ed300000, 0x00000000ed400000|  0%| F|  |TAMS 0x00000000ed300000, 0x00000000ed300000| Untracked 
| 212|0x00000000ed400000, 0x00000000ed400000, 0x00000000ed500000|  0%| F|  |TAMS 0x00000000ed400000, 0x00000000ed400000| Untracked 
| 213|0x00000000ed500000, 0x00000000ed500000, 0x00000000ed600000|  0%| F|  |TAMS 0x00000000ed500000, 0x00000000ed500000| Untracked 
| 214|0x00000000ed600000, 0x00000000ed600000, 0x00000000ed700000|  0%| F|  |TAMS 0x00000000ed600000, 0x00000000ed600000| Untracked 
| 215|0x00000000ed700000, 0x00000000ed700000, 0x00000000ed800000|  0%| F|  |TAMS 0x00000000ed700000, 0x00000000ed700000| Untracked 
| 216|0x00000000ed800000, 0x00000000ed800000, 0x00000000ed900000|  0%| F|  |TAMS 0x00000000ed800000, 0x00000000ed800000| Untracked 
| 217|0x00000000ed900000, 0x00000000ed900000, 0x00000000eda00000|  0%| F|  |TAMS 0x00000000ed900000, 0x00000000ed900000| Untracked 
| 218|0x00000000eda00000, 0x00000000eda00000, 0x00000000edb00000|  0%| F|  |TAMS 0x00000000eda00000, 0x00000000eda00000| Untracked 
| 219|0x00000000edb00000, 0x00000000edb00000, 0x00000000edc00000|  0%| F|  |TAMS 0x00000000edb00000, 0x00000000edb00000| Untracked 
| 220|0x00000000edc00000, 0x00000000edc00000, 0x00000000edd00000|  0%| F|  |TAMS 0x00000000edc00000, 0x00000000edc00000| Untracked 
| 221|0x00000000edd00000, 0x00000000edd00000, 0x00000000ede00000|  0%| F|  |TAMS 0x00000000edd00000, 0x00000000edd00000| Untracked 
| 222|0x00000000ede00000, 0x00000000ede00000, 0x00000000edf00000|  0%| F|  |TAMS 0x00000000ede00000, 0x00000000ede00000| Untracked 
| 223|0x00000000edf00000, 0x00000000edf80000, 0x00000000ee000000| 50%| E|  |TAMS 0x00000000edf00000, 0x00000000edf00000| Complete 
| 224|0x00000000ee000000, 0x00000000ee100000, 0x00000000ee100000|100%| E|CS|TAMS 0x00000000ee000000, 0x00000000ee000000| Complete 
| 225|0x00000000ee100000, 0x00000000ee200000, 0x00000000ee200000|100%| E|CS|TAMS 0x00000000ee100000, 0x00000000ee100000| Complete 
| 226|0x00000000ee200000, 0x00000000ee300000, 0x00000000ee300000|100%| E|CS|TAMS 0x00000000ee200000, 0x00000000ee200000| Complete 
| 227|0x00000000ee300000, 0x00000000ee400000, 0x00000000ee400000|100%| E|CS|TAMS 0x00000000ee300000, 0x00000000ee300000| Complete 
| 228|0x00000000ee400000, 0x00000000ee500000, 0x00000000ee500000|100%| E|CS|TAMS 0x00000000ee400000, 0x00000000ee400000| Complete 
| 229|0x00000000ee500000, 0x00000000ee600000, 0x00000000ee600000|100%| E|CS|TAMS 0x00000000ee500000, 0x00000000ee500000| Complete 
| 230|0x00000000ee600000, 0x00000000ee700000, 0x00000000ee700000|100%| E|CS|TAMS 0x00000000ee600000, 0x00000000ee600000| Complete 
| 231|0x00000000ee700000, 0x00000000ee800000, 0x00000000ee800000|100%| E|CS|TAMS 0x00000000ee700000, 0x00000000ee700000| Complete 
| 232|0x00000000ee800000, 0x00000000ee900000, 0x00000000ee900000|100%| E|CS|TAMS 0x00000000ee800000, 0x00000000ee800000| Complete 
| 233|0x00000000ee900000, 0x00000000eea00000, 0x00000000eea00000|100%| E|CS|TAMS 0x00000000ee900000, 0x00000000ee900000| Complete 
| 234|0x00000000eea00000, 0x00000000eeb00000, 0x00000000eeb00000|100%| E|CS|TAMS 0x00000000eea00000, 0x00000000eea00000| Complete 
| 235|0x00000000eeb00000, 0x00000000eec00000, 0x00000000eec00000|100%| E|CS|TAMS 0x00000000eeb00000, 0x00000000eeb00000| Complete 
| 236|0x00000000eec00000, 0x00000000eed00000, 0x00000000eed00000|100%| E|CS|TAMS 0x00000000eec00000, 0x00000000eec00000| Complete 
| 237|0x00000000eed00000, 0x00000000eee00000, 0x00000000eee00000|100%| E|CS|TAMS 0x00000000eed00000, 0x00000000eed00000| Complete 
| 238|0x00000000eee00000, 0x00000000eef00000, 0x00000000eef00000|100%| E|CS|TAMS 0x00000000eee00000, 0x00000000eee00000| Complete 
| 239|0x00000000eef00000, 0x00000000ef000000, 0x00000000ef000000|100%| E|CS|TAMS 0x00000000eef00000, 0x00000000eef00000| Complete 
| 240|0x00000000ef000000, 0x00000000ef100000, 0x00000000ef100000|100%| E|CS|TAMS 0x00000000ef000000, 0x00000000ef000000| Complete 
| 241|0x00000000ef100000, 0x00000000ef200000, 0x00000000ef200000|100%| E|CS|TAMS 0x00000000ef100000, 0x00000000ef100000| Complete 
| 242|0x00000000ef200000, 0x00000000ef300000, 0x00000000ef300000|100%| E|CS|TAMS 0x00000000ef200000, 0x00000000ef200000| Complete 
| 243|0x00000000ef300000, 0x00000000ef400000, 0x00000000ef400000|100%| E|CS|TAMS 0x00000000ef300000, 0x00000000ef300000| Complete 
| 244|0x00000000ef400000, 0x00000000ef500000, 0x00000000ef500000|100%| E|CS|TAMS 0x00000000ef400000, 0x00000000ef400000| Complete 
| 245|0x00000000ef500000, 0x00000000ef600000, 0x00000000ef600000|100%| E|CS|TAMS 0x00000000ef500000, 0x00000000ef500000| Complete 
| 246|0x00000000ef600000, 0x00000000ef700000, 0x00000000ef700000|100%| E|CS|TAMS 0x00000000ef600000, 0x00000000ef600000| Complete 
| 247|0x00000000ef700000, 0x00000000ef800000, 0x00000000ef800000|100%| E|CS|TAMS 0x00000000ef700000, 0x00000000ef700000| Complete 
| 248|0x00000000ef800000, 0x00000000ef900000, 0x00000000ef900000|100%| E|CS|TAMS 0x00000000ef800000, 0x00000000ef800000| Complete 
| 249|0x00000000ef900000, 0x00000000efa00000, 0x00000000efa00000|100%| E|CS|TAMS 0x00000000ef900000, 0x00000000ef900000| Complete 
| 250|0x00000000efa00000, 0x00000000efb00000, 0x00000000efb00000|100%| E|CS|TAMS 0x00000000efa00000, 0x00000000efa00000| Complete 
| 251|0x00000000efb00000, 0x00000000efc00000, 0x00000000efc00000|100%| E|CS|TAMS 0x00000000efb00000, 0x00000000efb00000| Complete 
| 252|0x00000000efc00000, 0x00000000efd00000, 0x00000000efd00000|100%| E|CS|TAMS 0x00000000efc00000, 0x00000000efc00000| Complete 
| 253|0x00000000efd00000, 0x00000000efe00000, 0x00000000efe00000|100%| E|CS|TAMS 0x00000000efd00000, 0x00000000efd00000| Complete 
| 254|0x00000000efe00000, 0x00000000eff00000, 0x00000000eff00000|100%| E|CS|TAMS 0x00000000efe00000, 0x00000000efe00000| Complete 
| 255|0x00000000eff00000, 0x00000000f0000000, 0x00000000f0000000|100%| E|CS|TAMS 0x00000000eff00000, 0x00000000eff00000| Complete 

Card table byte_map: [0x000002a4f3090000,0x000002a4f3190000] _byte_map_base: 0x000002a4f2990000

Marking Bits (Prev, Next): (CMBitMap*) 0x000002a4e903fda0, (CMBitMap*) 0x000002a4e903fde0
 Prev Bits: [0x000002a4f3290000, 0x000002a4f3a90000)
 Next Bits: [0x000002a4f3a90000, 0x000002a4f4290000)

Polling page: 0x000002a4e8da0000

Metaspace:

Usage:
  Non-class:     40.60 MB used.
      Class:      6.71 MB used.
       Both:     47.32 MB used.

Virtual space:
  Non-class space:       64.00 MB reserved,      40.94 MB ( 64%) committed,  1 nodes.
      Class space:      320.00 MB reserved,       7.00 MB (  2%) committed,  1 nodes.
             Both:      384.00 MB reserved,      47.94 MB ( 12%) committed. 

Chunk freelists:
   Non-Class:  6.67 MB
       Class:  8.97 MB
        Both:  15.64 MB

MaxMetaspaceSize: 384.00 MB
CompressedClassSpaceSize: 320.00 MB
Initial GC threshold: 21.00 MB
Current GC threshold: 58.69 MB
CDS: on
MetaspaceReclaimPolicy: balanced
 - commit_granule_bytes: 65536.
 - commit_granule_words: 8192.
 - virtual_space_node_default_size: 8388608.
 - enlarge_chunks_in_place: 1.
 - new_chunks_are_fully_committed: 0.
 - uncommit_free_chunks: 1.
 - use_allocation_guard: 0.
 - handle_deallocations: 1.


Internal statistics:

num_allocs_failed_limit: 6.
num_arena_births: 702.
num_arena_deaths: 0.
num_vsnodes_births: 2.
num_vsnodes_deaths: 0.
num_space_committed: 767.
num_space_uncommitted: 0.
num_chunks_returned_to_freelist: 6.
num_chunks_taken_from_freelist: 2612.
num_chunk_merges: 6.
num_chunk_splits: 1736.
num_chunks_enlarged: 1163.
num_inconsistent_stats: 0.

CodeHeap 'non-profiled nmethods': size=120000Kb used=3005Kb max_used=3092Kb free=116994Kb
 bounds [0x000002a487ad0000, 0x000002a487df0000, 0x000002a48f000000]
CodeHeap 'profiled nmethods': size=120000Kb used=10174Kb max_used=10174Kb free=109825Kb
 bounds [0x000002a480000000, 0x000002a480a00000, 0x000002a487530000]
CodeHeap 'non-nmethods': size=5760Kb used=2323Kb max_used=2369Kb free=3436Kb
 bounds [0x000002a487530000, 0x000002a4877a0000, 0x000002a487ad0000]
 total_blobs=6026 nmethods=5184 adapters=753
 compilation: enabled
              stopped_count=0, restarted_count=0
 full_count=0

Compilation events (20 events):
Event: 10.379 Thread 0x000002a4fb85b6b0 nmethod 5916 0x000002a487d4f310 code [0x000002a487d4f4c0, 0x000002a487d4fc58]
Event: 10.379 Thread 0x000002a4f6f518c0 5919       3       org.gradle.internal.instantiation.generator.AbstractClassGenerator::inspectType (560 bytes)
Event: 10.381 Thread 0x000002a4f6f518c0 nmethod 5919 0x000002a4809e5b90 code [0x000002a4809e6320, 0x000002a4809eb048]
Event: 10.381 Thread 0x000002a4f6f518c0 5921       3       org.objectweb.asm.Type::getSort (19 bytes)
Event: 10.381 Thread 0x000002a4f6f518c0 nmethod 5921 0x000002a4809ec810 code [0x000002a4809ec9a0, 0x000002a4809ecaf8]
Event: 10.382 Thread 0x000002a4f6f518c0 5920       3       org.gradle.internal.instantiation.generator.AsmBackedClassGenerator$ClassBuilderImpl::access$6900 (4 bytes)
Event: 10.382 Thread 0x000002a4fb85b6b0 5922       4       org.objectweb.asm.MethodWriter::visitMethodInsn (191 bytes)
Event: 10.382 Thread 0x000002a4f6f518c0 nmethod 5920 0x000002a4802ac010 code [0x000002a4802ac1a0, 0x000002a4802ac298]
Event: 10.383 Thread 0x000002a4f6f518c0 5924       3       org.gradle.internal.instantiation.generator.AsmBackedClassGenerator$ClassBuilderImpl::access$2900 (4 bytes)
Event: 10.383 Thread 0x000002a4f6f518c0 nmethod 5924 0x000002a480308c90 code [0x000002a480308e20, 0x000002a480308f18]
Event: 10.384 Thread 0x000002a4f6f518c0 5925       3       sun.reflect.generics.tree.TypeVariableSignature::accept (8 bytes)
Event: 10.385 Thread 0x000002a4f6f518c0 nmethod 5925 0x000002a4809ecb90 code [0x000002a4809ecd60, 0x000002a4809ed188]
Event: 10.385 Thread 0x000002a4f6f518c0 5926       3       sun.reflect.generics.visitor.Reifier::visitTypeVariableSignature (18 bytes)
Event: 10.385 Thread 0x000002a4f6f518c0 nmethod 5926 0x000002a4809ed390 code [0x000002a4809ed560, 0x000002a4809ed8e8]
Event: 10.385 Thread 0x000002a4f6f518c0 5927       3       sun.reflect.generics.factory.CoreReflectionFactory::findTypeVariable (11 bytes)
Event: 10.385 Thread 0x000002a4f6f518c0 nmethod 5927 0x000002a4809eda90 code [0x000002a4809edc40, 0x000002a4809ede68]
Event: 10.389 Thread 0x000002a4f6f518c0 5928       3       org.gradle.internal.instantiation.generator.AsmBackedClassGenerator::getServicesForNext (13 bytes)
Event: 10.390 Thread 0x000002a4f6f518c0 nmethod 5928 0x000002a4809edf90 code [0x000002a4809ee140, 0x000002a4809ee3e8]
Event: 10.394 Thread 0x000002a4f6f518c0 5929       3       java.util.TreeMap::compare (32 bytes)
Event: 10.394 Thread 0x000002a4f6f518c0 nmethod 5929 0x000002a4809ee510 code [0x000002a4809ee6e0, 0x000002a4809eeaf8]

GC Heap History (10 events):
Event: 0.366 GC heap before
{Heap before GC invocations=0 (full 0):
 garbage-first heap   total 262144K, used 26624K [0x00000000e0000000, 0x0000000100000000)
  region size 1024K, 23 young (23552K), 0 survivors (0K)
 Metaspace       used 3002K, committed 3136K, reserved 393216K
  class space    used 386K, committed 448K, reserved 327680K
}
Event: 0.370 GC heap after
{Heap after GC invocations=1 (full 0):
 garbage-first heap   total 262144K, used 10819K [0x00000000e0000000, 0x0000000100000000)
  region size 1024K, 3 young (3072K), 3 survivors (3072K)
 Metaspace       used 3002K, committed 3136K, reserved 393216K
  class space    used 386K, committed 448K, reserved 327680K
}
Event: 0.604 GC heap before
{Heap before GC invocations=1 (full 0):
 garbage-first heap   total 262144K, used 38467K [0x00000000e0000000, 0x0000000100000000)
  region size 1024K, 30 young (30720K), 3 survivors (3072K)
 Metaspace       used 4005K, committed 4160K, reserved 393216K
  class space    used 492K, committed 576K, reserved 327680K
}
Event: 0.606 GC heap after
{Heap after GC invocations=2 (full 0):
 garbage-first heap   total 262144K, used 11153K [0x00000000e0000000, 0x0000000100000000)
  region size 1024K, 1 young (1024K), 1 survivors (1024K)
 Metaspace       used 4005K, committed 4160K, reserved 393216K
  class space    used 492K, committed 576K, reserved 327680K
}
Event: 1.912 GC heap before
{Heap before GC invocations=2 (full 0):
 garbage-first heap   total 262144K, used 138129K [0x00000000e0000000, 0x0000000100000000)
  region size 1024K, 123 young (125952K), 1 survivors (1024K)
 Metaspace       used 21192K, committed 21504K, reserved 393216K
  class space    used 3152K, committed 3328K, reserved 327680K
}
Event: 1.916 GC heap after
{Heap after GC invocations=3 (full 0):
 garbage-first heap   total 262144K, used 25073K [0x00000000e0000000, 0x0000000100000000)
  region size 1024K, 13 young (13312K), 13 survivors (13312K)
 Metaspace       used 21192K, committed 21504K, reserved 393216K
  class space    used 3152K, committed 3328K, reserved 327680K
}
Event: 3.064 GC heap before
{Heap before GC invocations=4 (full 0):
 garbage-first heap   total 262144K, used 172529K [0x00000000e0000000, 0x0000000100000000)
  region size 1024K, 124 young (126976K), 13 survivors (13312K)
 Metaspace       used 35597K, committed 35968K, reserved 393216K
  class space    used 4939K, committed 5120K, reserved 327680K
}
Event: 3.072 GC heap after
{Heap after GC invocations=5 (full 0):
 garbage-first heap   total 262144K, used 66557K [0x00000000e0000000, 0x0000000100000000)
  region size 1024K, 11 young (11264K), 11 survivors (11264K)
 Metaspace       used 35597K, committed 35968K, reserved 393216K
  class space    used 4939K, committed 5120K, reserved 327680K
}
Event: 9.692 GC heap before
{Heap before GC invocations=6 (full 0):
 garbage-first heap   total 262144K, used 199677K [0x00000000e0000000, 0x0000000100000000)
  region size 1024K, 127 young (130048K), 11 survivors (11264K)
 Metaspace       used 45594K, committed 46208K, reserved 393216K
  class space    used 6436K, committed 6720K, reserved 327680K
}
Event: 9.699 GC heap after
{Heap after GC invocations=7 (full 0):
 garbage-first heap   total 262144K, used 88064K [0x00000000e0000000, 0x0000000100000000)
  region size 1024K, 9 young (9216K), 9 survivors (9216K)
 Metaspace       used 45594K, committed 46208K, reserved 393216K
  class space    used 6436K, committed 6720K, reserved 327680K
}

Dll operation events (15 events):
Event: 0.004 Loaded shared library C:\Users\MurZuka\.jdks\corretto-17.0.14\bin\java.dll
Event: 0.019 Loaded shared library C:\Users\MurZuka\.jdks\corretto-17.0.14\bin\jsvml.dll
Event: 0.046 Loaded shared library C:\Users\MurZuka\.jdks\corretto-17.0.14\bin\zip.dll
Event: 0.048 Loaded shared library C:\Users\MurZuka\.jdks\corretto-17.0.14\bin\instrument.dll
Event: 0.050 Loaded shared library C:\Users\MurZuka\.jdks\corretto-17.0.14\bin\net.dll
Event: 0.051 Loaded shared library C:\Users\MurZuka\.jdks\corretto-17.0.14\bin\nio.dll
Event: 0.053 Loaded shared library C:\Users\MurZuka\.jdks\corretto-17.0.14\bin\zip.dll
Event: 0.169 Loaded shared library C:\Users\MurZuka\.jdks\corretto-17.0.14\bin\jimage.dll
Event: 0.203 Loaded shared library C:\Users\MurZuka\.jdks\corretto-17.0.14\bin\verify.dll
Event: 0.311 Loaded shared library C:\Users\MurZuka\.gradle\native\c067742578af261105cb4f569cf0c3c89f3d7b1fecec35dd04571415982c5e48\windows-amd64\native-platform.dll
Event: 0.314 Loaded shared library C:\Users\MurZuka\.gradle\native\38dada09dfb8b06ba9b0570ebf7e218e3eb74d4ef43ca46872605cf95ebc2f47\windows-amd64\native-platform-file-events.dll
Event: 0.821 Loaded shared library C:\Users\MurZuka\.jdks\corretto-17.0.14\bin\management.dll
Event: 0.823 Loaded shared library C:\Users\MurZuka\.jdks\corretto-17.0.14\bin\management_ext.dll
Event: 0.948 Loaded shared library C:\Users\MurZuka\.jdks\corretto-17.0.14\bin\extnet.dll
Event: 1.056 Loaded shared library C:\Users\MurZuka\.jdks\corretto-17.0.14\bin\sunmscapi.dll

Deoptimization events (20 events):
Event: 10.110 Thread 0x000002a4a5cb80b0 Uncommon trap: trap_request=0xffffffde fr.pc=0x000002a487bf3ef8 relative=0x0000000000001258
Event: 10.110 Thread 0x000002a4a5cb80b0 Uncommon trap: reason=class_check action=maybe_recompile pc=0x000002a487bf3ef8 method=java.util.concurrent.ConcurrentHashMap.putVal(Ljava/lang/Object;Ljava/lang/Object;Z)Ljava/lang/Object; @ 242 c2
Event: 10.110 Thread 0x000002a4a5cb80b0 DEOPT PACKING pc=0x000002a487bf3ef8 sp=0x000000a5fc8fe540
Event: 10.110 Thread 0x000002a4a5cb80b0 DEOPT UNPACKING pc=0x000002a4875869a3 sp=0x000000a5fc8fe4b0 mode 2
Event: 10.110 Thread 0x000002a4a5cb85c0 Uncommon trap: trap_request=0xffffffde fr.pc=0x000002a487bf3ef8 relative=0x0000000000001258
Event: 10.110 Thread 0x000002a4a5cb85c0 Uncommon trap: reason=class_check action=maybe_recompile pc=0x000002a487bf3ef8 method=java.util.concurrent.ConcurrentHashMap.putVal(Ljava/lang/Object;Ljava/lang/Object;Z)Ljava/lang/Object; @ 242 c2
Event: 10.110 Thread 0x000002a4a5cb85c0 DEOPT PACKING pc=0x000002a487bf3ef8 sp=0x000000a5fc9fd6f0
Event: 10.110 Thread 0x000002a4a5cb85c0 DEOPT UNPACKING pc=0x000002a4875869a3 sp=0x000000a5fc9fd660 mode 2
Event: 10.115 Thread 0x000002a4a5cbb350 DEOPT PACKING pc=0x000002a48046d27c sp=0x000000a5fccfda80
Event: 10.115 Thread 0x000002a4a5cbb350 DEOPT UNPACKING pc=0x000002a487587143 sp=0x000000a5fccfd000 mode 0
Event: 10.149 Thread 0x000002a4a4611880 DEOPT PACKING pc=0x000002a48046d27c sp=0x000000a5fb4fe600
Event: 10.149 Thread 0x000002a4a4611880 DEOPT UNPACKING pc=0x000002a487587143 sp=0x000000a5fb4fdb80 mode 0
Event: 10.284 Thread 0x000002a4fd53d740 Uncommon trap: trap_request=0xffffff45 fr.pc=0x000002a487d7ff50 relative=0x0000000000005050
Event: 10.284 Thread 0x000002a4fd53d740 Uncommon trap: reason=unstable_if action=reinterpret pc=0x000002a487d7ff50 method=org.objectweb.asm.Frame.execute(IILorg/objectweb/asm/Symbol;Lorg/objectweb/asm/SymbolTable;)V @ 1 c2
Event: 10.284 Thread 0x000002a4fd53d740 DEOPT PACKING pc=0x000002a487d7ff50 sp=0x000000a5fa0f3d40
Event: 10.284 Thread 0x000002a4fd53d740 DEOPT UNPACKING pc=0x000002a4875869a3 sp=0x000000a5fa0f3ce8 mode 2
Event: 10.362 Thread 0x000002a4fd53d740 Uncommon trap: trap_request=0xffffff3d fr.pc=0x000002a487cbccf4 relative=0x0000000000000cd4
Event: 10.362 Thread 0x000002a4fd53d740 Uncommon trap: reason=unstable_fused_if action=reinterpret pc=0x000002a487cbccf4 method=org.objectweb.asm.ByteVector.putUTF8(Ljava/lang/String;)Lorg/objectweb/asm/ByteVector; @ 93 c2
Event: 10.362 Thread 0x000002a4fd53d740 DEOPT PACKING pc=0x000002a487cbccf4 sp=0x000000a5fa0f1e80
Event: 10.362 Thread 0x000002a4fd53d740 DEOPT UNPACKING pc=0x000002a4875869a3 sp=0x000000a5fa0f1dd8 mode 2

Classes loaded (20 events):
Event: 10.323 Loading class javax/xml/parsers/DocumentBuilderFactory
Event: 10.323 Loading class javax/xml/parsers/DocumentBuilderFactory done
Event: 10.323 Loading class javax/xml/parsers/FactoryFinder
Event: 10.324 Loading class javax/xml/parsers/FactoryFinder done
Event: 10.325 Loading class javax/xml/parsers/FactoryFinder$1
Event: 10.325 Loading class javax/xml/parsers/FactoryFinder$1 done
Event: 10.326 Loading class com/sun/org/apache/xerces/internal/jaxp/DocumentBuilderFactoryImpl
Event: 10.326 Loading class com/sun/org/apache/xerces/internal/jaxp/DocumentBuilderFactoryImpl done
Event: 10.327 Loading class com/sun/org/apache/xerces/internal/utils/XMLSecurityManager
Event: 10.327 Loading class com/sun/org/apache/xerces/internal/utils/XMLSecurityManager done
Event: 10.327 Loading class com/sun/org/apache/xerces/internal/utils/XMLSecurityManager$Limit
Event: 10.328 Loading class com/sun/org/apache/xerces/internal/utils/XMLSecurityManager$Limit done
Event: 10.328 Loading class com/sun/org/apache/xerces/internal/utils/XMLSecurityManager$NameMap
Event: 10.328 Loading class com/sun/org/apache/xerces/internal/utils/XMLSecurityManager$NameMap done
Event: 10.328 Loading class com/sun/org/apache/xerces/internal/utils/XMLSecurityPropertyManager
Event: 10.328 Loading class com/sun/org/apache/xerces/internal/utils/XMLSecurityPropertyManager done
Event: 10.328 Loading class com/sun/org/apache/xerces/internal/utils/XMLSecurityPropertyManager$State
Event: 10.328 Loading class com/sun/org/apache/xerces/internal/utils/XMLSecurityPropertyManager$State done
Event: 10.328 Loading class com/sun/org/apache/xerces/internal/utils/XMLSecurityPropertyManager$Property
Event: 10.328 Loading class com/sun/org/apache/xerces/internal/utils/XMLSecurityPropertyManager$Property done

Classes unloaded (0 events):
No events

Classes redefined (0 events):
No events

Internal exceptions (20 events):
Event: 9.154 Thread 0x000002a4fd53d740 Exception <a 'java/lang/IncompatibleClassChangeError'{0x00000000eb458ec0}: Found class java.lang.Object, but interface was expected> (0x00000000eb458ec0) 
thrown [s\src\hotspot\share\interpreter\linkResolver.cpp, line 826]
Event: 9.175 Thread 0x000002a4fd53d740 Exception <a 'java/lang/NoSuchMethodError'{0x00000000eb3d1950}: 'int java.lang.invoke.DirectMethodHandle$Holder.invokeStaticInit(java.lang.Object, java.lang.Object, java.lang.Object, java.lang.Object, java.lang.Object)'> (0x00000000eb3d1950) 
thrown [s\src\hotspot\share\interpreter\linkResolver.cpp, line 759]
Event: 9.192 Thread 0x000002a4fd53d740 Exception <a 'java/lang/IncompatibleClassChangeError'{0x00000000eb2ab728}: Found class java.lang.Object, but interface was expected> (0x00000000eb2ab728) 
thrown [s\src\hotspot\share\interpreter\linkResolver.cpp, line 826]
Event: 9.256 Thread 0x000002a4fd53d740 Exception <a 'java/lang/ClassNotFoundException'{0x00000000eab21458}: org/jetbrains/plugins/gradle/model/web/WebConfigurationBeanInfo> (0x00000000eab21458) 
thrown [s\src\hotspot\share\classfile\systemDictionary.cpp, line 256]
Event: 9.256 Thread 0x000002a4fd53d740 Exception <a 'java/lang/ClassNotFoundException'{0x00000000eab29930}: org/jetbrains/plugins/gradle/model/web/WebConfigurationCustomizer> (0x00000000eab29930) 
thrown [s\src\hotspot\share\classfile\systemDictionary.cpp, line 256]
Event: 9.258 Thread 0x000002a4fd53d740 Exception <a 'java/lang/ClassNotFoundException'{0x00000000eab4d198}: org/jetbrains/plugins/gradle/model/scala/ScalaModelBeanInfo> (0x00000000eab4d198) 
thrown [s\src\hotspot\share\classfile\systemDictionary.cpp, line 256]
Event: 9.258 Thread 0x000002a4fd53d740 Exception <a 'java/lang/ClassNotFoundException'{0x00000000eab555d8}: org/jetbrains/plugins/gradle/model/scala/ScalaModelCustomizer> (0x00000000eab555d8) 
thrown [s\src\hotspot\share\classfile\systemDictionary.cpp, line 256]
Event: 9.358 Thread 0x000002a4fd53d740 Exception <a 'java/lang/ClassNotFoundException'{0x00000000ea3b6b38}: org/gradle/api/internal/project/DefaultProject_DecoratedBeanInfo> (0x00000000ea3b6b38) 
thrown [s\src\hotspot\share\classfile\systemDictionary.cpp, line 256]
Event: 9.358 Thread 0x000002a4fd53d740 Exception <a 'java/lang/ClassNotFoundException'{0x00000000ea3c3d80}: org/gradle/api/internal/project/DefaultProjectBeanInfo> (0x00000000ea3c3d80) 
thrown [s\src\hotspot\share\classfile\systemDictionary.cpp, line 256]
Event: 9.359 Thread 0x000002a4fd53d740 Exception <a 'java/lang/ClassNotFoundException'{0x00000000ea3d0a80}: org/gradle/api/internal/project/DefaultProjectCustomizer> (0x00000000ea3d0a80) 
thrown [s\src\hotspot\share\classfile\systemDictionary.cpp, line 256]
Event: 9.362 Thread 0x000002a4fd53d740 Exception <a 'java/lang/ClassNotFoundException'{0x00000000ea286980}: org/gradle/api/internal/project/DefaultProject_DecoratedCustomizer> (0x00000000ea286980) 
thrown [s\src\hotspot\share\classfile\systemDictionary.cpp, line 256]
Event: 9.492 Thread 0x000002a4fd53d740 Exception <a 'java/lang/NoSuchMethodError'{0x00000000e971edb0}: 'long java.lang.invoke.DirectMethodHandle$Holder.invokeStatic(java.lang.Object, long)'> (0x00000000e971edb0) 
thrown [s\src\hotspot\share\interpreter\linkResolver.cpp, line 759]
Event: 9.738 Thread 0x000002a4fd53d740 Exception <a 'java/lang/NoSuchMethodError'{0x00000000efbae888}: 'int java.lang.invoke.DirectMethodHandle$Holder.invokeSpecialIFC(java.lang.Object, java.lang.Object, java.lang.Object)'> (0x00000000efbae888) 
thrown [s\src\hotspot\share\interpreter\linkResolver.cpp, line 759]
Event: 9.797 Thread 0x000002a4fd53d740 Exception <a 'java/lang/NoSuchMethodError'{0x00000000ef7607f8}: 'java.lang.Object java.lang.invoke.DirectMethodHandle$Holder.newInvokeSpecial(java.lang.Object, java.lang.Object, java.lang.Object, java.lang.Object, java.lang.Object, int)'> (0x00000000ef7607f8) 
thrown [s\src\hotspot\share\interpreter\linkResolver.cpp, line 759]
Event: 9.798 Thread 0x000002a4fd53d740 Exception <a 'java/lang/NoSuchMethodError'{0x00000000ef7660b0}: 'java.lang.Object java.lang.invoke.DirectMethodHandle$Holder.invokeSpecial(java.lang.Object, java.lang.Object, java.lang.Object, java.lang.Object, java.lang.Object, java.lang.Object, int)'> (0x00000000ef7660b0) 
thrown [s\src\hotspot\share\interpreter\linkResolver.cpp, line 759]
Event: 9.803 Thread 0x000002a4fd53d740 Exception <a 'java/lang/NoSuchMethodError'{0x00000000ef7ce630}: 'java.lang.Object java.lang.invoke.DirectMethodHandle$Holder.invokeSpecial(java.lang.Object, java.lang.Object, java.lang.Object, java.lang.Object, java.lang.Object, long)'> (0x00000000ef7ce630) 
thrown [s\src\hotspot\share\interpreter\linkResolver.cpp, line 759]
Event: 9.805 Thread 0x000002a4fd53d740 Exception <a 'java/lang/NoSuchMethodError'{0x00000000ef7f04c0}: 'void java.lang.invoke.DirectMethodHandle$Holder.invokeStatic(java.lang.Object, java.lang.Object, java.lang.Object, int, java.lang.Object)'> (0x00000000ef7f04c0) 
thrown [s\src\hotspot\share\interpreter\linkResolver.cpp, line 759]
Event: 10.281 Thread 0x000002a4fd53d740 Exception <a 'java/lang/NoSuchMethodError'{0x00000000ee4238d8}: 'java.lang.Object java.lang.invoke.DirectMethodHandle$Holder.newInvokeSpecial(java.lang.Object, java.lang.Object, java.lang.Object, java.lang.Object, int)'> (0x00000000ee4238d8) 
thrown [s\src\hotspot\share\interpreter\linkResolver.cpp, line 759]
Event: 10.282 Thread 0x000002a4fd53d740 Exception <a 'java/lang/NoSuchMethodError'{0x00000000ee429228}: 'java.lang.Object java.lang.invoke.DirectMethodHandle$Holder.invokeSpecial(java.lang.Object, java.lang.Object, java.lang.Object, java.lang.Object, java.lang.Object, int)'> (0x00000000ee429228) 
thrown [s\src\hotspot\share\interpreter\linkResolver.cpp, line 759]
Event: 10.282 Thread 0x000002a4fd53d740 Exception <a 'java/lang/NoSuchMethodError'{0x00000000ee42e4b0}: 'java.lang.Object java.lang.invoke.Invokers$Holder.linkToTargetMethod(java.lang.Object, java.lang.Object, java.lang.Object, int, java.lang.Object)'> (0x00000000ee42e4b0) 
thrown [s\src\hotspot\share\interpreter\linkResolver.cpp, line 759]

VM Operations (20 events):
Event: 8.939 Executing VM operation: HandshakeAllThreads
Event: 8.939 Executing VM operation: HandshakeAllThreads done
Event: 8.998 Executing VM operation: HandshakeAllThreads
Event: 8.998 Executing VM operation: HandshakeAllThreads done
Event: 8.998 Executing VM operation: Cleanup
Event: 8.998 Executing VM operation: Cleanup done
Event: 9.125 Executing VM operation: HandshakeAllThreads
Event: 9.125 Executing VM operation: HandshakeAllThreads done
Event: 9.312 Executing VM operation: HandshakeAllThreads
Event: 9.312 Executing VM operation: HandshakeAllThreads done
Event: 9.373 Executing VM operation: ICBufferFull
Event: 9.373 Executing VM operation: ICBufferFull done
Event: 9.442 Executing VM operation: HandshakeAllThreads
Event: 9.442 Executing VM operation: HandshakeAllThreads done
Event: 9.692 Executing VM operation: G1CollectForAllocation
Event: 9.699 Executing VM operation: G1CollectForAllocation done
Event: 9.754 Executing VM operation: HandshakeAllThreads
Event: 9.754 Executing VM operation: HandshakeAllThreads done
Event: 10.111 Executing VM operation: ICBufferFull
Event: 10.111 Executing VM operation: ICBufferFull done

Memory protections (0 events):
No events

Nmethod flushes (20 events):
Event: 9.001 Thread 0x000002a4fb108090 flushing  nmethod 0x000002a480724b10
Event: 9.001 Thread 0x000002a4fb108090 flushing  nmethod 0x000002a480733990
Event: 9.001 Thread 0x000002a4fb108090 flushing  nmethod 0x000002a480734510
Event: 9.001 Thread 0x000002a4fb108090 flushing  nmethod 0x000002a48073e490
Event: 9.001 Thread 0x000002a4fb108090 flushing  nmethod 0x000002a48073e890
Event: 9.001 Thread 0x000002a4fb108090 flushing  nmethod 0x000002a480744810
Event: 9.001 Thread 0x000002a4fb108090 flushing  nmethod 0x000002a480745390
Event: 9.001 Thread 0x000002a4fb108090 flushing  nmethod 0x000002a480745b90
Event: 9.001 Thread 0x000002a4fb108090 flushing  nmethod 0x000002a480746610
Event: 9.001 Thread 0x000002a4fb108090 flushing  nmethod 0x000002a480747b10
Event: 9.001 Thread 0x000002a4fb108090 flushing  nmethod 0x000002a480749390
Event: 9.001 Thread 0x000002a4fb108090 flushing  nmethod 0x000002a480757590
Event: 9.001 Thread 0x000002a4fb108090 flushing  nmethod 0x000002a480758610
Event: 9.002 Thread 0x000002a4fb108090 flushing  nmethod 0x000002a480773510
Event: 9.002 Thread 0x000002a4fb108090 flushing  nmethod 0x000002a48078f690
Event: 9.002 Thread 0x000002a4fb108090 flushing  nmethod 0x000002a480790990
Event: 9.002 Thread 0x000002a4fb108090 flushing  nmethod 0x000002a4807a2510
Event: 9.002 Thread 0x000002a4fb108090 flushing  nmethod 0x000002a4807b3a10
Event: 9.002 Thread 0x000002a4fb108090 flushing  nmethod 0x000002a4807ea910
Event: 9.002 Thread 0x000002a4fb108090 flushing  nmethod 0x000002a48081e910

Events (20 events):
Event: 5.178 Thread 0x000002a4f6f518c0 Thread added: 0x000002a4fb38b660
Event: 5.359 Thread 0x000002a4fb38b660 Thread exited: 0x000002a4fb38b660
Event: 6.978 Thread 0x000002a4f6f518c0 Thread added: 0x000002a4fb38b660
Event: 7.623 Thread 0x000002a4fb38b660 Thread exited: 0x000002a4fb38b660
Event: 9.016 Thread 0x000002a4f6f518c0 Thread added: 0x000002a4fb85b6b0
Event: 9.018 Thread 0x000002a4fd53d740 Thread added: 0x000002a4a5cbd1b0
Event: 9.265 Thread 0x000002a4fd53d740 Thread added: 0x000002a4a5cbd6c0
Event: 9.419 Thread 0x000002a4fd53d740 Thread added: 0x000002a4a5cb7690
Event: 9.425 Thread 0x000002a4f6f518c0 Thread added: 0x000002a4a5e73020
Event: 10.109 Thread 0x000002a4fd53d740 Thread added: 0x000002a4fd196b40
Event: 10.109 Thread 0x000002a4fd53d740 Thread added: 0x000002a4a5cb80b0
Event: 10.109 Thread 0x000002a4fd53d740 Thread added: 0x000002a4a5cb85c0
Event: 10.109 Thread 0x000002a4fd53d740 Thread added: 0x000002a4a5cbb860
Event: 10.109 Thread 0x000002a4fd53d740 Thread added: 0x000002a4a5cbdbd0
Event: 10.110 Thread 0x000002a4fd53d740 Thread added: 0x000002a4a5cbb350
Event: 10.110 Thread 0x000002a4fd53d740 Thread added: 0x000002a4a5cb7180
Event: 10.110 Thread 0x000002a4fd53d740 Thread added: 0x000002a4a5cb7ba0
Event: 10.111 Thread 0x000002a4fd53d740 Thread added: 0x000002a4a5cb8fe0
Event: 10.112 Thread 0x000002a4fd53d740 Thread added: 0x000002a4a5cbe0e0
Event: 10.112 Thread 0x000002a4fd53d740 Thread added: 0x000002a4a5cb8ad0


Dynamic libraries:
0x00007ff6d3450000 - 0x00007ff6d345e000 	C:\Users\MurZuka\.jdks\corretto-17.0.14\bin\java.exe
0x00007ffff6710000 - 0x00007ffff68fe000 	C:\Windows\SYSTEM32\ntdll.dll
0x00007ffff3930000 - 0x00007ffff39e3000 	C:\Windows\System32\KERNEL32.DLL
0x00007ffff34e0000 - 0x00007ffff377e000 	C:\Windows\System32\KERNELBASE.dll
0x00007ffff2870000 - 0x00007ffff296a000 	C:\Windows\System32\ucrtbase.dll
0x00007fffe5160000 - 0x00007fffe5177000 	C:\Users\MurZuka\.jdks\corretto-17.0.14\bin\jli.dll
0x00007fffe4680000 - 0x00007fffe469b000 	C:\Users\MurZuka\.jdks\corretto-17.0.14\bin\VCRUNTIME140.dll
0x00007ffff6010000 - 0x00007ffff61a7000 	C:\Windows\System32\USER32.dll
0x00007ffff34c0000 - 0x00007ffff34e0000 	C:\Windows\System32\win32u.dll
0x00007fffe5520000 - 0x00007fffe5799000 	C:\Windows\WinSxS\amd64_microsoft.windows.common-controls_6595b64144ccf1df_6.0.17763.7009_none_de6d20d6534f1306\COMCTL32.dll
0x00007ffff6370000 - 0x00007ffff6399000 	C:\Windows\System32\GDI32.dll
0x00007ffff5de0000 - 0x00007ffff5e7e000 	C:\Windows\System32\msvcrt.dll
0x00007ffff3780000 - 0x00007ffff392c000 	C:\Windows\System32\gdi32full.dll
0x00007ffff27d0000 - 0x00007ffff2870000 	C:\Windows\System32\msvcp_win.dll
0x00007ffff3d60000 - 0x00007ffff408b000 	C:\Windows\System32\combase.dll
0x00007ffff65c0000 - 0x00007ffff66d8000 	C:\Windows\System32\RPCRT4.dll
0x00007ffff2970000 - 0x00007ffff29f2000 	C:\Windows\System32\bcryptPrimitives.dll
0x00007ffff5f30000 - 0x00007ffff5f5e000 	C:\Windows\System32\IMM32.DLL
0x00007fffe9820000 - 0x00007fffe982c000 	C:\Users\MurZuka\.jdks\corretto-17.0.14\bin\vcruntime140_1.dll
0x00007fffdf270000 - 0x00007fffdf2fd000 	C:\Users\MurZuka\.jdks\corretto-17.0.14\bin\msvcp140.dll
0x00007fffc4880000 - 0x00007fffc54ec000 	C:\Users\MurZuka\.jdks\corretto-17.0.14\bin\server\jvm.dll
0x00007ffff5e80000 - 0x00007ffff5f28000 	C:\Windows\System32\ADVAPI32.dll
0x00007ffff5f60000 - 0x00007ffff6002000 	C:\Windows\System32\sechost.dll
0x00007ffff3200000 - 0x00007ffff3226000 	C:\Windows\System32\bcrypt.dll
0x00007ffff26a0000 - 0x00007ffff26fd000 	C:\Windows\System32\POWRPROF.dll
0x00007ffff3cf0000 - 0x00007ffff3d5d000 	C:\Windows\System32\WS2_32.dll
0x00007fffeb090000 - 0x00007fffeb09a000 	C:\Windows\SYSTEM32\VERSION.dll
0x00007fffefe80000 - 0x00007fffefea4000 	C:\Windows\SYSTEM32\WINMM.dll
0x00007fffefcc0000 - 0x00007fffefced000 	C:\Windows\SYSTEM32\WINMMBASE.dll
0x00007ffff3470000 - 0x00007ffff34ba000 	C:\Windows\System32\cfgmgr32.dll
0x00007ffff2750000 - 0x00007ffff2761000 	C:\Windows\System32\kernel.appcore.dll
0x00007fffe9730000 - 0x00007fffe973a000 	C:\Users\MurZuka\.jdks\corretto-17.0.14\bin\jimage.dll
0x00007ffff0e10000 - 0x00007ffff0ffd000 	C:\Windows\SYSTEM32\DBGHELP.DLL
0x00007fffdf930000 - 0x00007fffdf95a000 	C:\Windows\SYSTEM32\dbgcore.DLL
0x00007fffe5440000 - 0x00007fffe544e000 	C:\Users\MurZuka\.jdks\corretto-17.0.14\bin\instrument.dll
0x00007fffdf580000 - 0x00007fffdf5a5000 	C:\Users\MurZuka\.jdks\corretto-17.0.14\bin\java.dll
0x00007fffdc1e0000 - 0x00007fffdc2b7000 	C:\Users\MurZuka\.jdks\corretto-17.0.14\bin\jsvml.dll
0x00007ffff42c0000 - 0x00007ffff57b8000 	C:\Windows\System32\SHELL32.dll
0x00007ffff63a0000 - 0x00007ffff6447000 	C:\Windows\System32\shcore.dll
0x00007ffff2ab0000 - 0x00007ffff31f8000 	C:\Windows\System32\windows.storage.dll
0x00007ffff2720000 - 0x00007ffff2743000 	C:\Windows\System32\profapi.dll
0x00007ffff4260000 - 0x00007ffff42b2000 	C:\Windows\System32\shlwapi.dll
0x00007ffff3450000 - 0x00007ffff346b000 	C:\Windows\System32\cryptsp.dll
0x00007fffe45e0000 - 0x00007fffe45f8000 	C:\Users\MurZuka\.jdks\corretto-17.0.14\bin\zip.dll
0x00007fffdf560000 - 0x00007fffdf579000 	C:\Users\MurZuka\.jdks\corretto-17.0.14\bin\net.dll
0x00007fffe8e60000 - 0x00007fffe8f5d000 	C:\Windows\SYSTEM32\WINHTTP.dll
0x00007ffff1e90000 - 0x00007ffff1ef7000 	C:\Windows\system32\mswsock.dll
0x00007fffdf250000 - 0x00007fffdf266000 	C:\Users\MurZuka\.jdks\corretto-17.0.14\bin\nio.dll
0x00007fffe5320000 - 0x00007fffe5330000 	C:\Users\MurZuka\.jdks\corretto-17.0.14\bin\verify.dll
0x00007fffe27f0000 - 0x00007fffe2817000 	C:\Users\MurZuka\.gradle\native\c067742578af261105cb4f569cf0c3c89f3d7b1fecec35dd04571415982c5e48\windows-amd64\native-platform.dll
0x00007fffcc370000 - 0x00007fffcc4b4000 	C:\Users\MurZuka\.gradle\native\38dada09dfb8b06ba9b0570ebf7e218e3eb74d4ef43ca46872605cf95ebc2f47\windows-amd64\native-platform-file-events.dll
0x00007fffe5240000 - 0x00007fffe5249000 	C:\Users\MurZuka\.jdks\corretto-17.0.14\bin\management.dll
0x00007fffe47f0000 - 0x00007fffe47fb000 	C:\Users\MurZuka\.jdks\corretto-17.0.14\bin\management_ext.dll
0x00007ffff6230000 - 0x00007ffff6238000 	C:\Windows\System32\PSAPI.DLL
0x00007ffff19b0000 - 0x00007ffff19e3000 	C:\Windows\system32\rsaenh.dll
0x00007ffff25a0000 - 0x00007ffff25c9000 	C:\Windows\SYSTEM32\USERENV.dll
0x00007ffff2060000 - 0x00007ffff206c000 	C:\Windows\SYSTEM32\CRYPTBASE.dll
0x00007ffff1b80000 - 0x00007ffff1bbd000 	C:\Windows\SYSTEM32\IPHLPAPI.DLL
0x00007ffff4250000 - 0x00007ffff4258000 	C:\Windows\System32\NSI.dll
0x00007fffebf50000 - 0x00007fffebf66000 	C:\Windows\SYSTEM32\dhcpcsvc6.DLL
0x00007fffecd00000 - 0x00007fffecd1c000 	C:\Windows\SYSTEM32\dhcpcsvc.DLL
0x00007ffff1bc0000 - 0x00007ffff1c86000 	C:\Windows\SYSTEM32\DNSAPI.dll
0x00007fffe0640000 - 0x00007fffe0649000 	C:\Users\MurZuka\.jdks\corretto-17.0.14\bin\extnet.dll
0x00007fffdfc60000 - 0x00007fffdfc6e000 	C:\Users\MurZuka\.jdks\corretto-17.0.14\bin\sunmscapi.dll
0x00007ffff3230000 - 0x00007ffff3441000 	C:\Windows\System32\CRYPT32.dll
0x00007ffff2700000 - 0x00007ffff2712000 	C:\Windows\System32\MSASN1.dll
0x00007ffff2160000 - 0x00007ffff218c000 	C:\Windows\SYSTEM32\ncrypt.dll
0x00007ffff2120000 - 0x00007ffff215c000 	C:\Windows\SYSTEM32\NTASN1.dll
0x00007fffdfa40000 - 0x00007fffdfa47000 	C:\Windows\system32\wshunix.dll

dbghelp: loaded successfully - version: 4.0.5 - missing functions: none
symbol engine: initialized successfully - sym options: 0x614 - pdb path: .;C:\Users\MurZuka\.jdks\corretto-17.0.14\bin;C:\Windows\SYSTEM32;C:\Windows\WinSxS\amd64_microsoft.windows.common-controls_6595b64144ccf1df_6.0.17763.7009_none_de6d20d6534f1306;C:\Users\MurZuka\.jdks\corretto-17.0.14\bin\server;C:\Users\MurZuka\.gradle\native\c067742578af261105cb4f569cf0c3c89f3d7b1fecec35dd04571415982c5e48\windows-amd64;C:\Users\MurZuka\.gradle\native\38dada09dfb8b06ba9b0570ebf7e218e3eb74d4ef43ca46872605cf95ebc2f47\windows-amd64

VM Arguments:
jvm_args: --add-opens=java.base/java.util=ALL-UNNAMED --add-opens=java.base/java.lang=ALL-UNNAMED --add-opens=java.base/java.lang.invoke=ALL-UNNAMED --add-opens=java.prefs/java.util.prefs=ALL-UNNAMED --add-opens=java.base/java.nio.charset=ALL-UNNAMED --add-opens=java.base/java.net=ALL-UNNAMED --add-opens=java.base/java.util.concurrent.atomic=ALL-UNNAMED -XX:MaxMetaspaceSize=384m -XX:+HeapDumpOnOutOfMemoryError -Xms256m -Xmx512m -Dfile.encoding=windows-1251 -Duser.country=RU -Duser.language=ru -Duser.variant -javaagent:C:\Users\MurZuka\.gradle\wrapper\dists\gradle-8.5-bin\5t9huq95ubn472n8rpzujfbqh\gradle-8.5\lib\agents\gradle-instrumentation-agent-8.5.jar 
java_command: org.gradle.launcher.daemon.bootstrap.GradleDaemon 8.5
java_class_path (initial): C:\Users\MurZuka\.gradle\wrapper\dists\gradle-8.5-bin\5t9huq95ubn472n8rpzujfbqh\gradle-8.5\lib\gradle-launcher-8.5.jar
Launcher Type: SUN_STANDARD

[Global flags]
     intx CICompilerCount                          = 4                                         {product} {ergonomic}
   size_t CompressedClassSpaceSize                 = 335544320                                 {product} {ergonomic}
     uint ConcGCThreads                            = 3                                         {product} {ergonomic}
     uint G1ConcRefinementThreads                  = 10                                        {product} {ergonomic}
   size_t G1HeapRegionSize                         = 1048576                                   {product} {ergonomic}
    uintx GCDrainStackTargetSize                   = 64                                        {product} {ergonomic}
     bool HeapDumpOnOutOfMemoryError               = true                                   {manageable} {command line}
   size_t InitialHeapSize                          = 268435456                                 {product} {command line}
   size_t MarkStackSize                            = 4194304                                   {product} {ergonomic}
   size_t MaxHeapSize                              = 536870912                                 {product} {command line}
   size_t MaxMetaspaceSize                         = 402653184                                 {product} {command line}
   size_t MaxNewSize                               = 321912832                                 {product} {ergonomic}
   size_t MinHeapDeltaBytes                        = 1048576                                   {product} {ergonomic}
   size_t MinHeapSize                              = 268435456                                 {product} {command line}
    uintx NonNMethodCodeHeapSize                   = 5839372                                {pd product} {ergonomic}
    uintx NonProfiledCodeHeapSize                  = 122909434                              {pd product} {ergonomic}
    uintx ProfiledCodeHeapSize                     = 122909434                              {pd product} {ergonomic}
    uintx ReservedCodeCacheSize                    = 251658240                              {pd product} {ergonomic}
     bool SegmentedCodeCache                       = true                                      {product} {ergonomic}
   size_t SoftMaxHeapSize                          = 536870912                              {manageable} {ergonomic}
     bool UseCompressedClassPointers               = true                           {product lp64_product} {ergonomic}
     bool UseCompressedOops                        = true                           {product lp64_product} {ergonomic}
     bool UseG1GC                                  = true                                      {product} {ergonomic}
     bool UseLargePagesIndividualAllocation        = false                                  {pd product} {ergonomic}

Logging:
Log output configuration:
 #0: stdout all=warning uptime,level,tags
 #1: stderr all=off uptime,level,tags

Environment Variables:
JAVA_HOME=f:\mydocu\java\jdk21\
PATH=C:\Python313\Scripts\;C:\Python313\;C:\Program Files\Common Files\Oracle\Java\javapath;C:\Program Files (x86)\Common Files\Oracle\Java\javapath;C:\Windows\system32;C:\Windows;C:\Windows\System32\Wbem;C:\Windows\System32\WindowsPowerShell\v1.0\;C:\Windows\System32\OpenSSH\;C:\Program Files (x86)\Intel\OpenCL SDK\2.0\bin\x86;C:\Program Files (x86)\Intel\OpenCL SDK\2.0\bin\x64;C:\Program Files (x86)\Common Files\Acronis\VirtualFile\;C:\Program Files (x86)\Common Files\Acronis\VirtualFile64\;C:\Program Files (x86)\Common Files\Acronis\FileProtector\;C:\Program Files (x86)\Common Files\Acronis\FileProtector64\;C:\Program Files (x86)\Common Files\Acronis\SnapAPI\;C:\Program Files\nodejs\;C:\ProgramData\chocolatey\bin;C:\Program Files\Git\cmd;C:\Users\MurZuka\AppData\Local\Microsoft\WindowsApps;f:\mydocu\java\gradle-8.13\bin\;f:\mydocu\java\jdk21\bin\;C:\Users\MurZuka\AppData\Roaming\npm
USERNAME=MurZuka
OS=Windows_NT
PROCESSOR_IDENTIFIER=Intel64 Family 6 Model 151 Stepping 5, GenuineIntel
TMP=C:\Users\MurZuka\AppData\Local\Temp
TEMP=C:\Users\MurZuka\AppData\Local\Temp



Periodic native trim disabled


---------------  S Y S T E M  ---------------

OS:
 Windows 10 , 64 bit Build 17763 (10.0.17763.7009)
OS uptime: 0 days 9:52 hours

CPU: total 12 (initial active 12) (6 cores per cpu, 2 threads per core) family 6 model 151 stepping 5 microcode 0x1f, cx8, cmov, fxsr, ht, mmx, 3dnowpref, sse, sse2, sse3, ssse3, sse4.1, sse4.2, popcnt, lzcnt, tsc, tscinvbit, avx, avx2, aes, erms, clmul, bmi1, bmi2, adx, sha, fma, vzeroupper, clflush, clflushopt, clwb
Processor Information for all 12 processors :
  Max Mhz: 2496, Current Mhz: 2496, Mhz Limit: 2496

Memory: 4k page, system-wide physical 16194M (4628M free)
TotalPageFile size 18242M (AvailPageFile size 43M)
current process WorkingSet (physical memory assigned to process): 379M, peak: 403M
current process commit charge ("private bytes"): 473M, peak: 503M

vm_info: OpenJDK 64-Bit Server VM (17.0.14+7-LTS) for windows-amd64 JRE (17.0.14+7-LTS), built on Jan  7 2025 20:14:24 by "Administrator" with MS VC++ 16.10 / 16.11 (VS2019)

END.
