#
# There is insufficient memory for the Java Runtime Environment to continue.
# Native memory allocation (malloc) failed to allocate 32744 bytes. Error detail: ChunkPool::allocate
# Possible reasons:
#   The system is out of physical RAM or swap space
#   This process is running with CompressedOops enabled, and the Java Heap may be blocking the growth of the native heap
# Possible solutions:
#   Reduce memory load on the system
#   Increase physical memory or swap space
#   Check if swap backing store is full
#   Decrease Java heap size (-Xmx/-Xms)
#   Decrease number of Java threads
#   Decrease Java thread stack sizes (-Xss)
#   Set larger code cache with -XX:ReservedCodeCacheSize=
#   JVM is running with Unscaled Compressed Oops mode in which the Java heap is
#     placed in the first 4GB address space. The Java Heap base address is the
#     maximum limit for the native heap growth. Please use -XX:HeapBaseMinAddress
#     to set the Java Heap base and to place the Java Heap above 4GB virtual address.
# This output file may be truncated or incomplete.
#
#  Out of Memory Error (arena.cpp:79), pid=4464, tid=16980
#
# JRE version: OpenJDK Runtime Environment Corretto-17.0.14.7.1 (17.0.14+7) (build 17.0.14+7-LTS)
# Java VM: OpenJDK 64-Bit Server VM Corretto-17.0.14.7.1 (17.0.14+7-LTS, mixed mode, sharing, tiered, compressed oops, compressed class ptrs, g1 gc, windows-amd64)
# No core dump will be written. Minidumps are not enabled by default on client versions of Windows
#

---------------  S U M M A R Y ------------

Command Line: --add-opens=java.base/java.util=ALL-UNNAMED --add-opens=java.base/java.lang=ALL-UNNAMED --add-opens=java.base/java.lang.invoke=ALL-UNNAMED --add-opens=java.prefs/java.util.prefs=ALL-UNNAMED --add-opens=java.base/java.nio.charset=ALL-UNNAMED --add-opens=java.base/java.net=ALL-UNNAMED --add-opens=java.base/java.util.concurrent.atomic=ALL-UNNAMED -XX:MaxMetaspaceSize=384m -XX:+HeapDumpOnOutOfMemoryError -Xms256m -Xmx512m -Dfile.encoding=windows-1251 -Duser.country=RU -Duser.language=ru -Duser.variant -javaagent:C:\Users\MurZuka\.gradle\wrapper\dists\gradle-8.7-bin\bhs2wmbdwecv87pi65oeuq5iu\gradle-8.7\lib\agents\gradle-instrumentation-agent-8.7.jar org.gradle.launcher.daemon.bootstrap.GradleDaemon 8.7

Host: 12th Gen Intel(R) Core(TM) i5-12400, 12 cores, 15G,  Windows 10 , 64 bit Build 17763 (10.0.17763.7009)
Time: Tue Mar 18 18:44:26 2025 RTZ 2 (зима) elapsed time: 10.434695 seconds (0d 0h 0m 10s)

---------------  T H R E A D  ---------------

Current thread (0x0000025ee57c2b30):  JavaThread "C2 CompilerThread1" daemon [_thread_in_native, id=16980, stack(0x0000009ea9900000,0x0000009ea9a00000)]


Current CompileTask:
C2:  10434 6239   !   4       com.google.common.reflect.TypeVisitor::visit (225 bytes)

Stack: [0x0000009ea9900000,0x0000009ea9a00000]
Native frames: (J=compiled Java code, j=interpreted, Vv=VM code, C=native code)
V  [jvm.dll+0x681069]
V  [jvm.dll+0x838cca]
V  [jvm.dll+0x83a78e]
V  [jvm.dll+0x83adf3]
V  [jvm.dll+0x24826f]
V  [jvm.dll+0xacbf1]
V  [jvm.dll+0xad03c]
V  [jvm.dll+0x36cc72]
V  [jvm.dll+0x568de9]
V  [jvm.dll+0x331d09]
V  [jvm.dll+0x33117a]
V  [jvm.dll+0x21a7b1]
V  [jvm.dll+0x219bf1]
V  [jvm.dll+0x1a599d]
V  [jvm.dll+0x22994d]
V  [jvm.dll+0x227adc]
V  [jvm.dll+0x7edb77]
V  [jvm.dll+0x7e7f6c]
V  [jvm.dll+0x67ff37]
C  [ucrtbase.dll+0x2268a]
C  [KERNEL32.DLL+0x17ac4]
C  [ntdll.dll+0x5a8c1]


---------------  P R O C E S S  ---------------

Threads class SMR info:
_java_thread_list=0x0000025ee876a370, length=83, elements={
0x0000025eb0c3b9d0, 0x0000025ecbc436b0, 0x0000025ecbc44180, 0x0000025ecbc59c80,
0x0000025ecbc5a750, 0x0000025ecbc5b220, 0x0000025ecbc5ff10, 0x0000025ecbc60bc0,
0x0000025ecbc6ca90, 0x0000025ecbc6db80, 0x0000025ee50f9cc0, 0x0000025ee51bdae0,
0x0000025ee54a0260, 0x0000025ee65928d0, 0x0000025ee7a10940, 0x0000025ee64e1070,
0x0000025ee7829950, 0x0000025ee69fe3d0, 0x0000025ee5d5f5b0, 0x0000025ee73df290,
0x0000025ee73dde50, 0x0000025ee73e01c0, 0x0000025ee73ded80, 0x0000025ee73e0be0,
0x0000025ee73dfcb0, 0x0000025ee73de870, 0x0000025ee73df7a0, 0x0000025ee73dd430,
0x0000025ee73dd940, 0x0000025ee7df6950, 0x0000025ee7df7d90, 0x0000025ee7df5f30,
0x0000025ee7dfa610, 0x0000025ee7df5a20, 0x0000025ee7df4af0, 0x0000025ee7df82a0,
0x0000025ee7df6e60, 0x0000025ee7df9bf0, 0x0000025ee7df7880, 0x0000025ee7df87b0,
0x0000025ee7df5000, 0x0000025ee7df8cc0, 0x0000025ee7df96e0, 0x0000025ee7df91d0,
0x0000025ee7dfa100, 0x0000025ee7df3bc0, 0x0000025ee7dfb540, 0x0000025ee7df5510,
0x0000025ee7df45e0, 0x0000025ee7df6440, 0x0000025ee7df7370, 0x0000025eead5c4e0,
0x0000025eead5bfd0, 0x0000025eead578f0, 0x0000025eead58d30, 0x0000025eead5b0a0,
0x0000025eead58820, 0x0000025eead59240, 0x0000025eead59c60, 0x0000025ee886ad40,
0x0000025ee886a320, 0x0000025ee886a830, 0x0000025ee8869e10, 0x0000025ee7755f50,
0x0000025ee7754600, 0x0000025ee7755a40, 0x0000025ee7754b10, 0x0000025ee8a53700,
0x0000025ee8a53c10, 0x0000025ee8a52ce0, 0x0000025ee8a531f0, 0x0000025ee8a54120,
0x0000025ee8a55c20, 0x0000025ee8a56130, 0x0000025ee8a55200, 0x0000025ee8a55710,
0x0000025ee8a547e0, 0x0000025ee8a54cf0, 0x0000025ee775dde0, 0x0000025ee775d3c0,
0x0000025ee775ed10, 0x0000025ee57c2b30, 0x0000025ee7755020
}

Java Threads: ( => current thread )
  0x0000025eb0c3b9d0 JavaThread "main" [_thread_blocked, id=10176, stack(0x0000009ea3500000,0x0000009ea3600000)]
  0x0000025ecbc436b0 JavaThread "Reference Handler" daemon [_thread_blocked, id=6976, stack(0x0000009ea3c00000,0x0000009ea3d00000)]
  0x0000025ecbc44180 JavaThread "Finalizer" daemon [_thread_blocked, id=4224, stack(0x0000009ea3d00000,0x0000009ea3e00000)]
  0x0000025ecbc59c80 JavaThread "Signal Dispatcher" daemon [_thread_blocked, id=12488, stack(0x0000009ea3e00000,0x0000009ea3f00000)]
  0x0000025ecbc5a750 JavaThread "Attach Listener" daemon [_thread_blocked, id=10928, stack(0x0000009ea3f00000,0x0000009ea4000000)]
  0x0000025ecbc5b220 JavaThread "Service Thread" daemon [_thread_blocked, id=9144, stack(0x0000009ea4000000,0x0000009ea4100000)]
  0x0000025ecbc5ff10 JavaThread "Monitor Deflation Thread" daemon [_thread_blocked, id=2136, stack(0x0000009ea4100000,0x0000009ea4200000)]
  0x0000025ecbc60bc0 JavaThread "C2 CompilerThread0" daemon [_thread_blocked, id=8920, stack(0x0000009ea4200000,0x0000009ea4300000)]
  0x0000025ecbc6ca90 JavaThread "C1 CompilerThread0" daemon [_thread_blocked, id=7996, stack(0x0000009ea4300000,0x0000009ea4400000)]
  0x0000025ecbc6db80 JavaThread "Sweeper thread" daemon [_thread_blocked, id=6340, stack(0x0000009ea4400000,0x0000009ea4500000)]
  0x0000025ee50f9cc0 JavaThread "Common-Cleaner" daemon [_thread_blocked, id=18692, stack(0x0000009ea4500000,0x0000009ea4600000)]
  0x0000025ee51bdae0 JavaThread "Notification Thread" daemon [_thread_blocked, id=3500, stack(0x0000009ea4700000,0x0000009ea4800000)]
  0x0000025ee54a0260 JavaThread "Daemon health stats" [_thread_blocked, id=17728, stack(0x0000009ea4f00000,0x0000009ea5000000)]
  0x0000025ee65928d0 JavaThread "Incoming local TCP Connector on port 62492" [_thread_in_native, id=9744, stack(0x0000009ea5000000,0x0000009ea5100000)]
  0x0000025ee7a10940 JavaThread "Daemon periodic checks" [_thread_blocked, id=19204, stack(0x0000009ea5100000,0x0000009ea5200000)]
  0x0000025ee64e1070 JavaThread "Daemon" [_thread_blocked, id=6344, stack(0x0000009ea5200000,0x0000009ea5300000)]
  0x0000025ee7829950 JavaThread "Handler for socket connection from /127.0.0.1:62492 to /127.0.0.1:62493" [_thread_in_native, id=17816, stack(0x0000009ea5300000,0x0000009ea5400000)]
  0x0000025ee69fe3d0 JavaThread "Cancel handler" [_thread_blocked, id=9564, stack(0x0000009ea5400000,0x0000009ea5500000)]
  0x0000025ee5d5f5b0 JavaThread "Daemon worker" [_thread_in_Java, id=7716, stack(0x0000009ea5500000,0x0000009ea5600000)]
  0x0000025ee73df290 JavaThread "Asynchronous log dispatcher for DefaultDaemonConnection: socket connection from /127.0.0.1:62492 to /127.0.0.1:62493" [_thread_blocked, id=12312, stack(0x0000009ea5600000,0x0000009ea5700000)]
  0x0000025ee73dde50 JavaThread "Stdin handler" [_thread_blocked, id=18048, stack(0x0000009ea5700000,0x0000009ea5800000)]
  0x0000025ee73e01c0 JavaThread "Daemon client event forwarder" [_thread_blocked, id=19108, stack(0x0000009ea5800000,0x0000009ea5900000)]
  0x0000025ee73ded80 JavaThread "Cache worker for journal cache (C:\Users\MurZuka\.gradle\caches\journal-1)" [_thread_blocked, id=1280, stack(0x0000009ea5900000,0x0000009ea5a00000)]
  0x0000025ee73e0be0 JavaThread "File lock request listener" [_thread_in_native, id=1532, stack(0x0000009ea5a00000,0x0000009ea5b00000)]
  0x0000025ee73dfcb0 JavaThread "Cache worker for file hash cache (C:\Users\MurZuka\.gradle\caches\8.7\fileHashes)" [_thread_blocked, id=18612, stack(0x0000009ea5b00000,0x0000009ea5c00000)]
  0x0000025ee73de870 JavaThread "File lock release action executor" [_thread_blocked, id=6384, stack(0x0000009ea5c00000,0x0000009ea5d00000)]
  0x0000025ee73df7a0 JavaThread "Cache worker for file hash cache (F:\mydocu\java\hexlet\hexlet-assignments\java-spring-boot-ru\http-crud\.gradle\8.7\fileHashes)" [_thread_blocked, id=15196, stack(0x0000009ea6100000,0x0000009ea6200000)]
  0x0000025ee73dd430 JavaThread "File watcher server" daemon [_thread_in_native, id=16308, stack(0x0000009ea6200000,0x0000009ea6300000)]
  0x0000025ee73dd940 JavaThread "File watcher consumer" daemon [_thread_blocked, id=8708, stack(0x0000009ea6300000,0x0000009ea6400000)]
  0x0000025ee7df6950 JavaThread "jar transforms" [_thread_blocked, id=2112, stack(0x0000009ea6600000,0x0000009ea6700000)]
  0x0000025ee7df7d90 JavaThread "jar transforms Thread 2" [_thread_blocked, id=18960, stack(0x0000009ea6700000,0x0000009ea6800000)]
  0x0000025ee7df5f30 JavaThread "jar transforms Thread 3" [_thread_blocked, id=15484, stack(0x0000009ea6800000,0x0000009ea6900000)]
  0x0000025ee7dfa610 JavaThread "jar transforms Thread 4" [_thread_blocked, id=13984, stack(0x0000009ea6900000,0x0000009ea6a00000)]
  0x0000025ee7df5a20 JavaThread "jar transforms Thread 5" [_thread_blocked, id=12436, stack(0x0000009ea6a00000,0x0000009ea6b00000)]
  0x0000025ee7df4af0 JavaThread "jar transforms Thread 6" [_thread_blocked, id=5728, stack(0x0000009ea6b00000,0x0000009ea6c00000)]
  0x0000025ee7df82a0 JavaThread "jar transforms Thread 7" [_thread_blocked, id=3972, stack(0x0000009ea6c00000,0x0000009ea6d00000)]
  0x0000025ee7df6e60 JavaThread "jar transforms Thread 8" [_thread_blocked, id=1552, stack(0x0000009ea6d00000,0x0000009ea6e00000)]
  0x0000025ee7df9bf0 JavaThread "jar transforms Thread 9" [_thread_blocked, id=6064, stack(0x0000009ea6e00000,0x0000009ea6f00000)]
  0x0000025ee7df7880 JavaThread "jar transforms Thread 10" [_thread_blocked, id=4692, stack(0x0000009ea6f00000,0x0000009ea7000000)]
  0x0000025ee7df87b0 JavaThread "jar transforms Thread 11" [_thread_blocked, id=560, stack(0x0000009ea7000000,0x0000009ea7100000)]
  0x0000025ee7df5000 JavaThread "jar transforms Thread 12" [_thread_blocked, id=18468, stack(0x0000009ea7100000,0x0000009ea7200000)]
  0x0000025ee7df8cc0 JavaThread "Cache worker for checksums cache (F:\mydocu\java\hexlet\hexlet-assignments\java-spring-boot-ru\http-crud\.gradle\8.7\checksums)" [_thread_blocked, id=13164, stack(0x0000009ea4900000,0x0000009ea4a00000)]
  0x0000025ee7df96e0 JavaThread "Cache worker for cache directory md-supplier (C:\Users\MurZuka\.gradle\caches\8.7\md-supplier)" [_thread_blocked, id=2724, stack(0x0000009ea4600000,0x0000009ea4700000)]
  0x0000025ee7df91d0 JavaThread "Cache worker for cache directory md-rule (C:\Users\MurZuka\.gradle\caches\8.7\md-rule)" [_thread_blocked, id=3528, stack(0x0000009ea7200000,0x0000009ea7300000)]
  0x0000025ee7dfa100 JavaThread "Cache worker for file content cache (C:\Users\MurZuka\.gradle\caches\8.7\fileContent)" [_thread_blocked, id=9836, stack(0x0000009ea7400000,0x0000009ea7500000)]
  0x0000025ee7df3bc0 JavaThread "Unconstrained build operations" [_thread_blocked, id=19348, stack(0x0000009ea7700000,0x0000009ea7800000)]
  0x0000025ee7dfb540 JavaThread "Unconstrained build operations Thread 2" [_thread_blocked, id=16932, stack(0x0000009ea7800000,0x0000009ea7900000)]
  0x0000025ee7df5510 JavaThread "Unconstrained build operations Thread 3" [_thread_blocked, id=7308, stack(0x0000009ea7300000,0x0000009ea7400000)]
  0x0000025ee7df45e0 JavaThread "Unconstrained build operations Thread 4" [_thread_blocked, id=9040, stack(0x0000009ea7600000,0x0000009ea7700000)]
  0x0000025ee7df6440 JavaThread "Unconstrained build operations Thread 5" [_thread_blocked, id=15212, stack(0x0000009ea7900000,0x0000009ea7a00000)]
  0x0000025ee7df7370 JavaThread "Unconstrained build operations Thread 6" [_thread_blocked, id=12264, stack(0x0000009ea7a00000,0x0000009ea7b00000)]
  0x0000025eead5c4e0 JavaThread "Unconstrained build operations Thread 7" [_thread_blocked, id=2440, stack(0x0000009ea7b00000,0x0000009ea7c00000)]
  0x0000025eead5bfd0 JavaThread "Unconstrained build operations Thread 8" [_thread_blocked, id=12756, stack(0x0000009ea7c00000,0x0000009ea7d00000)]
  0x0000025eead578f0 JavaThread "Unconstrained build operations Thread 9" [_thread_blocked, id=17392, stack(0x0000009ea7d00000,0x0000009ea7e00000)]
  0x0000025eead58d30 JavaThread "Unconstrained build operations Thread 10" [_thread_blocked, id=2580, stack(0x0000009ea7e00000,0x0000009ea7f00000)]
  0x0000025eead5b0a0 JavaThread "Unconstrained build operations Thread 11" [_thread_blocked, id=7220, stack(0x0000009ea7f00000,0x0000009ea8000000)]
  0x0000025eead58820 JavaThread "Unconstrained build operations Thread 12" [_thread_blocked, id=18144, stack(0x0000009ea8000000,0x0000009ea8100000)]
  0x0000025eead59240 JavaThread "Unconstrained build operations Thread 13" [_thread_blocked, id=2576, stack(0x0000009ea8100000,0x0000009ea8200000)]
  0x0000025eead59c60 JavaThread "Cache worker for Build Output Cleanup Cache (F:\mydocu\java\hexlet\hexlet-assignments\java-spring-boot-ru\http-crud\.gradle\buildOutputCleanup)" [_thread_blocked, id=5984, stack(0x0000009ea8400000,0x0000009ea8500000)]
  0x0000025ee886ad40 JavaThread "Unconstrained build operations Thread 14" [_thread_blocked, id=13748, stack(0x0000009ea8200000,0x0000009ea8300000)]
  0x0000025ee886a320 JavaThread "Unconstrained build operations Thread 15" [_thread_blocked, id=14664, stack(0x0000009ea8300000,0x0000009ea8400000)]
  0x0000025ee886a830 JavaThread "Unconstrained build operations Thread 16" [_thread_blocked, id=13708, stack(0x0000009ea8500000,0x0000009ea8600000)]
  0x0000025ee8869e10 JavaThread "Unconstrained build operations Thread 17" [_thread_blocked, id=16260, stack(0x0000009ea8600000,0x0000009ea8700000)]
  0x0000025ee7755f50 JavaThread "Unconstrained build operations Thread 18" [_thread_blocked, id=18920, stack(0x0000009ea8700000,0x0000009ea8800000)]
  0x0000025ee7754600 JavaThread "Unconstrained build operations Thread 19" [_thread_blocked, id=14172, stack(0x0000009ea8800000,0x0000009ea8900000)]
  0x0000025ee7755a40 JavaThread "Unconstrained build operations Thread 20" [_thread_blocked, id=13764, stack(0x0000009ea8900000,0x0000009ea8a00000)]
  0x0000025ee7754b10 JavaThread "Unconstrained build operations Thread 21" [_thread_blocked, id=13800, stack(0x0000009ea8a00000,0x0000009ea8b00000)]
  0x0000025ee8a53700 JavaThread "Unconstrained build operations Thread 22" [_thread_blocked, id=2044, stack(0x0000009ea8b00000,0x0000009ea8c00000)]
  0x0000025ee8a53c10 JavaThread "Unconstrained build operations Thread 23" [_thread_blocked, id=10700, stack(0x0000009ea8c00000,0x0000009ea8d00000)]
  0x0000025ee8a52ce0 JavaThread "Unconstrained build operations Thread 24" [_thread_blocked, id=10704, stack(0x0000009ea8d00000,0x0000009ea8e00000)]
  0x0000025ee8a531f0 JavaThread "Unconstrained build operations Thread 25" [_thread_blocked, id=16960, stack(0x0000009ea8e00000,0x0000009ea8f00000)]
  0x0000025ee8a54120 JavaThread "Unconstrained build operations Thread 26" [_thread_blocked, id=2928, stack(0x0000009ea8f00000,0x0000009ea9000000)]
  0x0000025ee8a55c20 JavaThread "Unconstrained build operations Thread 27" [_thread_blocked, id=17996, stack(0x0000009ea9000000,0x0000009ea9100000)]
  0x0000025ee8a56130 JavaThread "Unconstrained build operations Thread 28" [_thread_blocked, id=7072, stack(0x0000009ea9100000,0x0000009ea9200000)]
  0x0000025ee8a55200 JavaThread "Unconstrained build operations Thread 29" [_thread_blocked, id=9964, stack(0x0000009ea9200000,0x0000009ea9300000)]
  0x0000025ee8a55710 JavaThread "Unconstrained build operations Thread 30" [_thread_blocked, id=14492, stack(0x0000009ea9300000,0x0000009ea9400000)]
  0x0000025ee8a547e0 JavaThread "Unconstrained build operations Thread 31" [_thread_blocked, id=14844, stack(0x0000009ea9400000,0x0000009ea9500000)]
  0x0000025ee8a54cf0 JavaThread "Unconstrained build operations Thread 32" [_thread_blocked, id=18784, stack(0x0000009ea9500000,0x0000009ea9600000)]
  0x0000025ee775dde0 JavaThread "Unconstrained build operations Thread 33" [_thread_blocked, id=12640, stack(0x0000009ea9600000,0x0000009ea9700000)]
  0x0000025ee775d3c0 JavaThread "Unconstrained build operations Thread 34" [_thread_blocked, id=2792, stack(0x0000009ea9700000,0x0000009ea9800000)]
  0x0000025ee775ed10 JavaThread "Unconstrained build operations Thread 35" [_thread_blocked, id=1908, stack(0x0000009ea9800000,0x0000009ea9900000)]
=>0x0000025ee57c2b30 JavaThread "C2 CompilerThread1" daemon [_thread_in_native, id=16980, stack(0x0000009ea9900000,0x0000009ea9a00000)]
  0x0000025ee7755020 JavaThread "Memory manager" [_thread_blocked, id=15464, stack(0x0000009ea9a00000,0x0000009ea9b00000)]

Other Threads:
  0x0000025ecbc40240 VMThread "VM Thread" [stack: 0x0000009ea3b00000,0x0000009ea3c00000] [id=3636]
  0x0000025ee5247f40 WatcherThread [stack: 0x0000009ea4800000,0x0000009ea4900000] [id=19404]
  0x0000025eb0c69120 GCTaskThread "GC Thread#0" [stack: 0x0000009ea3600000,0x0000009ea3700000] [id=10692]
  0x0000025ee57c30f0 GCTaskThread "GC Thread#1" [stack: 0x0000009ea4a00000,0x0000009ea4b00000] [id=9756]
  0x0000025ee5d00dc0 GCTaskThread "GC Thread#2" [stack: 0x0000009ea4b00000,0x0000009ea4c00000] [id=3912]
  0x0000025ee57c33b0 GCTaskThread "GC Thread#3" [stack: 0x0000009ea4c00000,0x0000009ea4d00000] [id=13892]
  0x0000025ee5d43fe0 GCTaskThread "GC Thread#4" [stack: 0x0000009ea4d00000,0x0000009ea4e00000] [id=9148]
  0x0000025ee5d442a0 GCTaskThread "GC Thread#5" [stack: 0x0000009ea4e00000,0x0000009ea4f00000] [id=14268]
  0x0000025ee7e7e790 GCTaskThread "GC Thread#6" [stack: 0x0000009ea5d00000,0x0000009ea5e00000] [id=10392]
  0x0000025ee7e7ea50 GCTaskThread "GC Thread#7" [stack: 0x0000009ea5e00000,0x0000009ea5f00000] [id=15648]
  0x0000025ee7a86ed0 GCTaskThread "GC Thread#8" [stack: 0x0000009ea5f00000,0x0000009ea6000000] [id=16780]
  0x0000025ee7a87190 GCTaskThread "GC Thread#9" [stack: 0x0000009ea6000000,0x0000009ea6100000] [id=16784]
  0x0000025eb0c6df80 ConcurrentGCThread "G1 Main Marker" [stack: 0x0000009ea3700000,0x0000009ea3800000] [id=11916]
  0x0000025eb0c6e8b0 ConcurrentGCThread "G1 Conc#0" [stack: 0x0000009ea3800000,0x0000009ea3900000] [id=8412]
  0x0000025ee7bc1080 ConcurrentGCThread "G1 Conc#1" [stack: 0x0000009ea6400000,0x0000009ea6500000] [id=13904]
  0x0000025ee9339f60 ConcurrentGCThread "G1 Conc#2" [stack: 0x0000009ea6500000,0x0000009ea6600000] [id=3440]
  0x0000025eb0cee5c0 ConcurrentGCThread "G1 Refine#0" [stack: 0x0000009ea3900000,0x0000009ea3a00000] [id=10432]
  0x0000025ee7b72b50 ConcurrentGCThread "G1 Refine#1" [stack: 0x0000009ea7500000,0x0000009ea7600000] [id=17388]
  0x0000025ecbb03590 ConcurrentGCThread "G1 Service" [stack: 0x0000009ea3a00000,0x0000009ea3b00000] [id=18952]

Threads with active compile tasks:
C2 CompilerThread1    10446 6239   !   4       com.google.common.reflect.TypeVisitor::visit (225 bytes)

VM state: not at safepoint (normal execution)

VM Mutex/Monitor currently owned by a thread: None

Heap address: 0x00000000e0000000, size: 512 MB, Compressed Oops mode: 32-bit

CDS archive(s) mapped at: [0x0000025ecc000000-0x0000025eccbb0000-0x0000025eccbb0000), size 12255232, SharedBaseAddress: 0x0000025ecc000000, ArchiveRelocationMode: 1.
Compressed class space mapped at: 0x0000025ecd000000-0x0000025ee1000000, reserved size: 335544320
Narrow klass base: 0x0000025ecc000000, Narrow klass shift: 0, Narrow klass range: 0x100000000

GC Precious Log:
 CPUs: 12 total, 12 available
 Memory: 16194M
 Large Page Support: Disabled
 NUMA Support: Disabled
 Compressed Oops: Enabled (32-bit)
 Heap Region Size: 1M
 Heap Min Capacity: 256M
 Heap Initial Capacity: 256M
 Heap Max Capacity: 512M
 Pre-touch: Disabled
 Parallel Workers: 10
 Concurrent Workers: 3
 Concurrent Refinement Workers: 10
 Periodic GC: Disabled

Heap:
 garbage-first heap   total 262144K, used 188447K [0x00000000e0000000, 0x0000000100000000)
  region size 1024K, 79 young (80896K), 11 survivors (11264K)
 Metaspace       used 51146K, committed 51776K, reserved 393216K
  class space    used 7313K, committed 7616K, reserved 327680K

Heap Regions: E=young(eden), S=young(survivor), O=old, HS=humongous(starts), HC=humongous(continues), CS=collection set, F=free, OA=open archive, CA=closed archive, TAMS=top-at-mark-start (previous, next)
|   0|0x00000000e0000000, 0x00000000e0100000, 0x00000000e0100000|100%|HS|  |TAMS 0x00000000e0100000, 0x00000000e0000000| Complete 
|   1|0x00000000e0100000, 0x00000000e0200000, 0x00000000e0200000|100%|HC|  |TAMS 0x00000000e0200000, 0x00000000e0100000| Complete 
|   2|0x00000000e0200000, 0x00000000e0300000, 0x00000000e0300000|100%|HC|  |TAMS 0x00000000e0300000, 0x00000000e0200000| Complete 
|   3|0x00000000e0300000, 0x00000000e0400000, 0x00000000e0400000|100%|HC|  |TAMS 0x00000000e0400000, 0x00000000e0300000| Complete 
|   4|0x00000000e0400000, 0x00000000e0500000, 0x00000000e0500000|100%| O|  |TAMS 0x00000000e0500000, 0x00000000e0400000| Untracked 
|   5|0x00000000e0500000, 0x00000000e0600000, 0x00000000e0600000|100%| O|  |TAMS 0x00000000e0600000, 0x00000000e0500000| Untracked 
|   6|0x00000000e0600000, 0x00000000e0700000, 0x00000000e0700000|100%| O|  |TAMS 0x00000000e0700000, 0x00000000e0600000| Untracked 
|   7|0x00000000e0700000, 0x00000000e0800000, 0x00000000e0800000|100%| O|  |TAMS 0x00000000e0800000, 0x00000000e0700000| Untracked 
|   8|0x00000000e0800000, 0x00000000e0900000, 0x00000000e0900000|100%| O|  |TAMS 0x00000000e0900000, 0x00000000e0800000| Untracked 
|   9|0x00000000e0900000, 0x00000000e0a00000, 0x00000000e0a00000|100%| O|  |TAMS 0x00000000e0a00000, 0x00000000e0900000| Untracked 
|  10|0x00000000e0a00000, 0x00000000e0b00000, 0x00000000e0b00000|100%| O|  |TAMS 0x00000000e0b00000, 0x00000000e0a00000| Untracked 
|  11|0x00000000e0b00000, 0x00000000e0c00000, 0x00000000e0c00000|100%| O|  |TAMS 0x00000000e0b67400, 0x00000000e0b00000| Untracked 
|  12|0x00000000e0c00000, 0x00000000e0d00000, 0x00000000e0d00000|100%|HS|  |TAMS 0x00000000e0d00000, 0x00000000e0c00000| Complete 
|  13|0x00000000e0d00000, 0x00000000e0e00000, 0x00000000e0e00000|100%|HC|  |TAMS 0x00000000e0e00000, 0x00000000e0d00000| Complete 
|  14|0x00000000e0e00000, 0x00000000e0f00000, 0x00000000e0f00000|100%|HS|  |TAMS 0x00000000e0f00000, 0x00000000e0e00000| Complete 
|  15|0x00000000e0f00000, 0x00000000e1000000, 0x00000000e1000000|100%|HC|  |TAMS 0x00000000e1000000, 0x00000000e0f00000| Complete 
|  16|0x00000000e1000000, 0x00000000e1100000, 0x00000000e1100000|100%|HC|  |TAMS 0x00000000e1100000, 0x00000000e1000000| Complete 
|  17|0x00000000e1100000, 0x00000000e1200000, 0x00000000e1200000|100%|HS|  |TAMS 0x00000000e1200000, 0x00000000e1100000| Complete 
|  18|0x00000000e1200000, 0x00000000e1300000, 0x00000000e1300000|100%|HC|  |TAMS 0x00000000e1300000, 0x00000000e1200000| Complete 
|  19|0x00000000e1300000, 0x00000000e1400000, 0x00000000e1400000|100%|HC|  |TAMS 0x00000000e1400000, 0x00000000e1300000| Complete 
|  20|0x00000000e1400000, 0x00000000e1500000, 0x00000000e1500000|100%|HS|  |TAMS 0x00000000e1500000, 0x00000000e1400000| Complete 
|  21|0x00000000e1500000, 0x00000000e1600000, 0x00000000e1600000|100%|HC|  |TAMS 0x00000000e1600000, 0x00000000e1500000| Complete 
|  22|0x00000000e1600000, 0x00000000e1700000, 0x00000000e1700000|100%|HS|  |TAMS 0x00000000e1700000, 0x00000000e1600000| Complete 
|  23|0x00000000e1700000, 0x00000000e1800000, 0x00000000e1800000|100%|HC|  |TAMS 0x00000000e1800000, 0x00000000e1700000| Complete 
|  24|0x00000000e1800000, 0x00000000e1900000, 0x00000000e1900000|100%|HC|  |TAMS 0x00000000e1900000, 0x00000000e1800000| Complete 
|  25|0x00000000e1900000, 0x00000000e1a00000, 0x00000000e1a00000|100%|HC|  |TAMS 0x00000000e1a00000, 0x00000000e1900000| Complete 
|  26|0x00000000e1a00000, 0x00000000e1b00000, 0x00000000e1b00000|100%|HC|  |TAMS 0x00000000e1b00000, 0x00000000e1a00000| Complete 
|  27|0x00000000e1b00000, 0x00000000e1c00000, 0x00000000e1c00000|100%|HC|  |TAMS 0x00000000e1c00000, 0x00000000e1b00000| Complete 
|  28|0x00000000e1c00000, 0x00000000e1d00000, 0x00000000e1d00000|100%|HC|  |TAMS 0x00000000e1d00000, 0x00000000e1c00000| Complete 
|  29|0x00000000e1d00000, 0x00000000e1e00000, 0x00000000e1e00000|100%|HS|  |TAMS 0x00000000e1e00000, 0x00000000e1d00000| Complete 
|  30|0x00000000e1e00000, 0x00000000e1f00000, 0x00000000e1f00000|100%|HS|  |TAMS 0x00000000e1f00000, 0x00000000e1e00000| Complete 
|  31|0x00000000e1f00000, 0x00000000e2000000, 0x00000000e2000000|100%|HS|  |TAMS 0x00000000e2000000, 0x00000000e1f00000| Complete 
|  32|0x00000000e2000000, 0x00000000e2100000, 0x00000000e2100000|100%|HC|  |TAMS 0x00000000e2100000, 0x00000000e2000000| Complete 
|  33|0x00000000e2100000, 0x00000000e2200000, 0x00000000e2200000|100%|HC|  |TAMS 0x00000000e2200000, 0x00000000e2100000| Complete 
|  34|0x00000000e2200000, 0x00000000e2300000, 0x00000000e2300000|100%|HC|  |TAMS 0x00000000e2300000, 0x00000000e2200000| Complete 
|  35|0x00000000e2300000, 0x00000000e2400000, 0x00000000e2400000|100%|HC|  |TAMS 0x00000000e2400000, 0x00000000e2300000| Complete 
|  36|0x00000000e2400000, 0x00000000e2500000, 0x00000000e2500000|100%|HC|  |TAMS 0x00000000e2500000, 0x00000000e2400000| Complete 
|  37|0x00000000e2500000, 0x00000000e2600000, 0x00000000e2600000|100%|HC|  |TAMS 0x00000000e2600000, 0x00000000e2500000| Complete 
|  38|0x00000000e2600000, 0x00000000e2700000, 0x00000000e2700000|100%|HC|  |TAMS 0x00000000e2700000, 0x00000000e2600000| Complete 
|  39|0x00000000e2700000, 0x00000000e2800000, 0x00000000e2800000|100%|HC|  |TAMS 0x00000000e2800000, 0x00000000e2700000| Complete 
|  40|0x00000000e2800000, 0x00000000e2900000, 0x00000000e2900000|100%|HC|  |TAMS 0x00000000e2900000, 0x00000000e2800000| Complete 
|  41|0x00000000e2900000, 0x00000000e2a00000, 0x00000000e2a00000|100%|HC|  |TAMS 0x00000000e2a00000, 0x00000000e2900000| Complete 
|  42|0x00000000e2a00000, 0x00000000e2b00000, 0x00000000e2b00000|100%|HS|  |TAMS 0x00000000e2b00000, 0x00000000e2a00000| Complete 
|  43|0x00000000e2b00000, 0x00000000e2c00000, 0x00000000e2c00000|100%|HC|  |TAMS 0x00000000e2c00000, 0x00000000e2b00000| Complete 
|  44|0x00000000e2c00000, 0x00000000e2d00000, 0x00000000e2d00000|100%|HS|  |TAMS 0x00000000e2c00000, 0x00000000e2c00000| Complete 
|  45|0x00000000e2d00000, 0x00000000e2e00000, 0x00000000e2e00000|100%|HC|  |TAMS 0x00000000e2d00000, 0x00000000e2d00000| Complete 
|  46|0x00000000e2e00000, 0x00000000e2f00000, 0x00000000e2f00000|100%|HS|  |TAMS 0x00000000e2e00000, 0x00000000e2e00000| Complete 
|  47|0x00000000e2f00000, 0x00000000e3000000, 0x00000000e3000000|100%|HC|  |TAMS 0x00000000e2f00000, 0x00000000e2f00000| Complete 
|  48|0x00000000e3000000, 0x00000000e3100000, 0x00000000e3100000|100%|HC|  |TAMS 0x00000000e3000000, 0x00000000e3000000| Complete 
|  49|0x00000000e3100000, 0x00000000e3200000, 0x00000000e3200000|100%| O|  |TAMS 0x00000000e3100000, 0x00000000e3100000| Untracked 
|  50|0x00000000e3200000, 0x00000000e3300000, 0x00000000e3300000|100%| O|  |TAMS 0x00000000e3200000, 0x00000000e3200000| Untracked 
|  51|0x00000000e3300000, 0x00000000e3400000, 0x00000000e3400000|100%| O|  |TAMS 0x00000000e3300000, 0x00000000e3300000| Untracked 
|  52|0x00000000e3400000, 0x00000000e3500000, 0x00000000e3500000|100%| O|  |TAMS 0x00000000e3400000, 0x00000000e3400000| Untracked 
|  53|0x00000000e3500000, 0x00000000e3600000, 0x00000000e3600000|100%| O|  |TAMS 0x00000000e3500000, 0x00000000e3500000| Untracked 
|  54|0x00000000e3600000, 0x00000000e3700000, 0x00000000e3700000|100%| O|  |TAMS 0x00000000e3600000, 0x00000000e3600000| Untracked 
|  55|0x00000000e3700000, 0x00000000e3800000, 0x00000000e3800000|100%| O|  |TAMS 0x00000000e3700000, 0x00000000e3700000| Untracked 
|  56|0x00000000e3800000, 0x00000000e3900000, 0x00000000e3900000|100%| O|  |TAMS 0x00000000e3800000, 0x00000000e3800000| Untracked 
|  57|0x00000000e3900000, 0x00000000e3a00000, 0x00000000e3a00000|100%| O|  |TAMS 0x00000000e3900000, 0x00000000e3900000| Untracked 
|  58|0x00000000e3a00000, 0x00000000e3b00000, 0x00000000e3b00000|100%|HS|  |TAMS 0x00000000e3a00000, 0x00000000e3a00000| Complete 
|  59|0x00000000e3b00000, 0x00000000e3c00000, 0x00000000e3c00000|100%|HC|  |TAMS 0x00000000e3b00000, 0x00000000e3b00000| Complete 
|  60|0x00000000e3c00000, 0x00000000e3d00000, 0x00000000e3d00000|100%|HC|  |TAMS 0x00000000e3c00000, 0x00000000e3c00000| Complete 
|  61|0x00000000e3d00000, 0x00000000e3e00000, 0x00000000e3e00000|100%|HS|  |TAMS 0x00000000e3d00000, 0x00000000e3d00000| Complete 
|  62|0x00000000e3e00000, 0x00000000e3f00000, 0x00000000e3f00000|100%|HC|  |TAMS 0x00000000e3e00000, 0x00000000e3e00000| Complete 
|  63|0x00000000e3f00000, 0x00000000e4000000, 0x00000000e4000000|100%|HC|  |TAMS 0x00000000e3f00000, 0x00000000e3f00000| Complete 
|  64|0x00000000e4000000, 0x00000000e4100000, 0x00000000e4100000|100%|HC|  |TAMS 0x00000000e4000000, 0x00000000e4000000| Complete 
|  65|0x00000000e4100000, 0x00000000e4200000, 0x00000000e4200000|100%|HC|  |TAMS 0x00000000e4100000, 0x00000000e4100000| Complete 
|  66|0x00000000e4200000, 0x00000000e4300000, 0x00000000e4300000|100%|HC|  |TAMS 0x00000000e4200000, 0x00000000e4200000| Complete 
|  67|0x00000000e4300000, 0x00000000e4400000, 0x00000000e4400000|100%|HC|  |TAMS 0x00000000e4300000, 0x00000000e4300000| Complete 
|  68|0x00000000e4400000, 0x00000000e4500000, 0x00000000e4500000|100%|HC|  |TAMS 0x00000000e4400000, 0x00000000e4400000| Complete 
|  69|0x00000000e4500000, 0x00000000e4600000, 0x00000000e4600000|100%|HC|  |TAMS 0x00000000e4500000, 0x00000000e4500000| Complete 
|  70|0x00000000e4600000, 0x00000000e4700000, 0x00000000e4700000|100%|HC|  |TAMS 0x00000000e4600000, 0x00000000e4600000| Complete 
|  71|0x00000000e4700000, 0x00000000e4800000, 0x00000000e4800000|100%|HC|  |TAMS 0x00000000e4700000, 0x00000000e4700000| Complete 
|  72|0x00000000e4800000, 0x00000000e4900000, 0x00000000e4900000|100%|HS|  |TAMS 0x00000000e4800000, 0x00000000e4800000| Complete 
|  73|0x00000000e4900000, 0x00000000e4a00000, 0x00000000e4a00000|100%|HC|  |TAMS 0x00000000e4900000, 0x00000000e4900000| Complete 
|  74|0x00000000e4a00000, 0x00000000e4b00000, 0x00000000e4b00000|100%|HS|  |TAMS 0x00000000e4a00000, 0x00000000e4a00000| Complete 
|  75|0x00000000e4b00000, 0x00000000e4c00000, 0x00000000e4c00000|100%|HC|  |TAMS 0x00000000e4b00000, 0x00000000e4b00000| Complete 
|  76|0x00000000e4c00000, 0x00000000e4d00000, 0x00000000e4d00000|100%|HC|  |TAMS 0x00000000e4c00000, 0x00000000e4c00000| Complete 
|  77|0x00000000e4d00000, 0x00000000e4e00000, 0x00000000e4e00000|100%|HS|  |TAMS 0x00000000e4d00000, 0x00000000e4d00000| Complete 
|  78|0x00000000e4e00000, 0x00000000e4f00000, 0x00000000e4f00000|100%|HC|  |TAMS 0x00000000e4e00000, 0x00000000e4e00000| Complete 
|  79|0x00000000e4f00000, 0x00000000e5000000, 0x00000000e5000000|100%|HC|  |TAMS 0x00000000e4f00000, 0x00000000e4f00000| Complete 
|  80|0x00000000e5000000, 0x00000000e5000000, 0x00000000e5100000|  0%| F|  |TAMS 0x00000000e5000000, 0x00000000e5000000| Untracked 
|  81|0x00000000e5100000, 0x00000000e5100000, 0x00000000e5200000|  0%| F|  |TAMS 0x00000000e5100000, 0x00000000e5100000| Untracked 
|  82|0x00000000e5200000, 0x00000000e5300000, 0x00000000e5300000|100%|HS|  |TAMS 0x00000000e5200000, 0x00000000e5200000| Complete 
|  83|0x00000000e5300000, 0x00000000e5400000, 0x00000000e5400000|100%|HC|  |TAMS 0x00000000e5300000, 0x00000000e5300000| Complete 
|  84|0x00000000e5400000, 0x00000000e5500000, 0x00000000e5500000|100%|HC|  |TAMS 0x00000000e5400000, 0x00000000e5400000| Complete 
|  85|0x00000000e5500000, 0x00000000e5600000, 0x00000000e5600000|100%|HC|  |TAMS 0x00000000e5500000, 0x00000000e5500000| Complete 
|  86|0x00000000e5600000, 0x00000000e5700000, 0x00000000e5700000|100%|HC|  |TAMS 0x00000000e5600000, 0x00000000e5600000| Complete 
|  87|0x00000000e5700000, 0x00000000e5800000, 0x00000000e5800000|100%|HC|  |TAMS 0x00000000e5700000, 0x00000000e5700000| Complete 
|  88|0x00000000e5800000, 0x00000000e5900000, 0x00000000e5900000|100%|HC|  |TAMS 0x00000000e5800000, 0x00000000e5800000| Complete 
|  89|0x00000000e5900000, 0x00000000e5a00000, 0x00000000e5a00000|100%|HS|  |TAMS 0x00000000e5900000, 0x00000000e5900000| Complete 
|  90|0x00000000e5a00000, 0x00000000e5b00000, 0x00000000e5b00000|100%|HS|  |TAMS 0x00000000e5a00000, 0x00000000e5a00000| Complete 
|  91|0x00000000e5b00000, 0x00000000e5c00000, 0x00000000e5c00000|100%|HC|  |TAMS 0x00000000e5b00000, 0x00000000e5b00000| Complete 
|  92|0x00000000e5c00000, 0x00000000e5d00000, 0x00000000e5d00000|100%|HC|  |TAMS 0x00000000e5c00000, 0x00000000e5c00000| Complete 
|  93|0x00000000e5d00000, 0x00000000e5e00000, 0x00000000e5e00000|100%|HC|  |TAMS 0x00000000e5d00000, 0x00000000e5d00000| Complete 
|  94|0x00000000e5e00000, 0x00000000e5f00000, 0x00000000e5f00000|100%|HC|  |TAMS 0x00000000e5e00000, 0x00000000e5e00000| Complete 
|  95|0x00000000e5f00000, 0x00000000e6000000, 0x00000000e6000000|100%|HC|  |TAMS 0x00000000e5f00000, 0x00000000e5f00000| Complete 
|  96|0x00000000e6000000, 0x00000000e6100000, 0x00000000e6100000|100%|HS|  |TAMS 0x00000000e6000000, 0x00000000e6000000| Complete 
|  97|0x00000000e6100000, 0x00000000e6200000, 0x00000000e6200000|100%| O|  |TAMS 0x00000000e6100000, 0x00000000e6100000| Untracked 
|  98|0x00000000e6200000, 0x00000000e6300000, 0x00000000e6300000|100%| O|  |TAMS 0x00000000e6200000, 0x00000000e6200000| Untracked 
|  99|0x00000000e6300000, 0x00000000e6400000, 0x00000000e6400000|100%| O|  |TAMS 0x00000000e6300000, 0x00000000e6300000| Untracked 
| 100|0x00000000e6400000, 0x00000000e6500000, 0x00000000e6500000|100%| O|  |TAMS 0x00000000e6400000, 0x00000000e6400000| Untracked 
| 101|0x00000000e6500000, 0x00000000e6600000, 0x00000000e6600000|100%| O|  |TAMS 0x00000000e6500000, 0x00000000e6500000| Untracked 
| 102|0x00000000e6600000, 0x00000000e6700000, 0x00000000e6700000|100%| O|  |TAMS 0x00000000e6600000, 0x00000000e6600000| Untracked 
| 103|0x00000000e6700000, 0x00000000e6800000, 0x00000000e6800000|100%| O|  |TAMS 0x00000000e6700000, 0x00000000e6700000| Untracked 
| 104|0x00000000e6800000, 0x00000000e6900000, 0x00000000e6900000|100%| O|  |TAMS 0x00000000e6800000, 0x00000000e6800000| Untracked 
| 105|0x00000000e6900000, 0x00000000e6a00000, 0x00000000e6a00000|100%| O|  |TAMS 0x00000000e6900000, 0x00000000e6900000| Untracked 
| 106|0x00000000e6a00000, 0x00000000e6b00000, 0x00000000e6b00000|100%| O|  |TAMS 0x00000000e6a00000, 0x00000000e6a00000| Untracked 
| 107|0x00000000e6b00000, 0x00000000e6c00000, 0x00000000e6c00000|100%| O|  |TAMS 0x00000000e6b00000, 0x00000000e6b00000| Untracked 
| 108|0x00000000e6c00000, 0x00000000e6cae800, 0x00000000e6d00000| 68%| O|  |TAMS 0x00000000e6c00000, 0x00000000e6c00000| Untracked 
| 109|0x00000000e6d00000, 0x00000000e6d00000, 0x00000000e6e00000|  0%| F|  |TAMS 0x00000000e6d00000, 0x00000000e6d00000| Untracked 
| 110|0x00000000e6e00000, 0x00000000e6e00000, 0x00000000e6f00000|  0%| F|  |TAMS 0x00000000e6e00000, 0x00000000e6e00000| Untracked 
| 111|0x00000000e6f00000, 0x00000000e6f00000, 0x00000000e7000000|  0%| F|  |TAMS 0x00000000e6f00000, 0x00000000e6f00000| Untracked 
| 112|0x00000000e7000000, 0x00000000e7000000, 0x00000000e7100000|  0%| F|  |TAMS 0x00000000e7000000, 0x00000000e7000000| Untracked 
| 113|0x00000000e7100000, 0x00000000e7100000, 0x00000000e7200000|  0%| F|  |TAMS 0x00000000e7100000, 0x00000000e7100000| Untracked 
| 114|0x00000000e7200000, 0x00000000e7200000, 0x00000000e7300000|  0%| F|  |TAMS 0x00000000e7200000, 0x00000000e7200000| Untracked 
| 115|0x00000000e7300000, 0x00000000e7300000, 0x00000000e7400000|  0%| F|  |TAMS 0x00000000e7300000, 0x00000000e7300000| Untracked 
| 116|0x00000000e7400000, 0x00000000e7400000, 0x00000000e7500000|  0%| F|  |TAMS 0x00000000e7400000, 0x00000000e7400000| Untracked 
| 117|0x00000000e7500000, 0x00000000e7500000, 0x00000000e7600000|  0%| F|  |TAMS 0x00000000e7500000, 0x00000000e7500000| Untracked 
| 118|0x00000000e7600000, 0x00000000e7600000, 0x00000000e7700000|  0%| F|  |TAMS 0x00000000e7600000, 0x00000000e7600000| Untracked 
| 119|0x00000000e7700000, 0x00000000e7700000, 0x00000000e7800000|  0%| F|  |TAMS 0x00000000e7700000, 0x00000000e7700000| Untracked 
| 120|0x00000000e7800000, 0x00000000e7800000, 0x00000000e7900000|  0%| F|  |TAMS 0x00000000e7800000, 0x00000000e7800000| Untracked 
| 121|0x00000000e7900000, 0x00000000e7900000, 0x00000000e7a00000|  0%| F|  |TAMS 0x00000000e7900000, 0x00000000e7900000| Untracked 
| 122|0x00000000e7a00000, 0x00000000e7a00000, 0x00000000e7b00000|  0%| F|  |TAMS 0x00000000e7a00000, 0x00000000e7a00000| Untracked 
| 123|0x00000000e7b00000, 0x00000000e7b00000, 0x00000000e7c00000|  0%| F|  |TAMS 0x00000000e7b00000, 0x00000000e7b00000| Untracked 
| 124|0x00000000e7c00000, 0x00000000e7c00000, 0x00000000e7d00000|  0%| F|  |TAMS 0x00000000e7c00000, 0x00000000e7c00000| Untracked 
| 125|0x00000000e7d00000, 0x00000000e7d00000, 0x00000000e7e00000|  0%| F|  |TAMS 0x00000000e7d00000, 0x00000000e7d00000| Untracked 
| 126|0x00000000e7e00000, 0x00000000e7e00000, 0x00000000e7f00000|  0%| F|  |TAMS 0x00000000e7e00000, 0x00000000e7e00000| Untracked 
| 127|0x00000000e7f00000, 0x00000000e7f00000, 0x00000000e8000000|  0%| F|  |TAMS 0x00000000e7f00000, 0x00000000e7f00000| Untracked 
| 128|0x00000000e8000000, 0x00000000e8000000, 0x00000000e8100000|  0%| F|  |TAMS 0x00000000e8000000, 0x00000000e8000000| Untracked 
| 129|0x00000000e8100000, 0x00000000e8100000, 0x00000000e8200000|  0%| F|  |TAMS 0x00000000e8100000, 0x00000000e8100000| Untracked 
| 130|0x00000000e8200000, 0x00000000e8200000, 0x00000000e8300000|  0%| F|  |TAMS 0x00000000e8200000, 0x00000000e8200000| Untracked 
| 131|0x00000000e8300000, 0x00000000e8300000, 0x00000000e8400000|  0%| F|  |TAMS 0x00000000e8300000, 0x00000000e8300000| Untracked 
| 132|0x00000000e8400000, 0x00000000e8400000, 0x00000000e8500000|  0%| F|  |TAMS 0x00000000e8400000, 0x00000000e8400000| Untracked 
| 133|0x00000000e8500000, 0x00000000e8559560, 0x00000000e8600000| 34%| S|CS|TAMS 0x00000000e8500000, 0x00000000e8500000| Complete 
| 134|0x00000000e8600000, 0x00000000e8700000, 0x00000000e8700000|100%| S|CS|TAMS 0x00000000e8600000, 0x00000000e8600000| Complete 
| 135|0x00000000e8700000, 0x00000000e8800000, 0x00000000e8800000|100%| S|CS|TAMS 0x00000000e8700000, 0x00000000e8700000| Complete 
| 136|0x00000000e8800000, 0x00000000e8900000, 0x00000000e8900000|100%| S|CS|TAMS 0x00000000e8800000, 0x00000000e8800000| Complete 
| 137|0x00000000e8900000, 0x00000000e8a00000, 0x00000000e8a00000|100%| S|CS|TAMS 0x00000000e8900000, 0x00000000e8900000| Complete 
| 138|0x00000000e8a00000, 0x00000000e8b00000, 0x00000000e8b00000|100%| S|CS|TAMS 0x00000000e8a00000, 0x00000000e8a00000| Complete 
| 139|0x00000000e8b00000, 0x00000000e8c00000, 0x00000000e8c00000|100%| S|CS|TAMS 0x00000000e8b00000, 0x00000000e8b00000| Complete 
| 140|0x00000000e8c00000, 0x00000000e8d00000, 0x00000000e8d00000|100%| S|CS|TAMS 0x00000000e8c00000, 0x00000000e8c00000| Complete 
| 141|0x00000000e8d00000, 0x00000000e8e00000, 0x00000000e8e00000|100%| S|CS|TAMS 0x00000000e8d00000, 0x00000000e8d00000| Complete 
| 142|0x00000000e8e00000, 0x00000000e8f00000, 0x00000000e8f00000|100%| S|CS|TAMS 0x00000000e8e00000, 0x00000000e8e00000| Complete 
| 143|0x00000000e8f00000, 0x00000000e9000000, 0x00000000e9000000|100%| S|CS|TAMS 0x00000000e8f00000, 0x00000000e8f00000| Complete 
| 144|0x00000000e9000000, 0x00000000e9000000, 0x00000000e9100000|  0%| F|  |TAMS 0x00000000e9000000, 0x00000000e9000000| Untracked 
| 145|0x00000000e9100000, 0x00000000e9100000, 0x00000000e9200000|  0%| F|  |TAMS 0x00000000e9100000, 0x00000000e9100000| Untracked 
| 146|0x00000000e9200000, 0x00000000e9200000, 0x00000000e9300000|  0%| F|  |TAMS 0x00000000e9200000, 0x00000000e9200000| Untracked 
| 147|0x00000000e9300000, 0x00000000e9300000, 0x00000000e9400000|  0%| F|  |TAMS 0x00000000e9300000, 0x00000000e9300000| Untracked 
| 148|0x00000000e9400000, 0x00000000e9400000, 0x00000000e9500000|  0%| F|  |TAMS 0x00000000e9400000, 0x00000000e9400000| Untracked 
| 149|0x00000000e9500000, 0x00000000e9500000, 0x00000000e9600000|  0%| F|  |TAMS 0x00000000e9500000, 0x00000000e9500000| Untracked 
| 150|0x00000000e9600000, 0x00000000e9600000, 0x00000000e9700000|  0%| F|  |TAMS 0x00000000e9600000, 0x00000000e9600000| Untracked 
| 151|0x00000000e9700000, 0x00000000e9700000, 0x00000000e9800000|  0%| F|  |TAMS 0x00000000e9700000, 0x00000000e9700000| Untracked 
| 152|0x00000000e9800000, 0x00000000e9800000, 0x00000000e9900000|  0%| F|  |TAMS 0x00000000e9800000, 0x00000000e9800000| Untracked 
| 153|0x00000000e9900000, 0x00000000e9900000, 0x00000000e9a00000|  0%| F|  |TAMS 0x00000000e9900000, 0x00000000e9900000| Untracked 
| 154|0x00000000e9a00000, 0x00000000e9a00000, 0x00000000e9b00000|  0%| F|  |TAMS 0x00000000e9a00000, 0x00000000e9a00000| Untracked 
| 155|0x00000000e9b00000, 0x00000000e9b00000, 0x00000000e9c00000|  0%| F|  |TAMS 0x00000000e9b00000, 0x00000000e9b00000| Untracked 
| 156|0x00000000e9c00000, 0x00000000e9c00000, 0x00000000e9d00000|  0%| F|  |TAMS 0x00000000e9c00000, 0x00000000e9c00000| Untracked 
| 157|0x00000000e9d00000, 0x00000000e9d00000, 0x00000000e9e00000|  0%| F|  |TAMS 0x00000000e9d00000, 0x00000000e9d00000| Untracked 
| 158|0x00000000e9e00000, 0x00000000e9e00000, 0x00000000e9f00000|  0%| F|  |TAMS 0x00000000e9e00000, 0x00000000e9e00000| Untracked 
| 159|0x00000000e9f00000, 0x00000000e9f00000, 0x00000000ea000000|  0%| F|  |TAMS 0x00000000e9f00000, 0x00000000e9f00000| Untracked 
| 160|0x00000000ea000000, 0x00000000ea000000, 0x00000000ea100000|  0%| F|  |TAMS 0x00000000ea000000, 0x00000000ea000000| Untracked 
| 161|0x00000000ea100000, 0x00000000ea100000, 0x00000000ea200000|  0%| F|  |TAMS 0x00000000ea100000, 0x00000000ea100000| Untracked 
| 162|0x00000000ea200000, 0x00000000ea200000, 0x00000000ea300000|  0%| F|  |TAMS 0x00000000ea200000, 0x00000000ea200000| Untracked 
| 163|0x00000000ea300000, 0x00000000ea300000, 0x00000000ea400000|  0%| F|  |TAMS 0x00000000ea300000, 0x00000000ea300000| Untracked 
| 164|0x00000000ea400000, 0x00000000ea400000, 0x00000000ea500000|  0%| F|  |TAMS 0x00000000ea400000, 0x00000000ea400000| Untracked 
| 165|0x00000000ea500000, 0x00000000ea500000, 0x00000000ea600000|  0%| F|  |TAMS 0x00000000ea500000, 0x00000000ea500000| Untracked 
| 166|0x00000000ea600000, 0x00000000ea600000, 0x00000000ea700000|  0%| F|  |TAMS 0x00000000ea600000, 0x00000000ea600000| Untracked 
| 167|0x00000000ea700000, 0x00000000ea700000, 0x00000000ea800000|  0%| F|  |TAMS 0x00000000ea700000, 0x00000000ea700000| Untracked 
| 168|0x00000000ea800000, 0x00000000ea800000, 0x00000000ea900000|  0%| F|  |TAMS 0x00000000ea800000, 0x00000000ea800000| Untracked 
| 169|0x00000000ea900000, 0x00000000ea900000, 0x00000000eaa00000|  0%| F|  |TAMS 0x00000000ea900000, 0x00000000ea900000| Untracked 
| 170|0x00000000eaa00000, 0x00000000eaa00000, 0x00000000eab00000|  0%| F|  |TAMS 0x00000000eaa00000, 0x00000000eaa00000| Untracked 
| 171|0x00000000eab00000, 0x00000000eab00000, 0x00000000eac00000|  0%| F|  |TAMS 0x00000000eab00000, 0x00000000eab00000| Untracked 
| 172|0x00000000eac00000, 0x00000000eac00000, 0x00000000ead00000|  0%| F|  |TAMS 0x00000000eac00000, 0x00000000eac00000| Untracked 
| 173|0x00000000ead00000, 0x00000000ead00000, 0x00000000eae00000|  0%| F|  |TAMS 0x00000000ead00000, 0x00000000ead00000| Untracked 
| 174|0x00000000eae00000, 0x00000000eae00000, 0x00000000eaf00000|  0%| F|  |TAMS 0x00000000eae00000, 0x00000000eae00000| Untracked 
| 175|0x00000000eaf00000, 0x00000000eaf00000, 0x00000000eb000000|  0%| F|  |TAMS 0x00000000eaf00000, 0x00000000eaf00000| Untracked 
| 176|0x00000000eb000000, 0x00000000eb000000, 0x00000000eb100000|  0%| F|  |TAMS 0x00000000eb000000, 0x00000000eb000000| Untracked 
| 177|0x00000000eb100000, 0x00000000eb100000, 0x00000000eb200000|  0%| F|  |TAMS 0x00000000eb100000, 0x00000000eb100000| Untracked 
| 178|0x00000000eb200000, 0x00000000eb200000, 0x00000000eb300000|  0%| F|  |TAMS 0x00000000eb200000, 0x00000000eb200000| Untracked 
| 179|0x00000000eb300000, 0x00000000eb300000, 0x00000000eb400000|  0%| F|  |TAMS 0x00000000eb300000, 0x00000000eb300000| Untracked 
| 180|0x00000000eb400000, 0x00000000eb400000, 0x00000000eb500000|  0%| F|  |TAMS 0x00000000eb400000, 0x00000000eb400000| Untracked 
| 181|0x00000000eb500000, 0x00000000eb500000, 0x00000000eb600000|  0%| F|  |TAMS 0x00000000eb500000, 0x00000000eb500000| Untracked 
| 182|0x00000000eb600000, 0x00000000eb600000, 0x00000000eb700000|  0%| F|  |TAMS 0x00000000eb600000, 0x00000000eb600000| Untracked 
| 183|0x00000000eb700000, 0x00000000eb700000, 0x00000000eb800000|  0%| F|  |TAMS 0x00000000eb700000, 0x00000000eb700000| Untracked 
| 184|0x00000000eb800000, 0x00000000eb800000, 0x00000000eb900000|  0%| F|  |TAMS 0x00000000eb800000, 0x00000000eb800000| Untracked 
| 185|0x00000000eb900000, 0x00000000eb900000, 0x00000000eba00000|  0%| F|  |TAMS 0x00000000eb900000, 0x00000000eb900000| Untracked 
| 186|0x00000000eba00000, 0x00000000eba00000, 0x00000000ebb00000|  0%| F|  |TAMS 0x00000000eba00000, 0x00000000eba00000| Untracked 
| 187|0x00000000ebb00000, 0x00000000ebb00000, 0x00000000ebc00000|  0%| F|  |TAMS 0x00000000ebb00000, 0x00000000ebb00000| Untracked 
| 188|0x00000000ebc00000, 0x00000000ebd00000, 0x00000000ebd00000|100%| E|  |TAMS 0x00000000ebc00000, 0x00000000ebc00000| Complete 
| 189|0x00000000ebd00000, 0x00000000ebe00000, 0x00000000ebe00000|100%| E|CS|TAMS 0x00000000ebd00000, 0x00000000ebd00000| Complete 
| 190|0x00000000ebe00000, 0x00000000ebf00000, 0x00000000ebf00000|100%| E|CS|TAMS 0x00000000ebe00000, 0x00000000ebe00000| Complete 
| 191|0x00000000ebf00000, 0x00000000ec000000, 0x00000000ec000000|100%| E|CS|TAMS 0x00000000ebf00000, 0x00000000ebf00000| Complete 
| 192|0x00000000ec000000, 0x00000000ec100000, 0x00000000ec100000|100%| E|CS|TAMS 0x00000000ec000000, 0x00000000ec000000| Complete 
| 193|0x00000000ec100000, 0x00000000ec200000, 0x00000000ec200000|100%| E|CS|TAMS 0x00000000ec100000, 0x00000000ec100000| Complete 
| 194|0x00000000ec200000, 0x00000000ec300000, 0x00000000ec300000|100%| E|CS|TAMS 0x00000000ec200000, 0x00000000ec200000| Complete 
| 195|0x00000000ec300000, 0x00000000ec400000, 0x00000000ec400000|100%| E|CS|TAMS 0x00000000ec300000, 0x00000000ec300000| Complete 
| 196|0x00000000ec400000, 0x00000000ec500000, 0x00000000ec500000|100%| E|CS|TAMS 0x00000000ec400000, 0x00000000ec400000| Complete 
| 197|0x00000000ec500000, 0x00000000ec600000, 0x00000000ec600000|100%| E|CS|TAMS 0x00000000ec500000, 0x00000000ec500000| Complete 
| 198|0x00000000ec600000, 0x00000000ec700000, 0x00000000ec700000|100%| E|CS|TAMS 0x00000000ec600000, 0x00000000ec600000| Complete 
| 199|0x00000000ec700000, 0x00000000ec800000, 0x00000000ec800000|100%| E|CS|TAMS 0x00000000ec700000, 0x00000000ec700000| Complete 
| 200|0x00000000ec800000, 0x00000000ec900000, 0x00000000ec900000|100%| E|CS|TAMS 0x00000000ec800000, 0x00000000ec800000| Complete 
| 201|0x00000000ec900000, 0x00000000eca00000, 0x00000000eca00000|100%| E|CS|TAMS 0x00000000ec900000, 0x00000000ec900000| Complete 
| 202|0x00000000eca00000, 0x00000000ecb00000, 0x00000000ecb00000|100%| E|CS|TAMS 0x00000000eca00000, 0x00000000eca00000| Complete 
| 203|0x00000000ecb00000, 0x00000000ecc00000, 0x00000000ecc00000|100%| E|CS|TAMS 0x00000000ecb00000, 0x00000000ecb00000| Complete 
| 204|0x00000000ecc00000, 0x00000000ecd00000, 0x00000000ecd00000|100%| E|CS|TAMS 0x00000000ecc00000, 0x00000000ecc00000| Complete 
| 205|0x00000000ecd00000, 0x00000000ece00000, 0x00000000ece00000|100%| E|CS|TAMS 0x00000000ecd00000, 0x00000000ecd00000| Complete 
| 206|0x00000000ece00000, 0x00000000ecf00000, 0x00000000ecf00000|100%| E|CS|TAMS 0x00000000ece00000, 0x00000000ece00000| Complete 
| 207|0x00000000ecf00000, 0x00000000ed000000, 0x00000000ed000000|100%| E|CS|TAMS 0x00000000ecf00000, 0x00000000ecf00000| Complete 
| 208|0x00000000ed000000, 0x00000000ed100000, 0x00000000ed100000|100%| E|CS|TAMS 0x00000000ed000000, 0x00000000ed000000| Complete 
| 209|0x00000000ed100000, 0x00000000ed200000, 0x00000000ed200000|100%| E|CS|TAMS 0x00000000ed100000, 0x00000000ed100000| Complete 
| 210|0x00000000ed200000, 0x00000000ed300000, 0x00000000ed300000|100%| E|CS|TAMS 0x00000000ed200000, 0x00000000ed200000| Complete 
| 211|0x00000000ed300000, 0x00000000ed400000, 0x00000000ed400000|100%| E|CS|TAMS 0x00000000ed300000, 0x00000000ed300000| Complete 
| 212|0x00000000ed400000, 0x00000000ed500000, 0x00000000ed500000|100%| E|CS|TAMS 0x00000000ed400000, 0x00000000ed400000| Complete 
| 213|0x00000000ed500000, 0x00000000ed600000, 0x00000000ed600000|100%| E|CS|TAMS 0x00000000ed500000, 0x00000000ed500000| Complete 
| 214|0x00000000ed600000, 0x00000000ed700000, 0x00000000ed700000|100%| E|CS|TAMS 0x00000000ed600000, 0x00000000ed600000| Complete 
| 215|0x00000000ed700000, 0x00000000ed800000, 0x00000000ed800000|100%| E|CS|TAMS 0x00000000ed700000, 0x00000000ed700000| Complete 
| 216|0x00000000ed800000, 0x00000000ed900000, 0x00000000ed900000|100%| E|CS|TAMS 0x00000000ed800000, 0x00000000ed800000| Complete 
| 217|0x00000000ed900000, 0x00000000eda00000, 0x00000000eda00000|100%| E|CS|TAMS 0x00000000ed900000, 0x00000000ed900000| Complete 
| 218|0x00000000eda00000, 0x00000000edb00000, 0x00000000edb00000|100%| E|CS|TAMS 0x00000000eda00000, 0x00000000eda00000| Complete 
| 219|0x00000000edb00000, 0x00000000edc00000, 0x00000000edc00000|100%| E|CS|TAMS 0x00000000edb00000, 0x00000000edb00000| Complete 
| 220|0x00000000edc00000, 0x00000000edd00000, 0x00000000edd00000|100%| E|CS|TAMS 0x00000000edc00000, 0x00000000edc00000| Complete 
| 221|0x00000000edd00000, 0x00000000ede00000, 0x00000000ede00000|100%| E|CS|TAMS 0x00000000edd00000, 0x00000000edd00000| Complete 
| 222|0x00000000ede00000, 0x00000000edf00000, 0x00000000edf00000|100%| E|CS|TAMS 0x00000000ede00000, 0x00000000ede00000| Complete 
| 223|0x00000000edf00000, 0x00000000ee000000, 0x00000000ee000000|100%| E|CS|TAMS 0x00000000edf00000, 0x00000000edf00000| Complete 
| 224|0x00000000ee000000, 0x00000000ee100000, 0x00000000ee100000|100%| E|CS|TAMS 0x00000000ee000000, 0x00000000ee000000| Complete 
| 225|0x00000000ee100000, 0x00000000ee200000, 0x00000000ee200000|100%| E|CS|TAMS 0x00000000ee100000, 0x00000000ee100000| Complete 
| 226|0x00000000ee200000, 0x00000000ee300000, 0x00000000ee300000|100%| E|CS|TAMS 0x00000000ee200000, 0x00000000ee200000| Complete 
| 227|0x00000000ee300000, 0x00000000ee400000, 0x00000000ee400000|100%| E|CS|TAMS 0x00000000ee300000, 0x00000000ee300000| Complete 
| 228|0x00000000ee400000, 0x00000000ee500000, 0x00000000ee500000|100%| E|CS|TAMS 0x00000000ee400000, 0x00000000ee400000| Complete 
| 229|0x00000000ee500000, 0x00000000ee600000, 0x00000000ee600000|100%| E|CS|TAMS 0x00000000ee500000, 0x00000000ee500000| Complete 
| 230|0x00000000ee600000, 0x00000000ee700000, 0x00000000ee700000|100%| E|CS|TAMS 0x00000000ee600000, 0x00000000ee600000| Complete 
| 231|0x00000000ee700000, 0x00000000ee800000, 0x00000000ee800000|100%| E|CS|TAMS 0x00000000ee700000, 0x00000000ee700000| Complete 
| 232|0x00000000ee800000, 0x00000000ee900000, 0x00000000ee900000|100%| E|CS|TAMS 0x00000000ee800000, 0x00000000ee800000| Complete 
| 233|0x00000000ee900000, 0x00000000eea00000, 0x00000000eea00000|100%| E|CS|TAMS 0x00000000ee900000, 0x00000000ee900000| Complete 
| 234|0x00000000eea00000, 0x00000000eeb00000, 0x00000000eeb00000|100%| E|CS|TAMS 0x00000000eea00000, 0x00000000eea00000| Complete 
| 235|0x00000000eeb00000, 0x00000000eec00000, 0x00000000eec00000|100%| E|CS|TAMS 0x00000000eeb00000, 0x00000000eeb00000| Complete 
| 236|0x00000000eec00000, 0x00000000eed00000, 0x00000000eed00000|100%| E|CS|TAMS 0x00000000eec00000, 0x00000000eec00000| Complete 
| 237|0x00000000eed00000, 0x00000000eee00000, 0x00000000eee00000|100%| E|CS|TAMS 0x00000000eed00000, 0x00000000eed00000| Complete 
| 238|0x00000000eee00000, 0x00000000eef00000, 0x00000000eef00000|100%| E|CS|TAMS 0x00000000eee00000, 0x00000000eee00000| Complete 
| 239|0x00000000eef00000, 0x00000000ef000000, 0x00000000ef000000|100%| E|CS|TAMS 0x00000000eef00000, 0x00000000eef00000| Complete 
| 240|0x00000000ef000000, 0x00000000ef100000, 0x00000000ef100000|100%| E|CS|TAMS 0x00000000ef000000, 0x00000000ef000000| Complete 
| 241|0x00000000ef100000, 0x00000000ef200000, 0x00000000ef200000|100%| E|CS|TAMS 0x00000000ef100000, 0x00000000ef100000| Complete 
| 242|0x00000000ef200000, 0x00000000ef300000, 0x00000000ef300000|100%| E|CS|TAMS 0x00000000ef200000, 0x00000000ef200000| Complete 
| 243|0x00000000ef300000, 0x00000000ef400000, 0x00000000ef400000|100%| E|CS|TAMS 0x00000000ef300000, 0x00000000ef300000| Complete 
| 244|0x00000000ef400000, 0x00000000ef500000, 0x00000000ef500000|100%| E|CS|TAMS 0x00000000ef400000, 0x00000000ef400000| Complete 
| 245|0x00000000ef500000, 0x00000000ef600000, 0x00000000ef600000|100%| E|CS|TAMS 0x00000000ef500000, 0x00000000ef500000| Complete 
| 246|0x00000000ef600000, 0x00000000ef700000, 0x00000000ef700000|100%| E|CS|TAMS 0x00000000ef600000, 0x00000000ef600000| Complete 
| 247|0x00000000ef700000, 0x00000000ef800000, 0x00000000ef800000|100%| E|CS|TAMS 0x00000000ef700000, 0x00000000ef700000| Complete 
| 248|0x00000000ef800000, 0x00000000ef900000, 0x00000000ef900000|100%| E|CS|TAMS 0x00000000ef800000, 0x00000000ef800000| Complete 
| 249|0x00000000ef900000, 0x00000000efa00000, 0x00000000efa00000|100%| E|CS|TAMS 0x00000000ef900000, 0x00000000ef900000| Complete 
| 250|0x00000000efa00000, 0x00000000efb00000, 0x00000000efb00000|100%| E|CS|TAMS 0x00000000efa00000, 0x00000000efa00000| Complete 
| 251|0x00000000efb00000, 0x00000000efc00000, 0x00000000efc00000|100%| E|CS|TAMS 0x00000000efb00000, 0x00000000efb00000| Complete 
| 252|0x00000000efc00000, 0x00000000efd00000, 0x00000000efd00000|100%| E|CS|TAMS 0x00000000efc00000, 0x00000000efc00000| Complete 
| 253|0x00000000efd00000, 0x00000000efe00000, 0x00000000efe00000|100%| E|CS|TAMS 0x00000000efd00000, 0x00000000efd00000| Complete 
| 254|0x00000000efe00000, 0x00000000eff00000, 0x00000000eff00000|100%| E|CS|TAMS 0x00000000efe00000, 0x00000000efe00000| Complete 
| 255|0x00000000eff00000, 0x00000000f0000000, 0x00000000f0000000|100%| E|CS|TAMS 0x00000000eff00000, 0x00000000eff00000| Complete 

Card table byte_map: [0x0000025ec7dc0000,0x0000025ec7ec0000] _byte_map_base: 0x0000025ec76c0000

Marking Bits (Prev, Next): (CMBitMap*) 0x0000025eb0c69650, (CMBitMap*) 0x0000025eb0c69690
 Prev Bits: [0x0000025ec7fc0000, 0x0000025ec87c0000)
 Next Bits: [0x0000025ec87c0000, 0x0000025ec8fc0000)

Polling page: 0x0000025eaeb80000

Metaspace:

Usage:
  Non-class:     42.83 MB used.
      Class:      7.15 MB used.
       Both:     49.97 MB used.

Virtual space:
  Non-class space:       64.00 MB reserved,      43.13 MB ( 67%) committed,  1 nodes.
      Class space:      320.00 MB reserved,       7.50 MB (  2%) committed,  1 nodes.
             Both:      384.00 MB reserved,      50.63 MB ( 13%) committed. 

Chunk freelists:
   Non-Class:  4.77 MB
       Class:  8.55 MB
        Both:  13.31 MB

MaxMetaspaceSize: 384.00 MB
CompressedClassSpaceSize: 320.00 MB
Initial GC threshold: 21.00 MB
Current GC threshold: 58.88 MB
CDS: on
MetaspaceReclaimPolicy: balanced
 - commit_granule_bytes: 65536.
 - commit_granule_words: 8192.
 - virtual_space_node_default_size: 8388608.
 - enlarge_chunks_in_place: 1.
 - new_chunks_are_fully_committed: 0.
 - uncommit_free_chunks: 1.
 - use_allocation_guard: 0.
 - handle_deallocations: 1.


Internal statistics:

num_allocs_failed_limit: 6.
num_arena_births: 742.
num_arena_deaths: 0.
num_vsnodes_births: 2.
num_vsnodes_deaths: 0.
num_space_committed: 810.
num_space_uncommitted: 0.
num_chunks_returned_to_freelist: 6.
num_chunks_taken_from_freelist: 2879.
num_chunk_merges: 6.
num_chunk_splits: 1860.
num_chunks_enlarged: 1173.
num_inconsistent_stats: 0.

CodeHeap 'non-profiled nmethods': size=120000Kb used=3268Kb max_used=3268Kb free=116731Kb
 bounds [0x0000025ec0240000, 0x0000025ec0580000, 0x0000025ec7770000]
CodeHeap 'profiled nmethods': size=120000Kb used=10716Kb max_used=10716Kb free=109283Kb
 bounds [0x0000025eb8770000, 0x0000025eb91f0000, 0x0000025ebfca0000]
CodeHeap 'non-nmethods': size=5760Kb used=2332Kb max_used=2394Kb free=3427Kb
 bounds [0x0000025ebfca0000, 0x0000025ebff10000, 0x0000025ec0240000]
 total_blobs=6435 nmethods=5584 adapters=762
 compilation: enabled
              stopped_count=0, restarted_count=0
 full_count=0

Compilation events (20 events):
Event: 10.411 Thread 0x0000025ecbc6ca90 nmethod 6310 0x0000025eb91de690 code [0x0000025eb91de820, 0x0000025eb91de938]
Event: 10.411 Thread 0x0000025ecbc60bc0 nmethod 6299 0x0000025ec056fa10 code [0x0000025ec056fbe0, 0x0000025ec05702e8]
Event: 10.412 Thread 0x0000025ecbc6ca90 6312       3       org.gradle.internal.operations.DefaultBuildOperationRunner$BuildOperationTrackingListener::stop (36 bytes)
Event: 10.412 Thread 0x0000025ecbc6ca90 nmethod 6312 0x0000025eb91dea10 code [0x0000025eb91dec00, 0x0000025eb91defc8]
Event: 10.412 Thread 0x0000025ecbc6ca90 6314       3       org.gradle.internal.operations.DefaultBuildOperationListenerManager$1::finished (48 bytes)
Event: 10.413 Thread 0x0000025ecbc6ca90 nmethod 6314 0x0000025eb91df190 code [0x0000025eb91df380, 0x0000025eb91df8e8]
Event: 10.413 Thread 0x0000025ecbc6ca90 6313       3       org.gradle.internal.operations.DefaultBuildOperationExecutor$ListenerAdapter::stop (92 bytes)
Event: 10.413 Thread 0x0000025ecbc6ca90 nmethod 6313 0x0000025eb91dfa90 code [0x0000025eb91dfcc0, 0x0000025eb91e0578]
Event: 10.414 Thread 0x0000025ecbc6ca90 6315       3       org.gradle.initialization.MixInLegacyTypesClassLoader$TransformingAdapter::visitMethod (129 bytes)
Event: 10.415 Thread 0x0000025ecbc6ca90 nmethod 6315 0x0000025eb91e0990 code [0x0000025eb91e0cc0, 0x0000025eb91e21b8]
Event: 10.416 Thread 0x0000025ecbc6ca90 6316       3       org.gradle.api.internal.collections.AbstractIterationOrderRetainingElementSource$Element::getValues (16 bytes)
Event: 10.416 Thread 0x0000025ecbc6ca90 nmethod 6316 0x0000025eb91e2890 code [0x0000025eb91e2a40, 0x0000025eb91e2bc8]
Event: 10.422 Thread 0x0000025ecbc6ca90 6317       3       sun.reflect.generics.tree.SimpleClassTypeSignature::accept (8 bytes)
Event: 10.422 Thread 0x0000025ecbc6ca90 nmethod 6317 0x0000025eb91e2c90 code [0x0000025eb91e2e60, 0x0000025eb91e3148]
Event: 10.422 Thread 0x0000025ecbc6ca90 6318       3       sun.reflect.generics.visitor.Reifier::visitSimpleClassTypeSignature (18 bytes)
Event: 10.422 Thread 0x0000025ecbc6ca90 nmethod 6318 0x0000025eb91e3310 code [0x0000025eb91e34c0, 0x0000025eb91e3708]
Event: 10.423 Thread 0x0000025ecbc60bc0 6319       4       org.gradle.internal.instantiation.generator.AbstractClassGenerator::assertNotAbstract (61 bytes)
Event: 10.424 Thread 0x0000025ecbc60bc0 nmethod 6319 0x0000025ec0570810 code [0x0000025ec0570980, 0x0000025ec0570a58]
Event: 10.424 Thread 0x0000025ecbc60bc0 6320       4       org.gradle.model.internal.asm.MethodVisitorScope::<init> (8 bytes)
Event: 10.425 Thread 0x0000025ecbc60bc0 nmethod 6320 0x0000025ec0570b90 code [0x0000025ec0570d00, 0x0000025ec0570e38]

GC Heap History (12 events):
Event: 0.353 GC heap before
{Heap before GC invocations=0 (full 0):
 garbage-first heap   total 262144K, used 26624K [0x00000000e0000000, 0x0000000100000000)
  region size 1024K, 23 young (23552K), 0 survivors (0K)
 Metaspace       used 2912K, committed 3072K, reserved 393216K
  class space    used 367K, committed 448K, reserved 327680K
}
Event: 0.356 GC heap after
{Heap after GC invocations=1 (full 0):
 garbage-first heap   total 262144K, used 10778K [0x00000000e0000000, 0x0000000100000000)
  region size 1024K, 3 young (3072K), 3 survivors (3072K)
 Metaspace       used 2912K, committed 3072K, reserved 393216K
  class space    used 367K, committed 448K, reserved 327680K
}
Event: 0.614 GC heap before
{Heap before GC invocations=1 (full 0):
 garbage-first heap   total 262144K, used 38426K [0x00000000e0000000, 0x0000000100000000)
  region size 1024K, 30 young (30720K), 3 survivors (3072K)
 Metaspace       used 3984K, committed 4160K, reserved 393216K
  class space    used 490K, committed 576K, reserved 327680K
}
Event: 0.616 GC heap after
{Heap after GC invocations=2 (full 0):
 garbage-first heap   total 262144K, used 11827K [0x00000000e0000000, 0x0000000100000000)
  region size 1024K, 1 young (1024K), 1 survivors (1024K)
 Metaspace       used 3984K, committed 4160K, reserved 393216K
  class space    used 490K, committed 576K, reserved 327680K
}
Event: 1.645 GC heap before
{Heap before GC invocations=2 (full 0):
 garbage-first heap   total 262144K, used 109107K [0x00000000e0000000, 0x0000000100000000)
  region size 1024K, 96 young (98304K), 1 survivors (1024K)
 Metaspace       used 18405K, committed 18688K, reserved 393216K
  class space    used 2661K, committed 2816K, reserved 327680K
}
Event: 1.652 GC heap after
{Heap after GC invocations=3 (full 0):
 garbage-first heap   total 262144K, used 21955K [0x00000000e0000000, 0x0000000100000000)
  region size 1024K, 11 young (11264K), 11 survivors (11264K)
 Metaspace       used 18405K, committed 18688K, reserved 393216K
  class space    used 2661K, committed 2816K, reserved 327680K
}
Event: 1.916 GC heap before
{Heap before GC invocations=3 (full 0):
 garbage-first heap   total 262144K, used 45507K [0x00000000e0000000, 0x0000000100000000)
  region size 1024K, 35 young (35840K), 11 survivors (11264K)
 Metaspace       used 21243K, committed 21504K, reserved 393216K
  class space    used 3127K, committed 3264K, reserved 327680K
}
Event: 1.920 GC heap after
{Heap after GC invocations=4 (full 0):
 garbage-first heap   total 262144K, used 23724K [0x00000000e0000000, 0x0000000100000000)
  region size 1024K, 12 young (12288K), 12 survivors (12288K)
 Metaspace       used 21243K, committed 21504K, reserved 393216K
  class space    used 3127K, committed 3264K, reserved 327680K
}
Event: 3.531 GC heap before
{Heap before GC invocations=5 (full 0):
 garbage-first heap   total 262144K, used 178348K [0x00000000e0000000, 0x0000000100000000)
  region size 1024K, 128 young (131072K), 12 survivors (12288K)
 Metaspace       used 35656K, committed 35968K, reserved 393216K
  class space    used 4966K, committed 5120K, reserved 327680K
}
Event: 3.538 GC heap after
{Heap after GC invocations=6 (full 0):
 garbage-first heap   total 262144K, used 67426K [0x00000000e0000000, 0x0000000100000000)
  region size 1024K, 13 young (13312K), 13 survivors (13312K)
 Metaspace       used 35656K, committed 35968K, reserved 393216K
  class space    used 4966K, committed 5120K, reserved 327680K
}
Event: 9.101 GC heap before
{Heap before GC invocations=7 (full 0):
 garbage-first heap   total 262144K, used 225122K [0x00000000e0000000, 0x0000000100000000)
  region size 1024K, 125 young (128000K), 13 survivors (13312K)
 Metaspace       used 44969K, committed 45568K, reserved 393216K
  class space    used 6279K, committed 6592K, reserved 327680K
}
Event: 9.109 GC heap after
{Heap after GC invocations=8 (full 0):
 garbage-first heap   total 262144K, used 119839K [0x00000000e0000000, 0x0000000100000000)
  region size 1024K, 11 young (11264K), 11 survivors (11264K)
 Metaspace       used 44969K, committed 45568K, reserved 393216K
  class space    used 6279K, committed 6592K, reserved 327680K
}

Dll operation events (15 events):
Event: 0.004 Loaded shared library C:\Users\MurZuka\.jdks\corretto-17.0.14\bin\java.dll
Event: 0.018 Loaded shared library C:\Users\MurZuka\.jdks\corretto-17.0.14\bin\jsvml.dll
Event: 0.048 Loaded shared library C:\Users\MurZuka\.jdks\corretto-17.0.14\bin\zip.dll
Event: 0.050 Loaded shared library C:\Users\MurZuka\.jdks\corretto-17.0.14\bin\instrument.dll
Event: 0.052 Loaded shared library C:\Users\MurZuka\.jdks\corretto-17.0.14\bin\net.dll
Event: 0.053 Loaded shared library C:\Users\MurZuka\.jdks\corretto-17.0.14\bin\nio.dll
Event: 0.056 Loaded shared library C:\Users\MurZuka\.jdks\corretto-17.0.14\bin\zip.dll
Event: 0.175 Loaded shared library C:\Users\MurZuka\.jdks\corretto-17.0.14\bin\jimage.dll
Event: 0.209 Loaded shared library C:\Users\MurZuka\.jdks\corretto-17.0.14\bin\verify.dll
Event: 0.305 Loaded shared library C:\Users\MurZuka\.gradle\native\c067742578af261105cb4f569cf0c3c89f3d7b1fecec35dd04571415982c5e48\windows-amd64\native-platform.dll
Event: 0.313 Loaded shared library C:\Users\MurZuka\.gradle\native\38dada09dfb8b06ba9b0570ebf7e218e3eb74d4ef43ca46872605cf95ebc2f47\windows-amd64\native-platform-file-events.dll
Event: 0.827 Loaded shared library C:\Users\MurZuka\.jdks\corretto-17.0.14\bin\management.dll
Event: 0.829 Loaded shared library C:\Users\MurZuka\.jdks\corretto-17.0.14\bin\management_ext.dll
Event: 0.944 Loaded shared library C:\Users\MurZuka\.jdks\corretto-17.0.14\bin\extnet.dll
Event: 1.074 Loaded shared library C:\Users\MurZuka\.jdks\corretto-17.0.14\bin\sunmscapi.dll

Deoptimization events (20 events):
Event: 10.260 Thread 0x0000025ee5d5f5b0 Uncommon trap: trap_request=0xffffffde fr.pc=0x0000025ec04dedf0 relative=0x0000000000000670
Event: 10.260 Thread 0x0000025ee5d5f5b0 Uncommon trap: reason=class_check action=maybe_recompile pc=0x0000025ec04dedf0 method=java.util.regex.Matcher.search(I)Z @ 121 c2
Event: 10.260 Thread 0x0000025ee5d5f5b0 DEOPT PACKING pc=0x0000025ec04dedf0 sp=0x0000009ea55f6990
Event: 10.260 Thread 0x0000025ee5d5f5b0 DEOPT UNPACKING pc=0x0000025ebfcf69a3 sp=0x0000009ea55f68f8 mode 2
Event: 10.262 Thread 0x0000025ee5d5f5b0 Uncommon trap: trap_request=0xffffffde fr.pc=0x0000025ec04dedf0 relative=0x0000000000000670
Event: 10.262 Thread 0x0000025ee5d5f5b0 Uncommon trap: reason=class_check action=maybe_recompile pc=0x0000025ec04dedf0 method=java.util.regex.Matcher.search(I)Z @ 121 c2
Event: 10.262 Thread 0x0000025ee5d5f5b0 DEOPT PACKING pc=0x0000025ec04dedf0 sp=0x0000009ea55f6930
Event: 10.263 Thread 0x0000025ee5d5f5b0 DEOPT UNPACKING pc=0x0000025ebfcf69a3 sp=0x0000009ea55f6898 mode 2
Event: 10.263 Thread 0x0000025ee5d5f5b0 Uncommon trap: trap_request=0xffffffde fr.pc=0x0000025ec04dedf0 relative=0x0000000000000670
Event: 10.263 Thread 0x0000025ee5d5f5b0 Uncommon trap: reason=class_check action=maybe_recompile pc=0x0000025ec04dedf0 method=java.util.regex.Matcher.search(I)Z @ 121 c2
Event: 10.263 Thread 0x0000025ee5d5f5b0 DEOPT PACKING pc=0x0000025ec04dedf0 sp=0x0000009ea55f6930
Event: 10.263 Thread 0x0000025ee5d5f5b0 DEOPT UNPACKING pc=0x0000025ebfcf69a3 sp=0x0000009ea55f6898 mode 2
Event: 10.279 Thread 0x0000025ee5d5f5b0 Uncommon trap: trap_request=0xffffffbe fr.pc=0x0000025ec03919c0 relative=0x00000000000001a0
Event: 10.279 Thread 0x0000025ee5d5f5b0 Uncommon trap: reason=profile_predicate action=maybe_recompile pc=0x0000025ec03919c0 method=java.util.LinkedHashMap.keysToArray([Ljava/lang/Object;)[Ljava/lang/Object; @ 12 c2
Event: 10.279 Thread 0x0000025ee5d5f5b0 DEOPT PACKING pc=0x0000025ec03919c0 sp=0x0000009ea55f6660
Event: 10.279 Thread 0x0000025ee5d5f5b0 DEOPT UNPACKING pc=0x0000025ebfcf69a3 sp=0x0000009ea55f6618 mode 2
Event: 10.413 Thread 0x0000025ee5d5f5b0 Uncommon trap: trap_request=0xffffffbe fr.pc=0x0000025ec03919c0 relative=0x00000000000001a0
Event: 10.413 Thread 0x0000025ee5d5f5b0 Uncommon trap: reason=profile_predicate action=maybe_recompile pc=0x0000025ec03919c0 method=java.util.LinkedHashMap.keysToArray([Ljava/lang/Object;)[Ljava/lang/Object; @ 12 c2
Event: 10.413 Thread 0x0000025ee5d5f5b0 DEOPT PACKING pc=0x0000025ec03919c0 sp=0x0000009ea55f7270
Event: 10.413 Thread 0x0000025ee5d5f5b0 DEOPT UNPACKING pc=0x0000025ebfcf69a3 sp=0x0000009ea55f7228 mode 2

Classes loaded (20 events):
Event: 10.071 Loading class javax/xml/parsers/FactoryFinder
Event: 10.071 Loading class javax/xml/parsers/FactoryFinder done
Event: 10.071 Loading class javax/xml/parsers/FactoryFinder$1
Event: 10.071 Loading class javax/xml/parsers/FactoryFinder$1 done
Event: 10.072 Loading class com/sun/org/apache/xerces/internal/jaxp/DocumentBuilderFactoryImpl
Event: 10.072 Loading class com/sun/org/apache/xerces/internal/jaxp/DocumentBuilderFactoryImpl done
Event: 10.072 Loading class com/sun/org/apache/xerces/internal/utils/XMLSecurityManager
Event: 10.072 Loading class com/sun/org/apache/xerces/internal/utils/XMLSecurityManager done
Event: 10.072 Loading class com/sun/org/apache/xerces/internal/utils/XMLSecurityManager$Limit
Event: 10.072 Loading class com/sun/org/apache/xerces/internal/utils/XMLSecurityManager$Limit done
Event: 10.072 Loading class com/sun/org/apache/xerces/internal/utils/XMLSecurityManager$NameMap
Event: 10.073 Loading class com/sun/org/apache/xerces/internal/utils/XMLSecurityManager$NameMap done
Event: 10.073 Loading class com/sun/org/apache/xerces/internal/utils/XMLSecurityPropertyManager
Event: 10.073 Loading class com/sun/org/apache/xerces/internal/utils/XMLSecurityPropertyManager done
Event: 10.073 Loading class com/sun/org/apache/xerces/internal/utils/XMLSecurityPropertyManager$State
Event: 10.073 Loading class com/sun/org/apache/xerces/internal/utils/XMLSecurityPropertyManager$State done
Event: 10.073 Loading class com/sun/org/apache/xerces/internal/utils/XMLSecurityPropertyManager$Property
Event: 10.073 Loading class com/sun/org/apache/xerces/internal/utils/XMLSecurityPropertyManager$Property done
Event: 10.113 Loading class java/util/regex/Pattern$SliceI
Event: 10.113 Loading class java/util/regex/Pattern$SliceI done

Classes unloaded (0 events):
No events

Classes redefined (0 events):
No events

Internal exceptions (20 events):
Event: 8.813 Thread 0x0000025ee5d5f5b0 Exception <a 'java/lang/ClassNotFoundException'{0x00000000ea050a68}: org/jetbrains/plugins/gradle/model/web/WebConfigurationCustomizer> (0x00000000ea050a68) 
thrown [s\src\hotspot\share\classfile\systemDictionary.cpp, line 256]
Event: 8.814 Thread 0x0000025ee5d5f5b0 Exception <a 'java/lang/ClassNotFoundException'{0x00000000ea0747a0}: org/jetbrains/plugins/gradle/model/scala/ScalaModelBeanInfo> (0x00000000ea0747a0) 
thrown [s\src\hotspot\share\classfile\systemDictionary.cpp, line 256]
Event: 8.815 Thread 0x0000025ee5d5f5b0 Exception <a 'java/lang/ClassNotFoundException'{0x00000000ea07cce0}: org/jetbrains/plugins/gradle/model/scala/ScalaModelCustomizer> (0x00000000ea07cce0) 
thrown [s\src\hotspot\share\classfile\systemDictionary.cpp, line 256]
Event: 8.978 Thread 0x0000025ee5d5f5b0 Exception <a 'java/lang/ClassNotFoundException'{0x00000000e98bdd40}: org/gradle/api/internal/project/DefaultProject_DecoratedBeanInfo> (0x00000000e98bdd40) 
thrown [s\src\hotspot\share\classfile\systemDictionary.cpp, line 256]
Event: 8.978 Thread 0x0000025ee5d5f5b0 Exception <a 'java/lang/ClassNotFoundException'{0x00000000e98cac78}: org/gradle/api/internal/project/DefaultProjectBeanInfo> (0x00000000e98cac78) 
thrown [s\src\hotspot\share\classfile\systemDictionary.cpp, line 256]
Event: 8.979 Thread 0x0000025ee5d5f5b0 Exception <a 'java/lang/ClassNotFoundException'{0x00000000e98d7bd8}: org/gradle/api/internal/project/DefaultProjectCustomizer> (0x00000000e98d7bd8) 
thrown [s\src\hotspot\share\classfile\systemDictionary.cpp, line 256]
Event: 8.983 Thread 0x0000025ee5d5f5b0 Exception <a 'java/lang/ClassNotFoundException'{0x00000000e978dc58}: org/gradle/api/internal/project/DefaultProject_DecoratedCustomizer> (0x00000000e978dc58) 
thrown [s\src\hotspot\share\classfile\systemDictionary.cpp, line 256]
Event: 9.086 Thread 0x0000025ee5d5f5b0 Exception <a 'java/lang/NoSuchMethodError'{0x00000000e9156550}: 'java.lang.Object java.lang.invoke.DirectMethodHandle$Holder.invokeSpecial(java.lang.Object, java.lang.Object, java.lang.Object, java.lang.Object, java.lang.Object, java.lang.Object, java.lang.Object, java.lang.Object, java.lang.Object, java.lang.Object, java.lang.Object, java.lang.Object, java.lang.Object, java.lang.Object, java.lang.Object, java.lang.Object, java.lang.Object, java.lang.Object, java.lang.Object, java.lang.Object, java.lang.Ob
Event: 9.086 Thread 0x0000025ee5d5f5b0 Exception <a 'java/lang/NoSuchMethodError'{0x00000000e915d500}: 'java.lang.Object java.lang.invoke.DelegatingMethodHandle$Holder.reinvoke_L(java.lang.Object, java.lang.Object, java.lang.Object, java.lang.Object, java.lang.Object, java.lang.Object, java.lang.Object, java.lang.Object, java.lang.Object, java.lang.Object, java.lang.Object, java.lang.Object, java.lang.Object, java.lang.Object, java.lang.Object, java.lang.Object, java.lang.Object, java.lang.Object, java.lang.Object, java.lang.Object, java.lang.O
Event: 9.086 Thread 0x0000025ee5d5f5b0 Exception <a 'java/lang/NoSuchMethodError'{0x00000000e91699e8}: 'java.lang.Object java.lang.invoke.Invokers$Holder.invoker(java.lang.Object, java.lang.Object, java.lang.Object, java.lang.Object, java.lang.Object, java.lang.Object, java.lang.Object, java.lang.Object, java.lang.Object, java.lang.Object, java.lang.Object, java.lang.Object, java.lang.Object, java.lang.Object, java.lang.Object, java.lang.Object, java.lang.Object, java.lang.Object, java.lang.Object, java.lang.Object, java.lang.Object, java.lang.
Event: 9.086 Thread 0x0000025ee5d5f5b0 Exception <a 'java/lang/NoSuchMethodError'{0x00000000e91712b0}: 'java.lang.Object java.lang.invoke.DelegatingMethodHandle$Holder.delegate(java.lang.Object, java.lang.Object, java.lang.Object, java.lang.Object, java.lang.Object, java.lang.Object, java.lang.Object, java.lang.Object, java.lang.Object, java.lang.Object, java.lang.Object, java.lang.Object, java.lang.Object, java.lang.Object, java.lang.Object, java.lang.Object, java.lang.Object, java.lang.Object, java.lang.Object, java.lang.Object, java.lang.Obj
Event: 9.094 Thread 0x0000025ee5d5f5b0 Exception <a 'java/lang/NoSuchMethodError'{0x00000000e9069dc8}: 'java.lang.Object java.lang.invoke.DirectMethodHandle$Holder.invokeStatic(java.lang.Object, java.lang.Object, java.lang.Object, java.lang.Object, java.lang.Object, java.lang.Object, java.lang.Object, java.lang.Object, java.lang.Object, java.lang.Object, java.lang.Object, java.lang.Object, java.lang.Object, java.lang.Object, java.lang.Object, java.lang.Object, java.lang.Object, java.lang.Object, java.lang.Object, java.lang.Object, java.lang.Obj
Event: 9.158 Thread 0x0000025ee5d5f5b0 Exception <a 'java/lang/NoSuchMethodError'{0x00000000efbf5770}: 'long java.lang.invoke.DirectMethodHandle$Holder.invokeStatic(java.lang.Object, long)'> (0x00000000efbf5770) 
thrown [s\src\hotspot\share\interpreter\linkResolver.cpp, line 759]
Event: 9.223 Thread 0x0000025ee5d5f5b0 Exception <a 'java/lang/NoSuchMethodError'{0x00000000ef5cc730}: 'void java.lang.invoke.DirectMethodHandle$Holder.invokeStatic(java.lang.Object, java.lang.Object, java.lang.Object, java.lang.Object, java.lang.Object, java.lang.Object)'> (0x00000000ef5cc730) 
thrown [s\src\hotspot\share\interpreter\linkResolver.cpp, line 759]
Event: 9.555 Thread 0x0000025ee5d5f5b0 Exception <a 'java/lang/NoSuchMethodError'{0x00000000eea53058}: 'int java.lang.invoke.DirectMethodHandle$Holder.invokeSpecialIFC(java.lang.Object, java.lang.Object, java.lang.Object)'> (0x00000000eea53058) 
thrown [s\src\hotspot\share\interpreter\linkResolver.cpp, line 759]
Event: 9.657 Thread 0x0000025ee5d5f5b0 Exception <a 'java/lang/NoSuchMethodError'{0x00000000ee7f6b98}: 'java.lang.Object java.lang.invoke.DirectMethodHandle$Holder.newInvokeSpecial(java.lang.Object, java.lang.Object, java.lang.Object, java.lang.Object, java.lang.Object, int)'> (0x00000000ee7f6b98) 
thrown [s\src\hotspot\share\interpreter\linkResolver.cpp, line 759]
Event: 9.657 Thread 0x0000025ee5d5f5b0 Exception <a 'java/lang/NoSuchMethodError'{0x00000000ee7fc298}: 'java.lang.Object java.lang.invoke.DirectMethodHandle$Holder.invokeSpecial(java.lang.Object, java.lang.Object, java.lang.Object, java.lang.Object, java.lang.Object, java.lang.Object, int)'> (0x00000000ee7fc298) 
thrown [s\src\hotspot\share\interpreter\linkResolver.cpp, line 759]
Event: 9.657 Thread 0x0000025ee5d5f5b0 Exception <a 'java/lang/NoSuchMethodError'{0x00000000ee6012b8}: 'java.lang.Object java.lang.invoke.Invokers$Holder.linkToTargetMethod(java.lang.Object, java.lang.Object, java.lang.Object, java.lang.Object, int, java.lang.Object)'> (0x00000000ee6012b8) 
thrown [s\src\hotspot\share\interpreter\linkResolver.cpp, line 759]
Event: 9.660 Thread 0x0000025ee5d5f5b0 Exception <a 'java/lang/NoSuchMethodError'{0x00000000ee633d18}: 'java.lang.Object java.lang.invoke.DirectMethodHandle$Holder.invokeSpecial(java.lang.Object, java.lang.Object, java.lang.Object, java.lang.Object, java.lang.Object, long)'> (0x00000000ee633d18) 
thrown [s\src\hotspot\share\interpreter\linkResolver.cpp, line 759]
Event: 9.661 Thread 0x0000025ee5d5f5b0 Exception <a 'java/lang/NoSuchMethodError'{0x00000000ee663348}: 'void java.lang.invoke.DirectMethodHandle$Holder.invokeStatic(java.lang.Object, java.lang.Object, java.lang.Object, int, java.lang.Object)'> (0x00000000ee663348) 
thrown [s\src\hotspot\share\interpreter\linkResolver.cpp, line 759]

VM Operations (20 events):
Event: 7.356 Executing VM operation: Cleanup
Event: 7.356 Executing VM operation: Cleanup done
Event: 8.886 Executing VM operation: HandshakeAllThreads
Event: 8.886 Executing VM operation: HandshakeAllThreads done
Event: 8.886 Executing VM operation: Cleanup
Event: 8.886 Executing VM operation: Cleanup done
Event: 9.082 Executing VM operation: HandshakeAllThreads
Event: 9.082 Executing VM operation: HandshakeAllThreads done
Event: 9.101 Executing VM operation: G1CollectForAllocation
Event: 9.110 Executing VM operation: G1CollectForAllocation done
Event: 9.566 Executing VM operation: HandshakeAllThreads
Event: 9.566 Executing VM operation: HandshakeAllThreads done
Event: 9.576 Executing VM operation: HandshakeAllThreads
Event: 9.576 Executing VM operation: HandshakeAllThreads done
Event: 9.629 Executing VM operation: ICBufferFull
Event: 9.629 Executing VM operation: ICBufferFull done
Event: 9.904 Executing VM operation: ICBufferFull
Event: 9.905 Executing VM operation: ICBufferFull done
Event: 10.256 Executing VM operation: ICBufferFull
Event: 10.256 Executing VM operation: ICBufferFull done

Memory protections (0 events):
No events

Nmethod flushes (20 events):
Event: 6.359 Thread 0x0000025ecbc6db80 flushing  nmethod 0x0000025eb8eb7c10
Event: 6.359 Thread 0x0000025ecbc6db80 flushing  nmethod 0x0000025eb8eb8290
Event: 6.359 Thread 0x0000025ecbc6db80 flushing  nmethod 0x0000025eb8ecb410
Event: 6.359 Thread 0x0000025ecbc6db80 flushing  nmethod 0x0000025eb8eda710
Event: 6.359 Thread 0x0000025ecbc6db80 flushing  nmethod 0x0000025eb8eddb10
Event: 6.359 Thread 0x0000025ecbc6db80 flushing  nmethod 0x0000025eb8ee3590
Event: 6.359 Thread 0x0000025ecbc6db80 flushing  nmethod 0x0000025eb8ee4110
Event: 6.359 Thread 0x0000025ecbc6db80 flushing  nmethod 0x0000025eb8ee4910
Event: 6.359 Thread 0x0000025ecbc6db80 flushing  nmethod 0x0000025eb8ee5390
Event: 6.359 Thread 0x0000025ecbc6db80 flushing  nmethod 0x0000025eb8ee6890
Event: 6.359 Thread 0x0000025ecbc6db80 flushing  nmethod 0x0000025eb8ee8110
Event: 6.359 Thread 0x0000025ecbc6db80 flushing  nmethod 0x0000025eb8eedb10
Event: 6.359 Thread 0x0000025ecbc6db80 flushing  nmethod 0x0000025eb8eef310
Event: 6.359 Thread 0x0000025ecbc6db80 flushing  nmethod 0x0000025eb8ef1e10
Event: 6.359 Thread 0x0000025ecbc6db80 flushing  nmethod 0x0000025eb8f06290
Event: 6.359 Thread 0x0000025ecbc6db80 flushing  nmethod 0x0000025eb8f28b10
Event: 6.359 Thread 0x0000025ecbc6db80 flushing  nmethod 0x0000025eb8f30110
Event: 6.359 Thread 0x0000025ecbc6db80 flushing  nmethod 0x0000025eb8f40b90
Event: 6.359 Thread 0x0000025ecbc6db80 flushing  nmethod 0x0000025eb8fcbd10
Event: 6.359 Thread 0x0000025ecbc6db80 flushing  nmethod 0x0000025eb9067e90

Events (20 events):
Event: 9.881 Thread 0x0000025ee5d5f5b0 Thread added: 0x0000025ee7755f50
Event: 9.881 Thread 0x0000025ee5d5f5b0 Thread added: 0x0000025ee7754600
Event: 9.882 Thread 0x0000025ee5d5f5b0 Thread added: 0x0000025ee7755a40
Event: 9.882 Thread 0x0000025ee5d5f5b0 Thread added: 0x0000025ee7754b10
Event: 9.882 Thread 0x0000025ee5d5f5b0 Thread added: 0x0000025ee8a53700
Event: 9.882 Thread 0x0000025ee5d5f5b0 Thread added: 0x0000025ee8a53c10
Event: 9.882 Thread 0x0000025ee5d5f5b0 Thread added: 0x0000025ee8a52ce0
Event: 9.907 Thread 0x0000025ee5d5f5b0 Thread added: 0x0000025ee8a531f0
Event: 9.908 Thread 0x0000025ee5d5f5b0 Thread added: 0x0000025ee8a54120
Event: 9.910 Thread 0x0000025ee5d5f5b0 Thread added: 0x0000025ee8a55c20
Event: 9.911 Thread 0x0000025ee5d5f5b0 Thread added: 0x0000025ee8a56130
Event: 9.913 Thread 0x0000025ee5d5f5b0 Thread added: 0x0000025ee8a55200
Event: 9.915 Thread 0x0000025ee5d5f5b0 Thread added: 0x0000025ee8a55710
Event: 9.918 Thread 0x0000025ee5d5f5b0 Thread added: 0x0000025ee8a547e0
Event: 9.919 Thread 0x0000025ee5d5f5b0 Thread added: 0x0000025ee8a54cf0
Event: 9.920 Thread 0x0000025ee5d5f5b0 Thread added: 0x0000025ee775dde0
Event: 9.920 Thread 0x0000025ee5d5f5b0 Thread added: 0x0000025ee775d3c0
Event: 9.921 Thread 0x0000025ee5d5f5b0 Thread added: 0x0000025ee775ed10
Event: 10.099 Thread 0x0000025ecbc6ca90 Thread added: 0x0000025ee57c2b30
Event: 10.134 Thread 0x0000025ee5d5f5b0 Thread added: 0x0000025ee7755020


Dynamic libraries:
0x00007ff6d3450000 - 0x00007ff6d345e000 	C:\Users\MurZuka\.jdks\corretto-17.0.14\bin\java.exe
0x00007ffff6710000 - 0x00007ffff68fe000 	C:\Windows\SYSTEM32\ntdll.dll
0x00007ffff3930000 - 0x00007ffff39e3000 	C:\Windows\System32\KERNEL32.DLL
0x00007ffff34e0000 - 0x00007ffff377e000 	C:\Windows\System32\KERNELBASE.dll
0x00007ffff2870000 - 0x00007ffff296a000 	C:\Windows\System32\ucrtbase.dll
0x00007fffe5160000 - 0x00007fffe5177000 	C:\Users\MurZuka\.jdks\corretto-17.0.14\bin\jli.dll
0x00007fffe4680000 - 0x00007fffe469b000 	C:\Users\MurZuka\.jdks\corretto-17.0.14\bin\VCRUNTIME140.dll
0x00007ffff6010000 - 0x00007ffff61a7000 	C:\Windows\System32\USER32.dll
0x00007ffff34c0000 - 0x00007ffff34e0000 	C:\Windows\System32\win32u.dll
0x00007ffff6370000 - 0x00007ffff6399000 	C:\Windows\System32\GDI32.dll
0x00007fffe5520000 - 0x00007fffe5799000 	C:\Windows\WinSxS\amd64_microsoft.windows.common-controls_6595b64144ccf1df_6.0.17763.7009_none_de6d20d6534f1306\COMCTL32.dll
0x00007ffff3780000 - 0x00007ffff392c000 	C:\Windows\System32\gdi32full.dll
0x00007ffff27d0000 - 0x00007ffff2870000 	C:\Windows\System32\msvcp_win.dll
0x00007ffff5de0000 - 0x00007ffff5e7e000 	C:\Windows\System32\msvcrt.dll
0x00007ffff3d60000 - 0x00007ffff408b000 	C:\Windows\System32\combase.dll
0x00007ffff65c0000 - 0x00007ffff66d8000 	C:\Windows\System32\RPCRT4.dll
0x00007ffff2970000 - 0x00007ffff29f2000 	C:\Windows\System32\bcryptPrimitives.dll
0x00007ffff5f30000 - 0x00007ffff5f5e000 	C:\Windows\System32\IMM32.DLL
0x00007fffe9820000 - 0x00007fffe982c000 	C:\Users\MurZuka\.jdks\corretto-17.0.14\bin\vcruntime140_1.dll
0x00007fffdf270000 - 0x00007fffdf2fd000 	C:\Users\MurZuka\.jdks\corretto-17.0.14\bin\msvcp140.dll
0x00007fffc4880000 - 0x00007fffc54ec000 	C:\Users\MurZuka\.jdks\corretto-17.0.14\bin\server\jvm.dll
0x00007ffff5e80000 - 0x00007ffff5f28000 	C:\Windows\System32\ADVAPI32.dll
0x00007ffff5f60000 - 0x00007ffff6002000 	C:\Windows\System32\sechost.dll
0x00007ffff3200000 - 0x00007ffff3226000 	C:\Windows\System32\bcrypt.dll
0x00007ffff26a0000 - 0x00007ffff26fd000 	C:\Windows\System32\POWRPROF.dll
0x00007ffff3cf0000 - 0x00007ffff3d5d000 	C:\Windows\System32\WS2_32.dll
0x00007fffeb090000 - 0x00007fffeb09a000 	C:\Windows\SYSTEM32\VERSION.dll
0x00007fffefe80000 - 0x00007fffefea4000 	C:\Windows\SYSTEM32\WINMM.dll
0x00007fffefcc0000 - 0x00007fffefced000 	C:\Windows\SYSTEM32\winmmbase.dll
0x00007ffff3470000 - 0x00007ffff34ba000 	C:\Windows\System32\cfgmgr32.dll
0x00007ffff2750000 - 0x00007ffff2761000 	C:\Windows\System32\kernel.appcore.dll
0x00007fffe9730000 - 0x00007fffe973a000 	C:\Users\MurZuka\.jdks\corretto-17.0.14\bin\jimage.dll
0x00007ffff0e10000 - 0x00007ffff0ffd000 	C:\Windows\SYSTEM32\DBGHELP.DLL
0x00007fffdf930000 - 0x00007fffdf95a000 	C:\Windows\SYSTEM32\dbgcore.DLL
0x00007fffe5440000 - 0x00007fffe544e000 	C:\Users\MurZuka\.jdks\corretto-17.0.14\bin\instrument.dll
0x00007fffdf580000 - 0x00007fffdf5a5000 	C:\Users\MurZuka\.jdks\corretto-17.0.14\bin\java.dll
0x00007fffdc1e0000 - 0x00007fffdc2b7000 	C:\Users\MurZuka\.jdks\corretto-17.0.14\bin\jsvml.dll
0x00007ffff42c0000 - 0x00007ffff57b8000 	C:\Windows\System32\SHELL32.dll
0x00007ffff63a0000 - 0x00007ffff6447000 	C:\Windows\System32\shcore.dll
0x00007ffff2ab0000 - 0x00007ffff31f8000 	C:\Windows\System32\windows.storage.dll
0x00007ffff2720000 - 0x00007ffff2743000 	C:\Windows\System32\profapi.dll
0x00007ffff4260000 - 0x00007ffff42b2000 	C:\Windows\System32\shlwapi.dll
0x00007ffff3450000 - 0x00007ffff346b000 	C:\Windows\System32\cryptsp.dll
0x00007fffe45e0000 - 0x00007fffe45f8000 	C:\Users\MurZuka\.jdks\corretto-17.0.14\bin\zip.dll
0x00007fffdf560000 - 0x00007fffdf579000 	C:\Users\MurZuka\.jdks\corretto-17.0.14\bin\net.dll
0x00007fffe8e60000 - 0x00007fffe8f5d000 	C:\Windows\SYSTEM32\WINHTTP.dll
0x00007ffff1e90000 - 0x00007ffff1ef7000 	C:\Windows\system32\mswsock.dll
0x00007fffdf250000 - 0x00007fffdf266000 	C:\Users\MurZuka\.jdks\corretto-17.0.14\bin\nio.dll
0x00007fffe5320000 - 0x00007fffe5330000 	C:\Users\MurZuka\.jdks\corretto-17.0.14\bin\verify.dll
0x00007fffe27f0000 - 0x00007fffe2817000 	C:\Users\MurZuka\.gradle\native\c067742578af261105cb4f569cf0c3c89f3d7b1fecec35dd04571415982c5e48\windows-amd64\native-platform.dll
0x00007fffcc370000 - 0x00007fffcc4b4000 	C:\Users\MurZuka\.gradle\native\38dada09dfb8b06ba9b0570ebf7e218e3eb74d4ef43ca46872605cf95ebc2f47\windows-amd64\native-platform-file-events.dll
0x00007fffe5240000 - 0x00007fffe5249000 	C:\Users\MurZuka\.jdks\corretto-17.0.14\bin\management.dll
0x00007fffe47f0000 - 0x00007fffe47fb000 	C:\Users\MurZuka\.jdks\corretto-17.0.14\bin\management_ext.dll
0x00007ffff6230000 - 0x00007ffff6238000 	C:\Windows\System32\PSAPI.DLL
0x00007ffff19b0000 - 0x00007ffff19e3000 	C:\Windows\system32\rsaenh.dll
0x00007ffff25a0000 - 0x00007ffff25c9000 	C:\Windows\SYSTEM32\USERENV.dll
0x00007ffff2060000 - 0x00007ffff206c000 	C:\Windows\SYSTEM32\CRYPTBASE.dll
0x00007ffff1b80000 - 0x00007ffff1bbd000 	C:\Windows\SYSTEM32\IPHLPAPI.DLL
0x00007ffff4250000 - 0x00007ffff4258000 	C:\Windows\System32\NSI.dll
0x00007fffebf50000 - 0x00007fffebf66000 	C:\Windows\SYSTEM32\dhcpcsvc6.DLL
0x00007fffecd00000 - 0x00007fffecd1c000 	C:\Windows\SYSTEM32\dhcpcsvc.DLL
0x00007ffff1bc0000 - 0x00007ffff1c86000 	C:\Windows\SYSTEM32\DNSAPI.dll
0x00007fffe0640000 - 0x00007fffe0649000 	C:\Users\MurZuka\.jdks\corretto-17.0.14\bin\extnet.dll
0x00007fffdfc60000 - 0x00007fffdfc6e000 	C:\Users\MurZuka\.jdks\corretto-17.0.14\bin\sunmscapi.dll
0x00007ffff3230000 - 0x00007ffff3441000 	C:\Windows\System32\CRYPT32.dll
0x00007ffff2700000 - 0x00007ffff2712000 	C:\Windows\System32\MSASN1.dll
0x00007ffff2160000 - 0x00007ffff218c000 	C:\Windows\SYSTEM32\ncrypt.dll
0x00007ffff2120000 - 0x00007ffff215c000 	C:\Windows\SYSTEM32\NTASN1.dll
0x00007fffdfa40000 - 0x00007fffdfa47000 	C:\Windows\system32\wshunix.dll

dbghelp: loaded successfully - version: 4.0.5 - missing functions: none
symbol engine: initialized successfully - sym options: 0x614 - pdb path: .;C:\Users\MurZuka\.jdks\corretto-17.0.14\bin;C:\Windows\SYSTEM32;C:\Windows\WinSxS\amd64_microsoft.windows.common-controls_6595b64144ccf1df_6.0.17763.7009_none_de6d20d6534f1306;C:\Users\MurZuka\.jdks\corretto-17.0.14\bin\server;C:\Users\MurZuka\.gradle\native\c067742578af261105cb4f569cf0c3c89f3d7b1fecec35dd04571415982c5e48\windows-amd64;C:\Users\MurZuka\.gradle\native\38dada09dfb8b06ba9b0570ebf7e218e3eb74d4ef43ca46872605cf95ebc2f47\windows-amd64

VM Arguments:
jvm_args: --add-opens=java.base/java.util=ALL-UNNAMED --add-opens=java.base/java.lang=ALL-UNNAMED --add-opens=java.base/java.lang.invoke=ALL-UNNAMED --add-opens=java.prefs/java.util.prefs=ALL-UNNAMED --add-opens=java.base/java.nio.charset=ALL-UNNAMED --add-opens=java.base/java.net=ALL-UNNAMED --add-opens=java.base/java.util.concurrent.atomic=ALL-UNNAMED -XX:MaxMetaspaceSize=384m -XX:+HeapDumpOnOutOfMemoryError -Xms256m -Xmx512m -Dfile.encoding=windows-1251 -Duser.country=RU -Duser.language=ru -Duser.variant -javaagent:C:\Users\MurZuka\.gradle\wrapper\dists\gradle-8.7-bin\bhs2wmbdwecv87pi65oeuq5iu\gradle-8.7\lib\agents\gradle-instrumentation-agent-8.7.jar 
java_command: org.gradle.launcher.daemon.bootstrap.GradleDaemon 8.7
java_class_path (initial): C:\Users\MurZuka\.gradle\wrapper\dists\gradle-8.7-bin\bhs2wmbdwecv87pi65oeuq5iu\gradle-8.7\lib\gradle-launcher-8.7.jar
Launcher Type: SUN_STANDARD

[Global flags]
     intx CICompilerCount                          = 4                                         {product} {ergonomic}
   size_t CompressedClassSpaceSize                 = 335544320                                 {product} {ergonomic}
     uint ConcGCThreads                            = 3                                         {product} {ergonomic}
     uint G1ConcRefinementThreads                  = 10                                        {product} {ergonomic}
   size_t G1HeapRegionSize                         = 1048576                                   {product} {ergonomic}
    uintx GCDrainStackTargetSize                   = 64                                        {product} {ergonomic}
     bool HeapDumpOnOutOfMemoryError               = true                                   {manageable} {command line}
   size_t InitialHeapSize                          = 268435456                                 {product} {command line}
   size_t MarkStackSize                            = 4194304                                   {product} {ergonomic}
   size_t MaxHeapSize                              = 536870912                                 {product} {command line}
   size_t MaxMetaspaceSize                         = 402653184                                 {product} {command line}
   size_t MaxNewSize                               = 321912832                                 {product} {ergonomic}
   size_t MinHeapDeltaBytes                        = 1048576                                   {product} {ergonomic}
   size_t MinHeapSize                              = 268435456                                 {product} {command line}
    uintx NonNMethodCodeHeapSize                   = 5839372                                {pd product} {ergonomic}
    uintx NonProfiledCodeHeapSize                  = 122909434                              {pd product} {ergonomic}
    uintx ProfiledCodeHeapSize                     = 122909434                              {pd product} {ergonomic}
    uintx ReservedCodeCacheSize                    = 251658240                              {pd product} {ergonomic}
     bool SegmentedCodeCache                       = true                                      {product} {ergonomic}
   size_t SoftMaxHeapSize                          = 536870912                              {manageable} {ergonomic}
     bool UseCompressedClassPointers               = true                           {product lp64_product} {ergonomic}
     bool UseCompressedOops                        = true                           {product lp64_product} {ergonomic}
     bool UseG1GC                                  = true                                      {product} {ergonomic}
     bool UseLargePagesIndividualAllocation        = false                                  {pd product} {ergonomic}

Logging:
Log output configuration:
 #0: stdout all=warning uptime,level,tags
 #1: stderr all=off uptime,level,tags

Environment Variables:
JAVA_HOME=f:\mydocu\java\jdk21\
PATH=C:\Python313\Scripts\;C:\Python313\;C:\Program Files\Common Files\Oracle\Java\javapath;C:\Program Files (x86)\Common Files\Oracle\Java\javapath;C:\Windows\system32;C:\Windows;C:\Windows\System32\Wbem;C:\Windows\System32\WindowsPowerShell\v1.0\;C:\Windows\System32\OpenSSH\;C:\Program Files (x86)\Intel\OpenCL SDK\2.0\bin\x86;C:\Program Files (x86)\Intel\OpenCL SDK\2.0\bin\x64;C:\Program Files (x86)\Common Files\Acronis\VirtualFile\;C:\Program Files (x86)\Common Files\Acronis\VirtualFile64\;C:\Program Files (x86)\Common Files\Acronis\FileProtector\;C:\Program Files (x86)\Common Files\Acronis\FileProtector64\;C:\Program Files (x86)\Common Files\Acronis\SnapAPI\;C:\Program Files\nodejs\;C:\ProgramData\chocolatey\bin;C:\Program Files\Git\cmd;C:\Users\MurZuka\AppData\Local\Microsoft\WindowsApps;f:\mydocu\java\gradle-8.13\bin\;f:\mydocu\java\jdk21\bin\;C:\Users\MurZuka\AppData\Roaming\npm
USERNAME=MurZuka
OS=Windows_NT
PROCESSOR_IDENTIFIER=Intel64 Family 6 Model 151 Stepping 5, GenuineIntel
TMP=C:\Users\MurZuka\AppData\Local\Temp
TEMP=C:\Users\MurZuka\AppData\Local\Temp



Periodic native trim disabled


---------------  S Y S T E M  ---------------

OS:
 Windows 10 , 64 bit Build 17763 (10.0.17763.7009)
OS uptime: 0 days 9:52 hours

CPU: total 12 (initial active 12) (6 cores per cpu, 2 threads per core) family 6 model 151 stepping 5 microcode 0x1f, cx8, cmov, fxsr, ht, mmx, 3dnowpref, sse, sse2, sse3, ssse3, sse4.1, sse4.2, popcnt, lzcnt, tsc, tscinvbit, avx, avx2, aes, erms, clmul, bmi1, bmi2, adx, sha, fma, vzeroupper, clflush, clflushopt, clwb
Processor Information for all 12 processors :
  Max Mhz: 2496, Current Mhz: 2496, Mhz Limit: 2496

Memory: 4k page, system-wide physical 16194M (4628M free)
TotalPageFile size 18242M (AvailPageFile size 43M)
current process WorkingSet (physical memory assigned to process): 418M, peak: 423M
current process commit charge ("private bytes"): 483M, peak: 494M

vm_info: OpenJDK 64-Bit Server VM (17.0.14+7-LTS) for windows-amd64 JRE (17.0.14+7-LTS), built on Jan  7 2025 20:14:24 by "Administrator" with MS VC++ 16.10 / 16.11 (VS2019)

END.
